4321133400401132444212042303303412311421434112123224302132443320443242431301030314311124023241044431
2423441303414214341202144321234300030324124321410114111214044203104023204120110010013444342434201140
0010314001231042130211043203144313424340331012240004140342133014414141440400422232002414401210430030
2200401403240021312414143130213212103204211111100322214201400140314010410103222112223212213030332020
0432411124043303001304223304320124024301312043344141011020101331314000321221242030003301340224104422
3030203312124303102442421241032203044133310213034321023321300221430434013310000432422140143431411031
4003431140043204200143141422404032004021343133040404444213120201024220402033114201413020334004021323
2433312342201324021400033020120423123012323022134224223432301342044024023221033144302104112213432201
4100444200030434121311423324312124023342330423413342100111401402022003442431113210440222024320121111
2024133031213143200403020341323324420332303010233234012303124413414334020424144110424133103220011001
1401101013332110302311104443333010140042022203414133434100214320112321332040333420002122311210324301
0101031320242340112301412200042213322223302142424230221020420232043124330140000223403143042340020201
2324310203143314432131143022303421023200422420003030203133021112402214311414401342140041413014440204
3301112320242413224104402341134013023232321303104113144421430210014344002322202422222423134030401130
0300030400032341030240402420302120001342230223144143134013241312130423334144020000434002001303432043
1020424021114444400023440224322301200310432442113333000304240044112214323112243344411331401012424101
0314341222213144340021134100111440403413314002310143341143134132024142100434121104430220404040001431
1220413332234414312334412012344234110303131344410303300420202441313322301433123230220411121302224224
4002222413122404414312311034040412321031111220312232224111043343431243001443301130442341130331110213
4231314422201103214403132412230331032201123010031131323031100340121143111114300014311124101431104343
2413212241121302033104141130413214340324034023104304244433002404311400203031434044101422414103132022
1334323230142431400000011033302243400032314000202424200230204211400241323224343043403223141200414420
3032421144301413100314214211332322320020404230410232020132204104142300001440120000241443432230002422
0324134314421221122242130340230204420310024422243404022042244124403043200423233232342311043442334204
0102340221000210322024043234220224021333131141330244321442123021004323142140322420321121103124011403
3412110400304100334133142342004210340103200213112220141144403323342323044100304444200021431034030213
1404200041201442330100230004143404414101000112413241341243114412044411223000341113212022141301240311
2422402011131144401334420240021024034000010340431133421303444444423232231102031422014330320230431240
2324214431212444432242124410203220223324043142202411433302344231010401404132402404221033300333442043
4333243212324143004032234300121112233002302141011040130323133021122112104123140403240312121040011340
3342210103042321421130310130401020412414122233303200130112243414403344302403411411130312041314220113
3311123100104012442214331344410230010333142204303410000412013431230130404232044130442003141220300024
3130204332114103313410143122330312334420322334212010113224404442014000312113103444423031344103033132
1302304100021013424102311442343241220334321302202204342442211100434101422020204413422224234041420031
3040443140314310413313300233413302342002101200204221344312221034411102114213400121322430243401440402
1130241233431224330243101421301443032421044331141324011132244413120032324242133422100413302204042422
3121221414110302100112011144442111141100442230231024204113033014003332030240122421442032420231231132
0323203012014212420413040424223322131232121043113104322102024142224113334012323212324300113303242110
0114042310103342321244310201000440340202102243320131243114300322234200132311140401144334421321011301
4244434401124142323211344033201043213113420221112010231434430140003212232120131310232212131044400142
3144033243420224112220123210402133214114043243243303430404400032133331433212133230043113124213041102
1104011203142440340224234240041420423331443432434334404202341132434223433321201020421000110230244132
3424043203044134134343123201340313431234411420102234441043420322020332024333022202212003401143224102
0343142341012133434413021323311244232130321011431141321220304124442133240433211003143121400120144342
2134410342024043440004202240302431002013221202133422424141342140324342343400130140033224122311034031
3030443100124004442020440101234201441014200414201043411422122003022243032020111330133440202011114312
3240400122211202214244332141112044423012424311011433044130222244223243122024023202142012402244044100
1200431011341321010444332130232414300443144220043241040324203423214231132231000423241434223103122230
2011010441002312424404120001314222011404031340321310243232212210332443442222430041202444323230204023
2103403040230301324020241133343141414441243023010143342010404332241443344110132322122030424342441103
0214042401341412433042313040041310141234421414111421404423133012143224410341243131301002223024433022
2434433413224323444344103302213304301042040340232010102113203213410042120214134423101321200224341043
2303440112130340032233220311014140214321020300111432002102010423232224033411333231444022102344143013
2241011203332114101002132141014421312012404032134404020422014340214413120213424210012304310113320230
2133112400122204223030113021320011224421143041133201233312322030004011014034122024424413010220423440
2243130131414210040130404320200110422143040022001102243022220404434232110123232140023400213420412034
4303014324230202122212412022323240304242003130112223230404311421420001441033212310323133144320423243
3430122213101132033133331420121121242344441243344244232142000043232324121212224012001433444134042440
0142331430400021413111340302131404141324100211244334103440003013010301402304101212432201442043032001
4432014000404312404000204414212404111011022204002013341240242010242210030110420241133330213432243334
3021423423101012030022044011140404032101140201421112033434300042422212401103311212124400411323214424
0021243202110043011143004221041440412433333140133403101233013422022301220042020041402224233414110302
1441104324304013114041311134302022434112341412201220122310002013214412301144021302020123142231320111
0321021214042422031011413401414412433422334420040314232013421230110331312333304110123321332042302302
3320321312314203044342030113313414303101104001334233004420143223434433432424221213114231411041204212
3120030242304404204014423002134224103202144341221210412111414130110343021110010330314202123133113042
4400004223023413233432433102323031333024133021134414112404240110302143231001423121442202403433304143
2311332004040421040010001314124413224310214030234201012310130410033243133114144314230340104413433143
0331302211433331214121411030123321110244413122410403232420440002042003131231341230112442021034310312
0134341311110002040302222344231233044111201231101024414414330213433100441444101203030330342441441420
4431003021111412144022133221004143322422304114321144104202324144020440001422230421434312131312344204
2023403324414232401220131422201131231104330001340234344223202410040201423014032233104141013011314313
0414124100444131303303444402323434344322204440320340203143400414333342201113423242301013304204322442
0001444000111024331243011222111214040431230321201424402411403200344120012120004202012231414414002001
4221310202231344422423312420431011132422222102240400334111234233244400243244111132321421134134220324
2341441010141324203413232120211213404102144132311134341204242342104130043010240303222201314033120301
3333014011314202340101110131143230432424224300320111124212422420334214420234322442132320134243322301
2241422120231124422142442212204440103234044212432434023302343424320003031412414302434314210014004334
4324020231402214021124422344323313242410430413232302020011220100034104441234312243204202022104201101
0423333222122211023130341233410330401430140140131441340042003131102221304331310412432023303033420144
1200034131312011311124200321002034104203403030423113133040044131410232322120220042424221313424013032
2104114421000303401134331331204232301010314233414142322200012402432044303230342233212142044043233332
1441103414403210442211442004340240421024243442210231314231141330123304311324212422312120341022240032
0202222202400301301312043221220110414231422430034032120013332133124343132011100214011102214043102223
3141234101213202002041141440140331401241040001041131301002122433113003202144422033412403131011013213
4112403010440102301114212243424130443123322441443023123100204440312430243244443412223413313042430404
2024030130432041000014012134342402223133433421221130314030112240212231442341342212213432002022414431
3322420332224000320332214424231230203014030131441412130230444321312011114144204411213320014024022304
2000000343344024230312014440404340213424214000333433320230421241111232320201430202432132110201230113
4203114403142414044422233224334022413112341031430312110313020133341312144323231123230014301213213400
4001221103234201123311410431032330011244130201000444332134012141013221021140201303001230311320002200
4102443442414011233100132304332104322203134002044040234404142421322202304314321041240021242002342114
0334314444304122001132201244030403304201403433434311044133441413000141141134110133334101044121304320
1202412423242414201003433141314030420421224243403023222202133200112344204302022410112104343332211100
2043212210433303431002043403232302341204304400111431040044021210143214334211042013112301413033333340
2212323233223303133400244430042044200431421330301221424313441230213213144010004141332001132141304020
4303322001433344141432130113224331020242000014024112334002032333114102131342302420220211420400423233
1103412131123004330032321322313242132411420102013231300212113010243301404440413303443310341334140300
1003004344331041443331431031104000044031034110130104113031401434040411104014111340401030100131030114
1331330430010111001443004010400033441333333333333333333333333333333333333333333333333333333333333333

2243334444441111411111114111444111441133333413111111111134433321113344441111111111111333444332311112
2111114411111111411111114311134114444444114411441111111111113111111111441111111111111111411111411112
2111444411111111111111113311111111114444411111441111111111114111111111111111111112222111411111411122
2111441411111131111111111344411111114444411111444111111211111111141111111111144112222111111111442222
2244441441113331111111111411111111444144411133441111111211111121144111411111144442222444114441122222
4444441141113341111111111211144412444111141113444411111221111111144444441111111444441444114441111142
4443341421111141111111111211144421114111221113444411144221211111144444441111111444441114414111111111
1113344422221141111111143321144421114111334442444441114111211111144224444441111114441114411111111111
1111114422221141111111143321111111113111334111233441111111111111444222444441111114441111111111111111
1111111111111111111111143344331111113334222111111431111111111111111344444444333114441111111111111111
1111111111111111112211144444444211112222221111441332111114441111111344334444333114441111111111222211
1111111111113111111111144442444211222222221114441332221114441124444111111114441144441111111111442211
1111111221113111111111142444444411222222441111114432221224441124441411111114441144444441144111441111
4311114441113111121114442244141111211124441121114411144411211114441413111114441141114441111111441144
3211144411121211121114442244441111121122224441114431144411411111111413333142222444424411111111411111
1111444411111111444444441114411111121142224444111133444111111111111111113144222444411111111111441111
1111444211111111444222441111411411124443324444411133444111111111111111111131444444414411111111441111
1111411131111111444001111111444441114443331444411133444111444111111111111133311144444444444444111111
1122211331111111411111311111444441112221133111411311244411444444111441111133311111444441111131111411
4422211411111114411114411111444443444221144111111411444411444244111141111113344411111111111111111424
1133111411111114441114411111441334444221144111114444444442222211111411111123344444441111111114441441
1133342411111124441111411114441224444224444221111444241112222211112411111141144444441122111114441441
4131114114411114422111411113332224222224444404111444221112221111112411111141112444241111444324441444
4111112211111111122111411142222224422224441114111444221111111111114444211113332222211111444322211444
4111114441111111321111113442222111411111111112444444411141111111444444221113332222211111444444411444
1111114441144111331111113441112111111111111111332444411141111111444431111113331111111112111111144443
1111114444144413331111112441111111111111111114441441111131111111444211111112231111111333111111111144
1144422244111114442241112111111144111111111114441111133331111111111411111122234444111333111111111444
3334422211211114442241112111111111433244111114111144333330114411111111111112244444411331111134111444
3333111111441114411141114111111111444444444111111141111110114111111111111114111444411131111111111444
3331111111111111111111331111111111444441111111111111111111111111111111111111111441122211111111111111
3311111121111111111111331114111114444441113344111111111111111111111114441111111111122211111111421111
3322211121111111111111111144111311111444411344111111111111111111111111141111114414422244411111131113
3444441421111111111111311133333311444441111344111111111114111112111111111111114414222242441111144441
3444441444331111111111111113333322444211111111111111111112111111111111144111444411224111444411144441
1444441144111111111111111111111122444211111311111111111133344111111113344111441111444111444411144441
1111111111111111111111111144422111114211111111111144111122222411114113344111112111444111112211144441
1111111111111111111111111211122444111111111144311144422122222412223113344111112111443331112211111111
1114444111111111411111111212211144111111111144111111111124221112223111344111112111113331113311111111
1114444111111111111111111114411144111111122224111111144444431111113111333111111111111111111111111111
2144411441111111112111144114411144111114222224443334444444411111113111333311111222441111111111444112
2444411444444441144421113114441111441311444124443334411444411111113333333311111222441111111111444112
2444411311111114144441111411111111441111111111443333111444411144444433444443111222441111111111111112
1144411311111444444444421111111111142111211111111111111444441114444333444443111444111111111111111111
1114441111111444444444441111111111111111211111111111111111111114444333444222111444111111112211111111
1444441111112444111444441111144411111111211111111144111111111114422423444222111444113111112211111111
1444441111112211111444441111144111111111144411111111444111112444422333322222114441111114442211111111
1444141111122211111444111111111111111111144444111111444222111444422333322211144441111114442211112221
1111111111122211111442111113334111111111111444332111444111111411211133341111144441111144441441111111
1111111411111111144444111114331111111111111444111114444111111311111123111114443311111144444444411112
1114444411111114444444111114111111111111144111111111114111113311111441111111113331111111144444411114
4444444411111144444444133411111114411111122111111111114411111311111441111341333311111111112221111111
4441111111341111111100131111111114411111144444114141112122111444111441112341344111111111111111111111
1111111441321111111131111111111111111111144444114411122111111444111411111441344144441111111114444444
1111111111111111111131114411111114441111444444111111122111111444144421111112341144441111111114444444
1113111111111111114331114411121114441111444444111111134441111141144421111112111144444111111224444444
4441111111111111114114414442111114441114444111111112431112111141144421111111111111331133111144444444
1111111114411111111114414442111111114421111111444431111112111141111311111111111111331111111144444411
1441111114444411144412444442114444411111111121444431111112422211111111111111111111411111111144444411
1411114444444411144422444411114444411111112211144111111442422211111111111111111111444411141333314411
4411134444444444141112444411411144411111222211111111111442111211444114411111111111144444441333114444
1141114441111111111112444411411144411113331111121121111144111444441114411114111111141114442211111111
1141111121144411111111111114411144111113331111224121111114111111111411111144211111111114422244111111
1141111144144411444411111111444111331111144111124121112114441111111443311144211111111111122244241111
1220001113111444444411221111344111031111144411144112111114441121111443301111111111112221111444144111
1220044423222144444444441111333111031112144411111111111111111111111443321111111111142224441144144111
1220044444444144444414442111144441044111144444111111111111114111111114221111111111142221114433111113
2310344444444111111111141111114441111111111222114441111111114111444114221111111111111441111133331122
2111411144444311111111111111114441111111111111114441111111114111441114441111111131111441111133311122
4441411111111111111111111411111133111113144411114441111111444111221114441141111141111444211111111144
4444411144411111111122114411111133331114444411411111111111222111441111141111311141144431111111111144
4441111114411111111122114411111133441144444444211112221114442111444411141114442444111111114111224144
1441111111111113311122311122211111441144444441111144441114442111444111141114442444111111111111422211
1441111111111114441433311121111111114441144441111144441114443111431112221441111112211141111111222211
1221111111113444441433311111111111111111111111111144441111133331111112221111111112211111111111222211
1221111111213444444111111111111114441111111122211111111111144341144144444111111442211111144444222311
1311111111111144444111111111114111111111114122211111111111444444444144444111114444242111111111423311
1311111111441144444114111111114441114111444111444441222111124444441114441111114444244111111111211111
1211131114441144441114411134111331111111111111114442222111124444441114411111111111444111111111211111
1122333114111211111144411134111231111111111114113322222444444111111114422211111111444411221112111111
1114433111111214111144411111144431111111111114111111444444444111111444122211111111421111114444113331
1111111114441224441144411111444431111111444422111111144444444331111444222233111224111111111142113331
1111111114442211111111111111444414411111124442111113144111111333113444411111111111111112211144113331
1111141111111211111111111211444114411111444411111113111111112333113444211111111211111112211111111111
1111141111111111111111111211141111141111444411111113311111114444344444441111122211111112211111111111
1111141111111111111111111111441112221134444411111113311111111444334443441111122211111122211111111441
1224222111441111111111111114411112223111331111111133341111111444114443111111144111113122111444111441
1224222334444411122031111114411444221111111111111111242221111144111111111111144111131121111411111111
4424222444344111222032111444411444221111111111133331112224441111111111111111141111121111111411111114
4411111114344111444111114441144444241111111111134444111114111111111111111111121112211111111111111114
1111111113111111444111114444431144442111311111144444111111111111222111111112221112411111111122111144
1111111114111111111111114444434444444421142211144411141111111111221111111142221111411111111112444144
1114411442111144411134441111134444444441144422444411121111111111111111111141111111441111141112444141
1144411114441144211122241111114444411141144441114411141111111111111111114411444111341111141111133441
1111112224433334411122244111111334411114411141111111444111444111111111344411444111121114431114144441
2211332224433444414422214432444411211114411144411111444111444111111111111111444111222111131114144444
1113111113333444414441114432444441114414211144411111344111441331111111111144341114444111411111114222
1113111114413444444444411111144441112114221144411113344111111331444441144444333444444111411141114333
1113111113111111444134411111444441111114221112111333332111113344444441144411433444444111411141114111
1333334444441111444111411111444411441133333111333333333334433344444444444411100444441331113333333111

1333331111111111111111111311441111111133333313333333333333333331144441111111111111111333111333333111
2113111111111111111111133331441111111133333311111111111333333331111311111111111111111333111333111122
2111111111111311111111133331111111111444411111111111111111133311111111111111111111221111111111111122
2111111111133333111111133111111111111114411133311111111111111111111111111111111111221111111111111122
2441111111133333111111113111111111111111111133311111111111111111141111111111111111211111111111111222
4443311111133333111111111111144441111111111133311111111111111111144444411111111142211111111111111124
4443311111133331111111133331144441111111333133444411111111111111144444411111111111411111111111111114
1133311111111111111111133331144441111113333114444411111111111111144444411111111111411111111111111111
1133334442111111111111133331111111133333333111444433111111111111142444444411333111441111111111111111
1111111111111111111111133334444411113332333111133333111111111111113444444413333111441111111111111111
1111111111111111111111133334444411122222222111113333211111441111113444444113333111411111111111444111
1111111111133311111111114444444411122224441111113333211111441144411111331113333111411111111111411111
1131111111133311111111114441111111112224441111113333111111141144411111111111411111111141111111411111
1331144111111111111111114441111111111144441111111111111111111144411111333112221111111441111111111111
1311444411111111111111411441111111111144444411114331111111111111111111333142221111111111111111111111
1311444411111111444421411111111111111133334411111333341111111111111113333312222244111111111111111111
1111111411111111444411111111111111111133333444411333344111111111111111131333322214111111111111111111
1111111133111111144411111111111111111433333111111333344111441111111111111333331111111111111111111111
1111111133111111111111111111444411111223333111111111144111144411111111111333331111111111111111111111
1333311111111111111111111111111133111221111111111111144111144111111111111333334111111111111111111111
1333311111111114441111111111111133442221111111111111111112224111111111111133334441111111111114411111
1333311111111114441111111113311133422221111111111144411112221111114111111133114444441111111144411111
1333311111111111112111111123222122422222411111111144411112221111111111111133333244411111443344411111
4113111111111111112111111123222222122222411111111144421111111111111111111133333244411111443344411144
4111114111111113333111134412222111111111111111111144411111111111111444111133333222111111443332111144
4111114441111113333111134411111111111111111113311144411333111111444444111133333111113333311111111114
1111114441111113333111111111111111111111111113311111133333111111444141111133333111113333311111111114
3333114441111113333221111111111111133111111111111111133333111111111111111112223444413333311111111113
3333322211111114111111111111111111444441111111111111333333111111111111111112211144113333311111111443
3333341111111114111111333111111111444411111111111111333333111111111111111111111111113333111111111443
3333311111111111111113333111111111444411111331111111111111111111111111111111111111112111111111111113
3333111111111111111113333111113311111111113334111111111111111111111111111111111111112111111111111133
3334411111111111111113333133333331111111113334111111111111111111111111111111111111112111111111111133
3334411111133111111111111333333331111111113334111111111111111111111111111111111111121111111111111143
3344411111113111111111111333333331444411113111111111111333331111111133334111111111141111111111144443
4444411114113111111111111133333111111411111111111111111122222111111133334111111111141111111411144441
1111111111111111111111111111111111111411111111111111111122222111222333334111111111433333111411144441
1111111111111111111111111111111111111111111111111111111114422111233333334111111111433333111111111111
1111441111111111111111111111111111111111111111111111111114422111233333333311111111133333122221111111
1111111111111111111111111111111111111111111111113331111114421111233313333331111111133333133331111111
1111111111111111111111111111111111111111111111133333111144441111133333333331111222241111111111111112
1114111111111111114411111111111111111111111112433333111144111111143333333334311222241111111111111112
1114111111111111114411111111111111111111111111433333111144111111443333333344311222111111111111111112
1111111111111111114411141111111111111111111111133333311444111111443333342444311444111111111111111111
1111111131111141111144441111111111111111111111111111111111111111223333344222111444111111111211111111
1111441111111111111144441111111111111111111111111111111111111111423333334222111111111111111211111111
1441111111122111111141111111111111111111111111111111144111111111423333334222111111111111111111111111
1441111111122111111141111133333111111111111111433111141111111114423333332221114411111111411111111111
1111111111122211111141111133333111111111111144431111141111111111113333332111113331111111411111111111
1111111111122211111144111113333111111111111144431111111111133111111333331111133333111141111144111111
1111111111111111114444413113333111111111111111111111111111133111111133313311333333111111144444111111
1111111111311111441444413111111111111111141111111111111111133111111111113333333331111111144444111111
1111111111311111111444413311111111111111111114111111111111111441111111113333333331111111111111111111
1111111111311111111111111111111111111111114444111111111111111441111111113111444114411111111111444411
1111111113331111113311111111111111111111114444111111111111111111111111111111331114411111111111444441
1111111111111111113333111111111114411111141114111111111111111111114441111111111113333113311111444441
1111111111111111111111111111111111111111141111111131111111111111114441111111111113333113311144444111
1111111111111111111111111444111111111111111111444443111111111111111141111111111113333111111144444111
1111111111111111111111111111111111111111111111444413111111111111111111111111111113111111113333311111
1111144111444111111111444111111114411111111111444413111111111111111111111111111111111111111333311111
1111144411111111111111444111111114411133333111111111111441111111111111111111111111111111111333311111
1111141111111111111111444411111114411133333111111111111111111111111111111111111111111111222233111111
1111111111111111111111111111111111133133333111111111111111111111111111331111111111111111222211111111
1211111111111111144111111113111111333133333411111111111111111111111433331111111111111111122241111111
1222444111111111144111111113333111133111114111111111111111111111111433331111111111122221111111111111
1222444144411114444111111113333111133111114111111111111111111111111433331111111111122211111111111111
1222444444441114444111111113333111133111111111111111111111111111111133331111111111411111111333331121
1222444444441111111111111111111411111111111111114441111111111111111112221111111111111111111333331121
1111131111111111111111111111111411111111111111114441111111111111111114441111111111111111111333331144
1111111111111111111111111111111333333111111111114441111111111111111111111111111111111111111333331144
4411111111111111111111111111111333331141114111111111111111444111411111111111111111111111111111111144
1111111111111133331222211111111333331114444111111144441111444111411111111111111111111111111114222111
1111111111111111411333331111111333311111114411111144441114444311444111111111111111111111111111222111
1111111111111111411133331111111111111111111111111144441111433331444111111111111111111111111111222111
1111111111134111411133331111111111111111111111111144441111133331111112211111111111111111111111222231
1111111111111114411133331111111111111111111111111111111111133331111112211111114144411111111111222231
3111111111111114444111111111111111111111111111111111112111113331111114444111114444411111111111222231
3111333111111114444111111331111113111111111111111411121111114444411111111111114411144111111111111331
1113333311111111114111411331111133111111111111114411121111111114411111111111111111144111111111111111
1113333311111111111111411311111133111111111111114444141111111111111111111211111111144111111111113333
1113333311111111111144411311111133111111111111113311144444441113111111112211311111111111111111133333
1111333311111111111144411111114111111111114111111111144444113333314441112211311111111111111111133333
1111111111111111111111111111444111111111114111111131111111113333334444111113111111111111111111133333
1111111111111111111111111111111111111111114111111133331111113333334444111111111111111111211111133333
1111111111111111111111111111111111111111144111111133331111113333334444411111122211111111211111111111
1111111111111111111111111111111112221111144411111333331111111443334444441111121111131111211111111111
1144412234411111122233111111111112222114444111111333331111111144334444341111121111331112211111111111
1144422233334111222233111111111112222113311111333333331111111441111113311111111111111111111111111111
1144422213334111444213114111111144411111111111344444111111111111111111111111111111111111111111111111
1111111113334111444113114411111114441111111111344444111111111111111111111111111111111111111111111111
1111111111331111444111111411111114444111111111114111111111111111111111111111111111111111111111111111
1111111111111111111141111144311114444111144441114111111111111111111111111111111111111111111111111111
1111111111111444411122111111334444111111144411111111111111111111111111111111111111111111111111111111
1111111111113334111122221111111144111111141111111411111111111111111111111111111111111111111111111111
1111111111333334111122211111111111111111111111111111411111444111111111111111144111111111111111114411
1111111113333334111111111131111111111111111111111113444111413333111111111113331111444111111111114411
1113331113333344111411111331114111111111111144411133334111413333111111111113333314444111111111114444
1133311111333311111111111311114441111112221144413333333111133333144411111111333344444111111111111222
1333333111111111141111111111114441111133333311113333333333333333144411114111333344444333113333333333
1333333111111111111111111111441111111133333311113333333333333331144411111111333344443333113333333111

3333333311111111111111333333111111111333333333333333333333333333144111111113333331133333333333333311
2333333111113331111111333333111111111333333333333333333333333333111111111111111111113333313333333122
1113311111333333311111333333111111111333333333331111113333333333111111111111111111113333313333311122
1111111111333333311111333333111111111111441333331111111111333331111111111111111111111111111111111122
1113331111333333311111333311111111111111111333331111111111111111111111111111111111111111111111111122
2433331111333333311111333331144441111113333333331111111111111111111144411111111111111111111111111222
4333331111333333311111333333144441111133333333334411111111111111144444111111111111111111111111111144
1333331111333333111111333333111111133333333333344333311111111111144444111113333311111111111111111111
1333331111111111111111333333111111133333333314433333311111111111144444111433333311111111111111111111
1333331111111111111111333333111111133333333311333333311111111111134444444433333311111111111111111111
1111111111333331111111333333444411133333333311333333311111111111134444444433333311111111111111111111
1333111111333331111111333333144411122244441111133333311111111144411114444133333311111111111111111111
3331111111333331111111114411111111121144441111133333311111111144411111333113333311111111111111111111
3331444411333331111111114411111111111114411111133333311111111144411113333312211111111111111111111111
3331444411111111111111114441111111111133333111113333331111111111111133333322211111111111111111111111
3331411111111111444111111111111111111333333311113333334111111111111133333333331111111111111111111111
3311111133311111444111111111111111111333333311113333334111111111111133333333333111111111111111111111
1111111133311111444111111111111111111333333311113333334111111111111111333333333111111111111111111111
3333331333311111111111111111111333311333333311113333334111111111111111113333333111111111111111111111
3333331333311111111111111111111333311133333311111111111111111111111111113333333111111111111111111111
3333331111111111111111111133331333311111111111111111111112221111111111113333333441111111111144411111
3333331111111111111111111133321333342221111111111144411112221111111111111333333344111111133334411111
3333331111111111111111111132221131112221111111111144411112221111111111111333333344111111433334411111
3333331111111133333311311132221111112222211111111144111111111111111111111333333344111111433334411144
4113111111111133333311311112221111111222111133331144111333111111111111111333333344413333333334411111
1111111111111133333311311111111111111111111133331144133333311111111111111333333321133333333333111111
3333111441111133333311311111111111331111111133331111333333311111111111111333333311133333331111111113
3333331441111133333311111111111111444411111133331113333333311111111111111333333311133333331111111133
3333331441111133333313333311111111444111111111111113333333311111111111111122221111133333331111111133
3333331111111111111133333311111111444111113333111113333333311111111111111111111111133333331111111433
3333331111111111111133333311133331444111133333111113333333311111111111111111111111133333311111111333
3333331111111111111133333333333333111111133333111111111111111111111111111111111111111111111111111333
3333311111333311111133333333333333111111133333111111111111111111111111111111111111111111111111111333
3333411111333311111133333333333333111111133333111111113333333111111333333111111111111111111111111333
3333411111333311111111113333333333111111133333111111111222222111111333333111111111111111111111141133
3334411111133311111111113333333333111111133311111111111222222111113333333111111111333333311111144433
1111111111113311111111111333333311111111111111111111111222222112333333333111111111333333311111144411
1111111111111111111111111111111111111111111111111111111124222111333333333331111111333333311111111111
1111111111111111111111111111111111111111111111133333111114442111333333333333111111333333311111111111
1111111111111111111111111111111111111111111111333333311114411111333333333333111121333333333333111111
1111111111111111111111111111111111111111111111333333311111111111333333333333411222333333333333111111
1111111111111111111111111111111111111111111111333333311111111111333333333333431221111111111111111111
1111111111111111111111111111111111111111111111333333331111111111433333333333431221111111111111111111
1111111111111111111111111111111111111111111111333333331111111111433333333334411441111111111111111111
1111111111111111111111111111111111111111111111333333311111111111433333333222411444111111111111111111
1111111111111111111111111111111111111111111111111111111111111111233333333222211111111111111111111111
1111111111121111111111111333333311111111111111133311111111111111233333333222211111111111111111111111
1111111111222211111111111333333311111111111111333311111111111111133333333422133333111111111111111111
1111111111222211111111111333333311111111111111333311111111333311233333333221333333311111111111111111
1111111111222211111111111333333311111111111114333111111111333311133333333333333333311111111114111111
1111111111111111111114411333333311111111111111113111111111333311113333333333333333311111111114111111
1111111113111111111144411333333311111111111111111111111111333311111333333333333333311111111444111111
1111111113331111111144411331111111111111111111111111111111333311111111133333333333111111111111111111
1111111133333111113331111331111111111111111111111111111111111111111111133333333333441111111111444441
1111111133333111133331111111111111111111111111111111111111111111111111133314444133333333331111144441
1111111133333111133333311111111111111111111111111113111111111111111111111113333133333333331111141111
1111111111111111133333311111111111111111111111111113311111111111111111111111111133333333331411141111
1111111111111111111111111111111111111111111111444111311111111111111111111111111133333333333333331111
1111111111111111111111111111111111111111111111444111311111111111111111111111111133333311133333331111
1111111111111111111111441111111111111333333311444111311111111111111111111111111133311111113333331111
1111111111111111111111441111111111111333333311111111311111111111111111111111111111111111113333331111
1111111111111111111111441111111111333333333311111111111111111111111113333111111111111112222333331111
1111111111111111111111111113311113333333333311111111111111111111111333333111111111111111222233311111
1111111111111111111111111133333313333333333311111111111111111111111333333111111111111111222221111111
1222241111111111114111111133333313333333333311111111111111111111111333333111111111111111111111111111
2224441114441111114111111133333311333311111111111111111111111111111333333111111111111111111333333111
1224441114441111444111111133333311333311111111111111111111111111111333333111111111111111113333333111
1224444444441111111111111133333311333311111111114441111111111111111333333111111111111111113333333111
1111141111111111111111111111113333333311111111114441111111111111111122221111111111111111113333333111
1111111111111111111111111111113333333311111111111111111111111111111111111111111111111111113333333111
1111111111111333331211111111113333333111111111111111111111144111111111111111111111111111113333331111
1111111111111333333333333111113333333111111111111111141111444331111111111111111111111111111111222111
1111111111111111113333333111113333333111111111111144441111333333111111111111111111111111111111222111
1111111111111111113333333111113333331111111111111144441111333333111111111111111111111111111111222113
1111111111111111111333333111111111111111111111111144441111333333111112111111111111111111111111222223
3311111111111111111333333111111111111111111111111111111111333333111112111111111111111111111111222223
3313333311111114111133333333111133311111111111111111111111333333111111111111111111111111111111222223
3333333331111114111111113333111333311111111111111111111111133333111111111111111111111111111111112223
3333333331111111111111113333111333311111111111111111111111111111111111111111111111111111111111133333
3133333331111111111111113333111333311111111111114111111111111111311111111111111111111111111111333333
3133333331111111111111111331111333311111111111114111111111113333331111111111331111111111111111333333
3133333331111111111111111311111333311111111111133111111111133333333444111111331111111111111111333333
3113333331111111111111111111111111111111111111111333331111133333333441111111111111111111111111333333
3111111111111111111111111111111111111111111111111333333111133333333441111111111111111111111111333333
3111111111111111111111111111111111111111111111113333333111133333333441111111111111333111111111333333
1111111333111111111333311111111112222111111111113333333111133333333443331111111113333111111111111111
1144122333333111222333311111111112222111111113333333333111111133333443331111111113333111111111111111
1144122333333111422333311111111112111113111113433333333111111113333143331111111113333111111111111111
1144422333333111422333311111111111111133111113433333333111111111111111331111111111111111111111111111
1111111133333111444413311111111111111111111113441114411111111111111111111111111111111111111111111111
1111111133333111111111111111331111444111111111111111111111111111111111111111111111111111111111111111
1111111113333111111111111111331111114111111111111111111111111111111111111111111111111111111111111111
1111111111133333111121111113331111111111111111111111111111111111111111111111111111111111111111111111
1111111113333333111121111113331111111111111111111111111111111111111111111111111111111111111111111111
1111111133333333111122211333111111111111111111111133111111113333311111111133333111111111111111111111
1133333133333333111111111333111111111111111111111333333111133333311111111133333331444111111111114111
1333333133333333111111113333111111111111111111133333333311333333311111111133333334444111111111112111
3333333333333334111111113333111111111333333331133333333333333333344411111133333334443333333333333332
3333333313333331111111113311111111111333333331133333333333333333344111111113333334433333333333333332
3333333311111111111111113311111111111333333331133333333333333333344111111113333334433333333333333333

3333333331133333111113333333311111113333333333333333333333333333334111111133333333333333333333333333
3333333333333333331113333333311111113333333333333333333333333333311111111133333333333333333333333333
3333333313333333331113333333311111113333333333333333333333333333311111111111111111133333333333333321
1133333113333333331113333333311111113333333333333111133333333333311111111111111111133333333333331111
1333333113333333331113333333311111111133333333333111111113333333111111111111111111111111111111111121
3333333113333333331113333333311111111333333333333411111111111111111111111111111111111111111111111111
3333333113333333331113333333311111333333333333333333331111111111141111111133333331111111111111111122
3333333113333333331113333333311111333333333333333333331111111111144441111333333331111111111111111144
3333333113333333311113333333311111333333333333333333331111111111144441111333333331111111111111111111
3333333113333333111113333333311111333333333333333333331111111111144441111333333331111111111111111111
3333333113333333111113333333311111333333333333333333331111111111144411444333333331111111111111111111
3333111113333333111113333333311111333333333333333333331111111144411113333333333331111111111111111113
3333111113333333111113333333311111111144441111333333331111111144411133333333333331111111111111111113
3333111113333333111111111111111111111133333311333333333111111144411333333333333331111111111111111113
3333111113333333111111111111111111113333333331333333333111111111111333333333333111111111111111111113
3333111133331111444111111111111111113333333331133333333111111111111333333333333311111111111111111113
3333111333331111444111111111111111113333333331133333333111111111111333333333333311111111111111111113
3333333333331111444111111111113333333333333331133333333111111111111333333333333311111111111111111113
3333333333331111111111111111113333333333333331133333333111111111111113333333333311111111111111111113
3333333333331111111111111333333333333333333331133333333111111111111111133333333311111111111111111113
3333333333331111111111111333333333331133333331111111111112222111111111133333333334111111333333411113
3333333111111111111111111333333333332211111111111144411112222111111111133333333334111111333333411113
3333333111111333333333331333333333312211111111111141111112222111111111113333333334111114333333411113
3333333111111333333333331322222133112211111333331141113333321111111111113333333334113333333333411113
3333333111111333333333331322222111112222211333333111133333331111111111113333333334333333333333411113
3333311111111333333333331111111113311111211333333113333333331111111111113333333331333333333333411133
3333331111111333333333331111111111444111111333333133333333331111111111113333333331333333333333311333
3333333111111333333333333331111111441111111333333133333333331111111111113333333331333333333111111333
3333333111111333333333333331111111441111133333333133333333331111111111113333333331333333333111111333
3333333111111333333333333331333333441111333333311133333333331111111111111111112111333333333111113333
3333333111111111111333333333333333344111333333311133333333331111111111111111111111333333333111113333
3333333113333331111333333333333333311111333333311133333333331111111111111111111111333333331111113333
3333333113333331111333333333333333311111333333311111133333333311113333333311111111111111111111113333
3333331113333331111333333333333333311111333333311111112222222211113333333311111111111111111111113333
3333311113333331111333333333333333311111333333311111112222222111133333333311111113333333331111111333
3333311113333331111111133333333333311111333333311111112222222113333333333311111113333333331111111333
3333111111333331111111133333333333311111333331111111111222222113333333333333111113333333331111111333
1111111111133331111111113333333331111111111111333333311222222113333333333333311113333333331111111111
1111111111111111111111111111111111111111111113333333331144422113333333333333311113333333333333311111
1111111111111111111111111111111111111111111113333333331111111113333333333333311213333333333333311111
1111111111111111111111111111111111111111111113333333331111111113333333333333341213333333333333311111
1111111111111111111111111111111111111111111113333333333111111113333333333333311111333333333333311111
1111111111111111111111111111111111111111111113333333333111111113333333333333311111111111111111111111
1111111111111111111111111111111111111111111113333333333111111111333333333333311111111111111111111111
1111111111111111111111111111111111111111111113333333333111111111333333333333411111111111111111111111
1111111111111111111111113333333331111111111113333333331111111111333333333322211111111111111111111111
1111111111111111111111113333333331111111111113333331111111111111333333333322333333311111111111111111
1111111111222221111111113333333331111111111113333331111113333331333333333323333333331111111111111111
1111111111222221111111113333333331111111111113333331111113333331333333333333333333331111111111111111
1111111111222221111111113333333331111111111113333331111113333331333333333333333333331111111111111111
1111111111111111111144413333333331111111111113333311111113333331333333333333333333331111111111111111
1111111133333111111144413333333331111111111111133311111113333331133333333333333333331111111111111111
1111111333333311133333113333333331111111111111111111111113333331113333333333333333331111111111111111
1111111333333311333333113333111111111111111111111111111113333331111111333333333333333333333111111111
1111111333333311333333333333111111111111111111111133311111111111111111333333333333333333333111111111
1111111333333311333333331111111111111111111111111133331111111111111111333334444333333333333111111111
1111111333333311333333331111111111111111111111111133331111111111111111111133333333333333333333331111
1111111111111111333333331111111111111111111111444113331111111111111111111111111333333333333333333111
1111111111111111111111111111111111113333333311444113331111111111111111111111111333333333333333333111
1111111111111111111111111111111111113333333331444113331111111111111111111111111333333331333333333111
1111111111111111111111111111111113333333333331111113331111111111111133333311111333331111233333333111
1111111111111111111111111133331133333333333331111113331111111111113333333311111111111112223333333111
1111111111111111111111111333333333333333333331111111111111111111113333333311111111111112223333333111
1111111111111111111111111333333333333333333331111111111111111111113333333311111111111112222333331111
1244441111111111111111111333333333333333333331111111111111111111113333333311111111111111111333333311
1244411111441111111111111333333333333333333331111111111111111111113333333311111111111111133333333311
1244411111441111111111111333333333333331111111111111111111111111113333333311111111111111133333333311
1144411111441111111111111333333333333331111111111111111111111111113333333311111111111111133333333311
1111111111111111111111111333333333333331111111111111111111111111113333333311111111111111133333333311
1111111111113333333111111111133333333331111111111111111111111111111211112111111111111111133333333311
1111111111113333333333333311133333333331111111111111111111443333111111111111111111111111133333333311
1111111111113333333333333311133333333311111111111111111113333333311111111111111111111111133333333111
3111111111113333333333333311133333333311111111111141111113333333311111111111111111111111111112222111
3111111111111111133333333311133333333311111111111144441113333333311111111111111111111111111111222113
3331111111111111133333333311133333333111111111111144441113333333311111111111111111111111111111222233
3333333331111111113333333333311333331111111111111111111113333333311111111111111111111111111111222233
3333333333111111113333333333313333331111111111111111111113333333311111111111111111111111111111222233
3333333333111111111333333333313333331111111111111111111113333333311111111111111111111111111111333333
3333333333111111111111133333313333331111111111111111111111333333331111111111111111111111111113333333
3333333333111111111111133333313333331111111111111111111111133333333111111113333111111111111113333333
3333333333111111111111133333313333331111111111133311111111333333333311111113333111111111111113333333
3333333333111111111111113333113333331111111111133333333111333333333341111113333111111111111113333333
3333333333111111111111113331113333331111111111333333333311333333333341111113333111111111111113333333
3333333333111111111111111111111111111111111111133333333311333333333341111111111113333311111113333333
3311113333311111113333331111111112222111111111133333333311333333333333333111111133333311111113333333
3311123333333311123333331111111112222111111133333333333311333333333333333111111133333311111113333333
1111113333333311223333331111111111112113311134333333333311333333333333333111111133333311111111111111
1111113333333311223333331111111111111333311134333333333311111333333333333111111133333311111111111111
1111113333333311223333331111111111111133311134333333333311111133333333333111111133333311111111111111
1111113333333311223333331113333111111113311134333333333311111111111113333111111111111111111111111111
1111111333333311111133331113333111111111111131111111111111111111111111111111111111111111111111111111
1111111333333333111111111133333111111111111111111111111111111111111111111111111111111111111111111111
1111111133333333311111111133333111111111111111111111111111111111111111111111111111111111111111111111
1111111333333333311111113333333111111111111111111333311111133333331111111333333311111111111111111111
1333333333333333311111113333333111111111111111113333333311333333331111111333333333111111111111111111
3333333333333333311111133333311111111111111111333333333333333333331111111333333333444411111111111111
3333333333333333311111133333311111113333333333333333333333333333331111111333333333433333333333333333
3333333333333333311111133333311111113333333333333333333333333333334111111333333333333333333333333333
3333333333333333411111133333311111113333333333333333333333333333334111111333333333333333333333333333
3333333333333333111113333333311111113333333333333333333333333333334111111133333333333333333333333333

3333333333333333333133333333331111133333333333333333333333333333333111111333333333333333333333333333
3333333333333333333133333333331111133333333333333333333333333333333111111333333333333333333333333333
3333333333333333333133333333331111133333333333333333333333333333331111111333333333333333333333333333
3333333333333333333133333333331111133333333333333333333333333333331111111111111111333333333333333333
3333333333333333333133333333331111133333333333333341333333333333331111111111111111333333333333333113
3333333333333333333133333333331113333333333333333333333133333333311111111333333333111111111111111113
3333333333333333333133333333331113333333333333333333333111111111111111113333333333111111111111111113
3333333333333333333133333333331113333333333333333333333111111111111141113333333333111111111111111123
3333333333333333333133333333331113333333333333333333333111111111144441113333333333111111111111111143
3333333333333333331133333333331113333333333333333333333111111111114441113333333333111111111111111113
3333333333333333311133333333331113333333333333333333333111111111111433333333333333111111111111111133
3333333333333333311133333333331113333333333333333333333111111141111333333333333333111111111111111133
3333311133333333311133333333331113333333333333333333333311111144111333333333333333111111111111111133
3333311133333333311133333333331111133333333333333333333311111144413333333333333333111111111111111133
3333311333333333311111111111111111133333333333333333333311111111113333333333333333111111111111111133
3333313333333333444111111111111111133333333333333333333311111111113333333333333331111111111111111133
3333333333333111444111111111133333333333333333333333333311111111113333333333333331111111111111111133
3333333333333111444111111111133333333333333333333333333311111111113333333333333331111111111111111133
3333333333333111111111113333333333333333333333333333333311111111113333333333333331111111111111111133
3333333333333111111111113333333333333333333333333333333311111111111133333333333333111113333333311133
3333333333333111111111113333333333333333333333333333333112222211111111333333333333111113333333311133
3333333333333333333333333333333333333333333333111111111122222211111111333333333333111143333333311133
3333333311113333333333333333333333333111113333333111133333332211111111333333333333133333333333311133
3333333311113333333333333333333333332111113333333311133333333111111111133333333333333333333333311133
3333333311113333333333333222222333111111113333333333333333333111111111133333333333333333333333311333
3333333311113333333333333211111111111111113333333333333333333111111111133333333333333333333333313333
3333333311113333333333333331111111111111113333333333333333333111111111133333333333333333333333333333
3333333311113333333333333333111111111111333333333333333333333111111111133333333333333333333333333333
3333333311113333333333333333333333311113333333333333333333333111111111133333333333333333333311133333
3333333311113333333333333333333333331113333333333333333333333111111111133333333333333333333311133333
3333333333333333333333333333333333331113333333331333333333333111111111111111111113333333333311133333
3333333333333333113333333333333333331113333333331333333333333331133333333331111113333333333311133333
3333333333333333113333333333333333331113333333331333333333333331133333333331111113333333333111133333
3333333333333333113333333333333333331113333333331111333333333311333333333331111133333333333111133333
3333333133333333113333333333333333331113333333331111122222222113333333333331111133333333333111133333
3333331133333333113333333333333333331113333333331111112222222133333333333333311133333333333111113333
3333331133333333111111333333333333331113333333333333311222222133333333333333331133333333333111113333
3333311113333333111111333333333333331113333333333333331222222133333333333333331133333333333333333333
1111111111333333111111133333333333111111111133333333333122222133333333333333331133333333333333331111
1111111111111111111111111111111111111111111133333333333114441133333333333333331133333333333333331111
1111111111111111111111111111111111111111111133333333333311111133333333333333331133333333333333331111
1111111111111111111111111111111111111111111133333333333311111133333333333333331133333333333333331111
1111111111111111111111111111111111111111111133333333333311111133333333333333331113333333333333331111
1111111111111111111111111111111111111111111133333333333311111133333333333333331111111111111111111111
1111111111111111111111133333333333111111111133333333333311111113333333333333331111111111111111111111
1111111111111111111111133333333333111111111133333333333311111113333333333333333333331111111111111111
1111111111111111111111133333333333111111111133333333333133333333333333333333333333333111111111111111
1111111111222221111111133333333333111111111133333333111133333333333333333333333333333111111111111111
1111111111222221111111133333333333111111111133333333111133333333333333333333333333333111111111111111
1111111111222221111111133333333333111111111133333333111133333333333333333333333333333111111111111111
1111111333333111111444433333333333111111111133333333111133333333333333333333333333333111111111111111
1111113333333311333333333333333333111111111133333331111133333333333333333333333333333111111111111111
1111113333333333333333333333333333111111111111333331111133333333333333333333333333333333333311111111
1111113333333333333333333333333333111111111111111333331133333333133333333333333333333333333311111111
1111113333333333333333333333311111111111111111111333333133333333111113333333333333333333333311111111
1111113333333333333333333333311111111111111111111333333111111111111113333333333333333333333333333111
1111113333333333333333333111111111111111111111111333333111111111111113333333433333333333333333333311
1111113333333333333333333111111111133333333331444333333111111111111111111333333333333333333333333311
1111111111111113333333333111111111133333333333444133333111111111111111111111113333333333333333333311
1111111111111111111111111111111133333333333333444133333111111111111333333331113333333333333333333311
1111111111111111111111111333333333333333333333111133333111111111133333333331113333333333333333333311
1111111111111111111111113333333333333333333333111133333111111111133333333331113333333112333333333311
1111111111111111111111113333333333333333333333111133333111111111133333333331111111111122233333333311
1111111111111111111111113333333333333333333333111111111111111111133333333331111111111122233333333331
1444111111111111111111113333333333333333333333111111111111111111133333333331111111111111133333333331
1444111111111111111111113333333333333333333333111111111111111111133333333331111111111111333333333331
1444111111111111111111113333333333333333333333111111111111111111133333333331111111111111333333333331
1444411111111111111111113333333333333333111111111111111111111111133333333331111111111111333333333331
1111111111133333333311113333333333333333111111111111111111111111133333333331111111111111333333333331
1111111111133333333333333333333333333333111111111111111111133333333333333331111111111111333333333331
1111111111133333333333333331333333333333111111111111111133333333331111111111111111111111333333333331
3311111111133333333333333331333333333333111111111111111133333333331111111111111111111111333333333333
3311111111133333333333333331333333333331111111111111111133333333331111111111111111111111333333333333
3333111111133333333333333331333333333331111111111111111133333333331111111111111111111111111112222333
3333333333111111333333333333333333333331111111111111111133333333331111111111111111111111111111222333
3333333333311111333333333333333333333311111111111111111133333333331111111111111111111111111111222333
3333333333311111133333333333333333333111111111111111111133333333331111111111111111111111111113333333
3333333333311111133333333333333333333111111111111111111133333333333111111111111111111111111133333333
3333333333311111113333333333333333333111111111111111111133333333333311111133333311111111111133333333
3333333333311111111111333333333333333111111111333331111113333333333331111133333311111111111133333333
3333333333311111111111333333333333333111111111333333333313333333333331111133333311111111111133333333
3333333333311111111111333333333333333111111113333333333333333333333331111133333311111111111133333333
3333333333311111111111133333333333333111111113333333333333333333333331111133333333333331111133333333
3333333333331111133333333333133333331111111113333333333333333333333333333333333333333331111133333333
3333333333333331233333333111111111111111111333333333333333333333333333333311111333333331111133333333
3331133333333331233333333111111111111133331343333333333333333333333333333311111333333331111133333333
3331133333333331233333333111111111111333331343333333333333333333333333333311111333333331111133333333
1111133333333331233333333111111111111333331343333333333333333333333333333311111333333331111111111111
1111133333333331233333333133333311113333331343333333333331113333333333333311111333333331111111111111
1111133333333331233333333133333311111333331343333333333331111333333333333311111333333331111111111111
1111133333333333333333333333333311111133331333333333333331111111111133333311111111111111111111111111
1111113333333333331333333333333311111111111333111111111111111111111111111111111111111111111111111111
1111113333333333331111133333333311111111111111113333331111333333333111113333333331111111111111111111
3333333333333333331111133333333311111111111111133333333333333333333111113333333333311111111111111111
3333333333333333331111333333333311111111111113333333333333333333333111113333333333311111111111111113
3333333333333333331111333333333311133333333333333333333333333333333111113333333333333333333333333333
3333333333333333331111333333331111133333333333333333333333333333333111113333333333333333333333333333
3333333333333333331111333333331111133333333333333333333333333333333111113333333333333333333333333333
3333333333333333331133333333331111133333333333333333333333333333333111113333333333333333333333333333
3333333333333333311133333333331111133333333333333333333333333333333111113333333333333333333333333333

3333333333333333333333333333333111333333333333333333333333333333333311133333333333333333333333333333
3333333333333333333333333333333111333333333333333333333333333333333311113333333333333333333333333333
3333333333333333333333333333333111333333333333333333333333333333333311113333333333333333333333333333
3333333333333333333333333333333111333333333333333333333333333333333111113333333333333333333333333333
3333333333333333333333333333333133333333333333333333333333333333333111113333333333333333333333333333
3333333333333333333333333333333133333333333333333333333333333333333111133333333333333333333333333333
3333333333333333333333333333333133333333333333333333333333333333331111133333333333311111111111111133
3333333333333333333333333333333133333333333333333333333311111111111111133333333333311111111111111133
3333333333333333333333333333333133333333333333333333333311111111111111133333333333311111111111111133
3333333333333333333333333333333133333333333333333333333311111111114333333333333333311111111111111333
3333333333333333333333333333333133333333333333333333333311111111113333333333333333311111111111111333
3333333333333333331333333333333133333333333333333333333331111111113333333333333333311111111111111333
3333333333333333331333333333333133333333333333333333333331111111133333333333333333311111111111111333
3333333333333333331333333333333133333333333333333333333331111111133333333333333333311111111111111333
3333333333333333331333333333333111333333333333333333333331111111133333333333333333311111111111111333
3333333333333333334111111111333333333333333333333333333331111111133333333333333333311111111111111333
3333333333333333344111111111333333333333333333333333333331111111133333333333333333111111111111111333
3333333333333311444111133333333333333333333333333333333331111111133333333333333333111111111111111333
3333333333333311111111133333333333333333333333333333333331111111133333333333333333311133333333331333
3333333333333311111111133333333333333333333333333333333331211111133333333333333333311133333333331333
3333333333333333333333333333333333333333333333333333333322222211111333333333333333311433333333331333
3333333333333333333333333333333333333333333333333333333333333211111113333333333333333333333333331333
3333333333333333333333333333333333333333333333333331333333333311111113333333333333333333333333331333
3333333331133333333333333333333333333311133333333333333333333311111113333333333333333333333333333333
3333333331133333333333333333333333333111133333333333333333333311111111333333333333333333333333333333
3333333331133333333333333333113333311111133333333333333333333311111111333333333333333333333333333333
3333333331133333333333333333311111111113333333333333333333333311111111333333333333333333333333333333
3333333331133333333333333333333333331133333333333333333333333311111111333333333333333333333333333333
3333333331133333333333333333333333333133333333333333333333333311111111333333333333333333333333333333
3333333333333333333333333333333333333133333333333333333333333311111111333333333333333333333331333333
3333333333333333333333333333333333333133333333333333333333333333333333333333333333333333333331333333
3333333333333333333333333333333333333133333333333333333333333333333333333333111133333333333331333333
3333333333333333333333333333333333333133333333333333333333333333333333333333111333333333333331333333
3333333333333333333333333333333333333133333333333333333333333333333333333333111333333333333311333333
3333333333333333333333333333333333333133333333333113333333333333333333333333331333333333333311333333
3333333333333333333333333333333333333133333333333333322222222333333333333333333333333333333311333333
3333333333333333333333333333333333333133333333333333333222222333333333333333333333333333333333333333
3333333333333333311113333333333333333133333333333333333222222333333333333333333333333333333333333333
3333331133333333311113333333333333333133333333333333333322222333333333333333333333333333333333333333
1111111113333333311111333333333333311111111333333333333332222333333333333333333333333333333333333111
1111111111111111111111111111111111111111111333333333333331441333333333333333333333333333333333333111
1111111111111111111111111111111111111111111333333333333331111333333333333333333333333333333333333111
1111111111111111111111111111111111111111111333333333333331111333333333333333333333333333333333333111
1111111111111111111111333333333333311111111333333333333331111333333333333333333133333333333333333111
1111111111111111111111333333333333311111111333333333333331111333333333333333333333333111111111111111
1111111111111111111111333333333333311111111333333333333333333333333333333333333333333311111111111111
1111111111111111111111333333333333311111111333333333333333333333333333333333333333333311111111111111
1111111111222221111111333333333333311111111333333333333333333333333333333333333333333311111111111111
1111111112222221111111333333333333311111111333333333311333333333333333333333333333333311111111111111
1111113333333321111111333333333333311111111333333333311333333333333333333333333333333311111111111111
1111133333333333333333333333333333311111111333333333311333333333333333333333333333333311111111111111
1111133333333333333333333333333333311111111333333333311333333333333333333333333333333333333331111111
1111133333333333333333333333333333311111111333333333333333333333333333333333333333333333333331111111
1111133333333333333333333333333333311111111113333333333333333333333333333333333333333333333331111111
1111133333333333333333333333333333311111111111113333333333333333333333333333333333333333333333333311
1111133333333333333333333333331111111111111111113333333333333333311133333333333333333333333333333331
1111133333333333333333333333331111333333333333113333333311111111111133333333333333333333333333333331
1111133333333333333333333311111111333333333333343333333311111111111133333333333333333333333333333331
1111133333333333333333333311111333333333333333343333333311111111113333333333333333333333333333333331
1111111111111133333333333333333333333333333333344333333311111111333333333333133333333333333333333331
1111111111111111111111133333333333333333333333311333333311111111333333333333133333333333333333333331
1111111111111111111111133333333333333333333333311333333311111111333333333333133333333333333333333331
1111111111111111111111133333333333333333333333311333333311111111333333333333133333333323333333333333
1111111111111111111111133333333333333333333333311333333311111111333333333333111111111122333333333333
1444111111111111111111133333333333333333333333311111111111111111333333333333111111111113333333333333
1441111111111111111111133333333333333333333333311111111111111111333333333333111111111113333333333333
1441111111111111111111133333333333333333333333311111111111111111333333333333111111111113333333333333
1441111111333333333331133333333333333333333333311111111111111111333333333333111111111113333333333333
1111111111333333333333333333333333333333311111111111111111333333333333333333111111111113333333333333
1111111111333333333333333333333333333333311111111111111333333333333333333333111111111113333333333333
3331111111333333333333333333333333333333311111111111111333333333333333333333111111111113333333333333
3331111111333333333333333333333333333333311111111111111333333333333111111111111111111113333333333333
3333311111333333333333333333333333333333311111111111111333333333333111111111111111111113333333333333
3333333333333333333333333333333333333333111111111111111333333333333111111111111111111113333333333333
3333333333333333333333333333333333333333111111111111111333333333333111111111111111111111111111223333
3333333333331113333333333333333333333333111111111111111333333333333111111111111111111111111133333333
3333333333331113333333333333333333333331111111111111111333333333333311111111111111111111111333333333
3333333333331111333333333333333333333311111111111111111333333333333331111333333331111111111333333333
3333333333331111333333333333333333333311111113333333111333333333333333111333333331111111111333333333
3333333333331111133333333333333333333311111113333333333333333333333333111333333331111111111333333333
3333333333331111111113333333333333333311111133333333333333333333333333111333333331111111111333333333
3333333333331111111113333333333333333311111133333333333333333333333333111333333333333333111333333333
3333333333333111333333333333333333333311111133333333333333333333333333333333333333333333111333333333
3333333333333333333333333333333333333311113333333333333333333333333333333333333333333333111333333333
3333333333333333333333333333333333333333333333333333333333333333333333333333333333333333111333333333
3333333333333333333333333311111111113333333333333333333333333333333333333331113333333333111333333333
3333333333333333333333333311111111113333333433333333333333333333333333333331113333333333111333333333
3333333333333333333333333333333331133333333433333333333333333333333333333331113333333333111333333333
1111333333333333333333333333333331133333333433333333333333333333333333333331113333333333111111111111
1111333333333333333333333333333331133333333333333333333333133333333333333331113333333333111111111111
1111333333333333333333333333333331113333333333333333333333113333333333333331113333333333111111111111
1111333333333333333333333333333331111333333333333333333333333333333333333333333333111111111111111111
3333333333333333333333333333333331111111113333333333333333333333333311133333333333331111111111111113
3333333333333333333113333333333331111111111133333333333333333333333311133333333333331111111111111133
3333333333333333333113333333333331333333333333333333333333333333333311133333333333333333333333333333
3333333333333333333113333333333331333333333333333333333333333333333311133333333333333333333333333333
3333333333333333333113333333333331333333333333333333333333333333333311133333333333333333333333333333
3333333333333333333333333333333111333333333333333333333333333333333311133333333333333333333333333333
3333333333333333333333333333333111333333333333333333333333333333333311133333333333333333333333333333
3333333333333333333333333333333111333333333333333333333333333333333311133333333333333333333333333333

3333333333333333333333333333333313333333333333333333333333333333333331333333333333333333333333333333
3333333333333333333333333333333313333333333333333333333333333333333331333333333333333333333333333333
3333333333333333333333333333333313333333333333333333333333333333333331133333333333333333333333333333
3333333333333333333333333333333333333333333333333333333333333333333331133333333333333333333333333333
3333333333333333333333333333333333333333333333333333333333333333333311333333333333333333333333333333
3333333333333333333333333333333333333333333333333333333333333333333311333333333333333333333333333333
3333333333333333333333333333333333333333333333333333333333333333333311333333333333333333333333333333
3333333333333333333333333333333333333333333333333333333333333333333111333333333333331111111111111333
3333333333333333333333333333333333333333333333333333333331111111113333333333333333331111111111113333
3333333333333333333333333333333333333333333333333333333331111111133333333333333333331111111111113333
3333333333333333333333333333333333333333333333333333333333111111133333333333333333331111111111113333
3333333333333333333333333333333333333333333333333333333333111111333333333333333333331111111111113333
3333333333333333333333333333333333333333333333333333333333111111333333333333333333331111111111113333
3333333333333333333333333333333333333333333333333333333333111111333333333333333333331111111111113333
3333333333333333333333333333333333333333333333333333333333111111333333333333333333331111111111113333
3333333333333333333333333333333333333333333333333333333333111111333333333333333333331111111111113333
3333333333333333333111333333333333333333333333333333333333111111333333333333333333331111111111113333
3333333333333333334111333333333333333333333333333333333333111111333333333333333333331333333333333333
3333333333333331111111333333333333333333333333333333333333111111333333333333333333331333333333333333
3333333333333333333333333333333333333333333333333333333333221111333333333333333333334333333333333333
3333333333333333333333333333333333333333333333333333333333333311333333333333333333333333333333333333
3333333333333333333333333333333333333333333333333333333333333331113333333333333333333333333333333333
3333333333333333333333333333333333333333333333333333333333333331111133333333333333333333333333333333
3333333333333333333333333333333333333333333333333333333333333331111133333333333333333333333333333333
3333333333333333333333333333333333333331333333333333333333333331111133333333333333333333333333333333
3333333333333333333333333333333333333333333333333333333333333331111113333333333333333333333333333333
3333333333333333333333333333333333333333333333333333333333333331111113333333333333333333333333333333
3333333333333333333333333333333333333333333333333333333333333331111113333333333333333333333333333333
3333333333333333333333333333333333333333333333333333333333333331111113333333333333333333333333333333
3333333333333333333333333333333333333333333333333333333333333333333333333333333333333333333333333333
3333333333333333333333333333333333333333333333333333333333333333333333333333333333333333333333333333
3333333333333333333333333333333333333333333333333333333333333333333333333333333333333333333333333333
3333333333333333333333333333333333333333333333333333333333333333333333333333313333333333333333333333
3333333333333333333333333333333333333333333333333333333333333333333333333333333333333333333333333333
3333333333333333333333333333333333333333333333333333333333333333333333333333333333333333333333333333
3333333333333333333333333333333333333333333333333333333333333333333333333333333333333333333333333333
3333333333333333333333333333333333333333333333333333333322223333333333333333333333333333333333333333
3333333333333333333333333333333333333333333333333333333332223333333333333333333333333333333333333333
3333333333333333331133333333333333333333333333333333333332223333333333333333333333333333333333333333
3333333333333333331133333333333333333333333333333333333333223333333333333333333333333333333333333333
1111111133333333331113333333333333331111113333333333333333223333333333333333333333333333333333333311
1111111111111111111111111111111111111111113333333333333333113333333333333333333333333333333333333311
1111111111111111111113333333333333331111113333333333333333113333333333333333333333333333333333333311
1111111111111111111113333333333333331111113333333333333333113333333333333333333333333333333333333311
1111111111111111111113333333333333331111113333333333333333333333333333333333333333333333333333333311
1111111111111111111113333333333333331111113333333333333333333333333333333333333333333331111111111111
1111111111111111111113333333333333331111113333333333333333333333333333333333333333333331111111111111
1111111122222221111113333333333333331111113333333333333333333333333333333333333333333331111111111111
1111133333333332111113333333333333331111113333333333333333333333333333333333333333333331111111111111
1111333333333333333333333333333333331111113333333333333333333333333333333333333333333331111111111111
1111333333333333333333333333333333331111113333333333333333333333333333333333333333333333333333111111
1111333333333333333333333333333333331111113333333333333333333333333333333333333333333333333333111111
1111333333333333333333333333333333331111113333333333333333333333333333333333333333333333333333111111
1111333333333333333333333333333333331111113333333333333333333333333333333333333333333333333333333331
1111333333333333333333333333333333331111111133333333333333333333333333333333333333333333333333333333
1111333333333333333333333333333333333333333333333333333333333333333333333333333333333333333333333333
1111333333333333333333333333333113333333333333333333333333333333331333333333333333333333333333333333
1111333333333333333333333333333333333333333333333333333331111111133333333333333333333333333333333333
1111333333333333333333333333333333333333333333333333333331111113333333333333333333333333333333333333
1111333333333333333333333333333333333333333333333333333331111113333333333333333333333333333333333333
1111111111111333333333333333333333333333333333333333333331111113333333333333333333333333333333333333
3111111111111111111111333333333333333333333333333333333331111113333333333333333333333333333333333333
3111111111111111111111333333333333333333333333333333333331111113333333333333333333333333333333333333
3111111111111111111111333333333333333333333333333333333331111113333333333333333333333333333333333333
3111111111111111111111333333333333333333333333333333333331111113333333333333311111111233333333333333
3111111111111111111111333333333333333333333333331111111111111113333333333333311111111133333333333333
3111111113333333333333333333333333333333333333331111111111111113333333333333311111111133333333333333
3111111113333333333333333333333333333333333333331111111113333333333333333333311111111133333333333333
3111111113333333333333333333333333333333333333331111113333333333333333333333311111111133333333333333
3333111113333333333333333333333333333333331111111111113333333333333333333333311111111133333333333333
3333111113333333333333333333333333333333331111111111113333333333333333333333311111111133333333333333
3333331113333333333333333333333333333333331111111111113333333333333333333333311111111133333333333333
3333333333333333333333333333333333333333331111111111113333333333333311111111111111111133333333333333
3333333333333333333333333333333333333333331111111111113333333333333311111111111111111133333333333333
3333333333333333333333333333333333333333311111111111113333333333333311111111111111111133333333333333
3333333333333333333333333333333333333333311111111111113333333333333331111111111111111111113333333333
3333333333333133333333333333333333333333311111111111113333333333333333113333333333111111113333333333
3333333333333133333333333333333333333333111133333333313333333333333333313333333333111111113333333333
3333333333333113333333333333333333333331111133333333333333333333333333313333333333111111113333333333
3333333333333113333333333333333333333331111333333333333333333333333333313333333333111111113333333333
3333333333333111333333333333333333333331111333333333333333333333333333313333333333333333313333333333
3333333333333313333333333333333333333331111333333333333333333333333333333333333333333333313333333333
3333333333333333333333333333333333333331133333333333333333333333333333333333333333333333313333333333
3333333333333333333333333333333333333333333333333333333333333333333333333333333333333333313333333333
3333333333333333333333333333333333333333333333333333333333333333333333333333333333333333313333333333
3333333333333333333333333333333333333333333333333333333333333333333333333333333333333333313333333333
3333333333333333333333333333333333333333333333333333333333333333333333333333133333333333313333333333
3333333333333333333333333333333333333333333333333333333333333333333333333333133333333333313333333333
3333333333333333333333333333333333333333333333333333333333333333333333333333133333333333313333333333
1113333333333333333333333333333333333333333333333333333333333333333333333333133333333333311111111111
1113333333333333333333333333333333333333333333333333333333333333333333333333333333333333311111111111
3333333333333333333333333333333333133333333333333333333333333333333333333333333333333333311111111133
3333333333333333333333333333333333113333333333333333333333333333333333333333333333333111111111111333
3333333333333333333333333333333333333333333333333333333333333333333331333333333333333333333333333333
3333333333333333333333333333333333333333333333333333333333333333333331333333333333333333333333333333
3333333333333333333333333333333333333333333333333333333333333333333331333333333333333333333333333333
3333333333333333333333333333333333333333333333333333333333333333333331333333333333333333333333333333
3333333333333333333333333333333333333333333333333333333333333333333331333333333333333333333333333333
3333333333333333333333333333333313333333333333333333333333333333333331333333333333333333333333333333
3333333333333333333333333333333313333333333333333333333333333333333331333333333333333333333333333333

3333333333333333333333333333333333333333333333333333333333333333333333333333333333333333333333333333
3333333333333333333333333333333333333333333333333333333333333333333333333333333333333333333333333333
3333333333333333333333333333333333333333333333333333333333333333333333333333333333333333333333333333
3333333333333333333333333333333333333333333333333333333333333333333333333333333333333333333333333333
3333333333333333333333333333333333333333333333333333333333333333333333333333333333333333333333333333
3333333333333333333333333333333333333333333333333333333333333333333333333333333333333333333333333333
3333333333333333333333333333333333333333333333333333333333333333333333333333333333333333333333333333
3333333333333333333333333333333333333333333333333333333333333333333333333333333333333333333333333333
3333333333333333333333333333333333333333333333333333333333333333333333333333333333333111111111133333
3333333333333333333333333333333333333333333333333333333333311111333333333333333333333111111111133333
3333333333333333333333333333333333333333333333333333333333311113333333333333333333333111111111133333
3333333333333333333333333333333333333333333333333333333333311113333333333333333333333111111111133333
3333333333333333333333333333333333333333333333333333333333311113333333333333333333333111111111133333
3333333333333333333333333333333333333333333333333333333333311113333333333333333333333111111111133333
3333333333333333333333333333333333333333333333333333333333311113333333333333333333333111111111133333
3333333333333333333333333333333333333333333333333333333333311113333333333333333333333111111111133333
3333333333333333333333333333333333333333333333333333333333311113333333333333333333333333333333333333
3333333333333333333313333333333333333333333333333333333333311113333333333333333333333333333333333333
3333333333333333333333333333333333333333333333333333333333322113333333333333333333333333333333333333
3333333333333333333333333333333333333333333333333333333333333333333333333333333333333333333333333333
3333333333333333333333333333333333333333333333333333333333333333333333333333333333333333333333333333
3333333333333333333333333333333333333333333333333333333333333333333333333333333333333333333333333333
3333333333333333333333333333333333333333333333333333333333333333133333333333333333333333333333333333
3333333333333333333333333333333333333333333333333333333333333333111333333333333333333333333333333333
3333333333333333333333333333333333333333333333333333333333333333111333333333333333333333333333333333
3333333333333333333333333333333333333333333333333333333333333333111333333333333333333333333333333333
3333333333333333333333333333333333333333333333333333333333333333111133333333333333333333333333333333
3333333333333333333333333333333333333333333333333333333333333333111133333333333333333333333333333333
3333333333333333333333333333333333333333333333333333333333333333333333333333333333333333333333333333
3333333333333333333333333333333333333333333333333333333333333333333333333333333333333333333333333333
3333333333333333333333333333333333333333333333333333333333333333333333333333333333333333333333333333
3333333333333333333333333333333333333333333333333333333333333333333333333333333333333333333333333333
3333333333333333333333333333333333333333333333333333333333333333333333333333333333333333333333333333
3333333333333333333333333333333333333333333333333333333333333333333333333333333333333333333333333333
3333333333333333333333333333333333333333333333333333333333333333333333333333333333333333333333333333
3333333333333333333333333333333333333333333333333333333333333333333333333333333333333333333333333333
3333333333333333333333333333333333333333333333333333333333333333333333333333333333333333333333333333
3333333333333333333333333333333333333333333333333333333333233333333333333333333333333333333333333333
3333333333333333333333333333333333333333333333333333333333233333333333333333333333333333333333333333
3333333333333333333333333333333333333333333333333333333333223333333333333333333333333333333333333333
3333333333333333333333333333333333333333333333333333333333333333333333333333333333333333333333333333
1111111333333333333133333333333333333111133333333333333333333333333333333333333333333333333333333331
1111111111111111111133333333333333333111133333333333333333333333333333333333333333333333333333333331
1111111111111111111133333333333333333111133333333333333333333333333333333333333333333333333333333331
1111111111111111111133333333333333333111133333333333333333333333333333333333333333333333333333333331
1111111111111111111133333333333333333111133333333333333333333333333333333333333333333333333333333331
1111111111111112111133333333333333333111133333333333333333333333333333333333333333333333111111111111
1111333333333333211133333333333333333111133333333333333333333333333333333333333333333333111111111111
1113333333333333333333333333333333333111133333333333333333333333333333333333333333333333111111111111
1113333333333333333333333333333333333111133333333333333333333333333333333333333333333333333333311111
1113333333333333333333333333333333333111133333333333333333333333333333333333333333333333333333311111
1113333333333333333333333333333333333111133333333333333333333333333333333333333333333333333333311111
1113333333333333333333333333333333333111133333333333333333333333333333333333333333333333333333333333
3113333333333333333333333333333333333111133333333333333333333333333333333333333333333333333333333333
3113333333333333333333333333333333333333333333333333333333333333333333333333333333333333333333333333
3113333333333333333333333333333333333333333333333333333333333333333333333333333333333333333333333333
3113333333333333333333333333333333333333333333333333333333333333333333333333333333333333333333333333
3113333333333333333333333333333333333333333333333333333333333333333333333333333333333333333333333333
3113333333333333333333333333333333333333333333333333333333111133333333333333333333333333333333333333
3113333333333333333333333333333333333333333333333333333333111133333333333333333333333333333333333333
3313333333333333333333333333333333333333333333333333333333111133333333333333333333333333333333333333
3311111111113333333333333333333333333333333333333333333333111133333333333333333333333333333333333333
3311111111111111111113333333333333333333333333333333333333111133333333333333333333333333333333333333
3311111111111111111113333333333333333333333333333333333333111133333333333333333333333333333333333333
3311111111111111111113333333333333333333333333333333333333111133333333333333333333333333333333333333
3311111133333333333333333333333333333333333333333333333333111133333333333333331111112333333333333333
3311111133333333333333333333333333333333333333333111111133333333333333333333331111111333333333333333
3311111133333333333333333333333333333333333333333111133333333333333333333333331111111333333333333333
3333311133333333333333333333333333333333333333333111133333333333333333333333331111111333333333333333
3333311133333333333333333333333333333333333333333111133333333333333333333333331111111333333333333333
3333333133333333333333333333333333333333333111111111133333333333333333333333331111111333333333333333
3333333333333333333333333333333333333333333111111111133333333333333333333333331111111333333333333333
3333333333333333333333333333333333333333333111111111133333333333333333333333331111111333333333333333
3333333333333333333333333333333333333333333111111111133333333333333331111111111111111333333333333333
3333333333333333333333333333333333333333333111111111133333333333333333111111111111111333333333333333
3333333333333333333333333333333333333333331111111111133333333333333333333333333333311333333333333333
3333333333333333333333333333333333333333331333333333333333333333333333333333333333311111133333333333
3333333333333333333333333333333333333333331333333333333333333333333333333333333333311111133333333333
3333333333333333333333333333333333333333313333333333333333333333333333333333333333311111133333333333
3333333333333333333333333333333333333333113333333333333333333333333333333333333333333333333333333333
3333333333333333333333333333333333333333113333333333333333333333333333333333333333333333333333333333
3333333333333333333333333333333333333333333333333333333333333333333333333333333333333333333333333333
3333333333333333333333333333333333333333333333333333333333333333333333333333333333333333333333333333
3333333333333333333333333333333333333333333333333333333333333333333333333333333333333333333333333333
3333333333333333333333333333333333333333333333333333333333333333333333333333333333333333333333333333
3333333333333333333333333333333333333333333333333333333333333333333333333333333333333333333333333333
3333333333333333333333333333333333333333333333333333333333333333333333333333333333333333333333333333
3333333333333333333333333333333333333333333333333333333333333333333333333333333333333333333333333333
3333333333333333333333333333333333333333333333333333333333333333333333333333333333333333333333333333
3333333333333333333333333333333333333333333333333333333333333333333333333333333333333333333333333333
3333333333333333333333333333333333333333333333333333333333333333333333333333333333333333331111111333
3333333333333333333333333333333333333333333333333333333333333333333333333333333333333333331111113333
3333333333333333333333333333333333333333333333333333333333333333333333333333333333333333333333333333
3333333333333333333333333333333333333333333333333333333333333333333333333333333333333333333333333333
3333333333333333333333333333333333333333333333333333333333333333333333333333333333333333333333333333
3333333333333333333333333333333333333333333333333333333333333333333333333333333333333333333333333333
3333333333333333333333333333333333333333333333333333333333333333333333333333333333333333333333333333
3333333333333333333333333333333333333333333333333333333333333333333333333333333333333333333333333333
3333333333333333333333333333333333333333333333333333333333333333333333333333333333333333333333333333
3333333333333333333333333333333333333333333333333333333333333333333333333333333333333333333333333333

