2442423431114120221144211221324220000421121013221014022024140432312421322144003332113302310123210424
3332111044430142242313212032333020000430400243344122233001123041430312230333322020430012240230202434
1122111231300431011333022023433004000032322344413331321243000221311222000200143332431343230410430310
2042200234404404132121144320440422210100322131032010114020111114024111324320411041321144334240441404
1431202232201401044202042123003404432142234042302321021043023134200313131234224023441000104333030300
3143343402244101102342311433220112312220412213324102243440331341011143423102043103202110133420323131
1003433110234034003201344023323211343230121401224021001110120001241330424302442300112424303300414303
1430304301044203234022211012112132012431333020301014142044330102422201021421023211120131431340231431
1343203444100320240104232300412330444004144440143440434112023121201014110024110223042344001020401040
0300042002320104230414004012220130043022211220130340432032224424431013103122021032332004400224311410
4424401343421243341201103142341314341234224343310242202320020442222044101042004232001402010433200433
0034423103334111213231224410230001143033101213401240420133134431324214224441224214343312044120233233
4302311014143430330330044123124441440024001331030401112003323414030041224010313202030312212221114140
1042441144403122404142042232333413320123223422122432230411424410340103041124424321341211030301341420
4234202000011133221000001201430202404312030030331103200442203424313304343424014103102412400033001004
1401204022414011414402320003434111302401324440100400402120340420200314201131021103014331033121033401
2043140302213034444200333213441012024041411410223042113303111141203243211322040100202134302012322140
0444341011441030343213230141200004313240203200120202040343002021210110301322214310234112132021411040
2212431441313142234402111223202234143034202204312432121420320034432012421430001142122344041022220200
0032430043134332441134343403311034301420024001041342113000302213301001020303122042023430041021301222
4112214302024014224132440041314243314440433332024134414234131203330234240032111021224332402100343134
4442404111124023142334424421421400302211020430003114410010110340240044012342222242433211242201143000
1104012241031231200221434041111323003403213440241220013232300212033111301232211012414402221321222410
1304101412221100431140441302323230143340134220222430422312411213342224344441342004100134204231114322
0231111024024412323012430212121102122143324320403011214223203104210023331400201321211313224101041134
4234310222014140204334231042321312414201223011442023030010222021302324340201432131432043334114030044
4010032314201313011303441323234202031430304232400344401322142234420343023030102233401121101443112113
0030301342431102024012320434232010344242002402200332141120242434204441341033203312042431003401041140
4233332414431322112132310430103241423044304024420000032112043101211231344143302120242211124341432003
4343042042434030213333341232313200334234133200010420440313440433403300432304111214403024040212142400
0213133333324004203444103300302303114240324020310211343101404140031014014231323040432442404401404340
0322201220122311242230221121314133321132202012200320402041300441112013301443044321223102423302311201
4404001222114333140320311220443311322402141022001322122404022103102203010201211332012403310204340200
4244134401000002032312322022224310402131432322404030011011333313134103112343301130442021340113344301
1244200233300302430110424114004022410032232341223141200122402224142332421324241204244303002130141230
3022213242442112102310223344144322400004311340142202014400343213112312130110433111201423244034331224
4142010210034443042204131240431422111022324322332114424034203402301004110121133140404232130434121403
3204141412302401440330240413022044043141031310440131034332114420014122112220232413400324240210100011
4222123242211334310111024442110133433212341030201314101342231322424313232330101103310113144413123342
1103014113030113124121001314313414141313024022414201422033231232244004003230134330402214020202142204
1320322113030220133114142224121210132443304130341130233242233143144010222041220402032324321412212422
2311132414404202002222121344422031403240201043231242104204221441323404134021430031040234423233212101
0431143220434031413002211003022342323431312021303121231004100323334132024040131320331241240021302422
2213011411100201121040242103440022324421401304100203320211422333242030424002113442444331024230342212
2340423323213203211343322304332124401120240420301334440221203004232133323422323232300343310440301020
4311433343423203010340200020221411404202434230132311404242334010400312113310241104130021340203240230
3033214042144403040011100142101241233242321311140314442123042232222412013420032341310033233331334132
0210132310114031102242311204430224311142201413320140012130244012331402320431402333402204023200404144
0031242402201143440023130031043404021114212343412424111312410441234001010414044011321411323114404014
2004231422010044421413140101034114431010203303110001132043342233244104132341434344220024343432402324
0023222400103033103241320002204322343244332120333022101330413134432331334312400221104211120044412112
4033340231142244011334232214030341123001041244143412123140344300404241244402144222122011320420013003
4432422341444223201143402304002210043434410310440402102242042044333041300333011013124222212224041331
1134144100324243202302413022034310141232002000041341234120412204032331443003101232141123342311214120
0410212111433341402014131101000421424201411442012303022340402030132430140123322443040232304334043144
0323234021442144311313222344033042302343024012302244012442204102140413142300441120302320042043114311
0240203343130433022040011311300321431243401040222223000300111404021232401220040201213222340030242402
4240133302032133203414101421031123044303134411040221314312032224132034321214142204110341034104222033
2311400403231401241124040040413114120121343410242000230143214002430304201424233110443112203214233232
1330223310031402313133133040314023402431421123240323124214333244102044040040213221420412130321320143
1311310324314041020103443131414244442420223140003234433142223310341420403012030213314413414032314100
2311020433242421403342200001123241443123242122433244044010301432334423302041241034422233141010114321
2333101043330123241221412311144124131102332422200423311030110012210414431303133042343122024124341421
0322024212133021341022142022232022012213421011421301304232142230234213430041433142224102303101024140
0304431314032013111431200443140320341202203041412300304414232012211011441320000104211134000403424323
3203101102434222234324342200133202422331200200213241231031011434034032332433140124211400001203112430
4441102034304100201030134043010421103211234013232403203220110311123110214411220043013440442100132101
3330242330003312030311241333403313013041424240431004240211004110442001023334322430002411240231111101
4143303430412421214024231322443240321011432214402332303420423200143302204222110104433342430100343032
1013031430433104204432410032324223440144221223303233124403301144310423443103124121333100442041234211
3312400231010334022403200430111304321424314412424130023001302024430343222230312301432134410232312040
1341101141134234031124422000301210011244040213230433232341410300101402212013042210210323410441221341
2141243442400230204412324023440011421011330320302222111222104113222340410224314222322012213104433331
0112244433112224334201120032143321433302341243234213034200410241444200333022424041412311303030123244
3441342424200041200131310043211203213321232414143011410002333433200244401230230442340030304224333030
1232010144214324344440041410211033314143313230302230430422413200313240010402134012010004241341311403
0330420024104443222233432102122421000321220012213412203424022444441220304003130033210410021042202432
1434101041210224101344012442034320342310322432024111301310004214123043201000230131334200314203434013
0111203223414303212024133043432144332122441212240101240404431224041041324144343202332301333343344213
2402412241202340224220120041412103222313330301314313214012043243221120004424134302413033330401312304
1124300110140400331134114412003034421112311423343304223123033000231400401110130342421443012211022023
2233242300212004342114411011423221301422043044441133442222422132002233003042213142312331010411423301
1022013433441412214211234033104000012011221342131003021210403132311214033044123000032043403010113044
3131414211314200010131323301301202241012402002010222244214244222041233044334300310104023321201321131
1240333424343400234120422023130444201114211413004023120322303302334443011302143441241213443141402444
2040041341031234223122112313444112421431020200213300101441330422100104033443200033400343403413411121
2401333001142004431424340303200444114234141131300001142113020023300412302014000340132401310401004240
4011303013121020114003124130312121111131244401001123141302110213130340032310434312104242101023244433
3312432012331342233303032014034032040211133324314424023323044222124010133031324010401332030331042212
0040132031321213131311343222102331020234200124313421013203004323430301032114312031423102022113112142
2440313340123021203334404044000334103420314223123202414303211222423102043014421343131010402030102240
2013144200144424232103033010344130034203211233032040134012103323002014143001403330033041132234331223
3104401320101031300304044242144424433444301034110100021340114442234443010132410034312432333130022421
3121422444114113043202043212114300142313000424011232411224303333404034043121410313234103124231111311
3312332221111323021311223312210334311444203113211231021212301111041301242330103422201231332140310030
0344143004241202201310012301110034423303414244143422032410224001101201310412032422141031401223030114
0342032203102142322213003414102334334011014101222124134011004110302113243242202214440022124003244201
0120400330031324231141344232314302421233300133011033130134433111413143331314344413413414143311133433
1134431441311141113141434113113134433343114133444113311311333413443143433133443443334434434443443343
4334333333343344444444444444444444444444444444444444444444444444444444444444444444444444444444444444

4444311133111112211133111133333222444441111111311111322211114441111111333114444221111111111112111444
1111111133111111111133111222333244404441111111111111311444114441111111332221112221111111111111111111
4111111114444411111111114224444244111112241111111211111444111311111111342221111144111444444111444441
4111111124411111111111114224444444111112221111111211111444111111111113242244411144411444114111444441
4112422224411111112411111134444442111114231111141111111444111111111113244444411114411111114224444444
1134442111211111113444111132222441441114211111141111111111311111111134441144441111111111113222441111
1334443111141111114444111111222111114444411111111111111111311111111111114411141111111111113444441111
1442224411114442441114411111111334444441111444111111111111221111111111114411111111111114411444441441
1442224411111114441111444111111334444442111444111111111112221111111111111111111111241144441444111111
4442224441111114441111114111411114441122111444111444441112221111111111111111111122211144111124111114
4444444444311114414111114111411111411121111122111144441112222411211111111111111144444144111114111114
4444441444311111312211114111411141411121111144111112111113314111244111111111144144444122111111121334
4444411114444124441422244111144441441111112141111111111111314111441111144111121111444122111111111124
4444411144111124411422211121144441441112222141111111114441144111111111111111111111111114111331111124
1144144422211124414422211121131111441112222441111114444441144111111114411111111111111114441111111111
1141144422211333114422211121111111444411111111111444111111111111111144421111111112111414441111111111
1141144422211333114122222221411111144411111111114444111111111111111111221211111111111411111111111444
2211111111111444232111333221411111144442222111412444111222222111111111441122111111112441111111111444
2211311111111442211111314441111121111142224411112221114222222111111111141122111111112341111111111444
2211111144344411211114444443311444311144444411122441114222222111311111444131111111113344411111111142
4111111111144411444234444443311444311111144411122144112111111111411121444441111111122114411111111144
4114111111144411444211144441113444331111141442222144111111111132444224444144111111111114441111114111
1144111111114411411111144441113221113111111442224144111111111142444111111411111111111111111111111111
1144111111411111111111111111113221111114111442224111111414111111111111111111111111111112211111111111
4444411111111111411111411111111111111111124112422211111111111111111223311411141111111112221111111114
4111311144111111111111411111114111111111144414422211111111111111111223311111111114111111111111111114
4111331111111112111111411143344111111444144441422231111111112211122223311111112214411111111111111114
4111331111443221111111111141114111141444344444422331111121114114111111111111112214411111114411111114
4433331111444431111111111131112111144444144444411441114124444114111111111112221111444111114411124444
4433333111344431111441111131112444144441144444111441141114441114111111111114111111444441114441124444
1421111133344433444221111111111233341111144111111441141111141111111111111111111111141114444441114411
1441111131111434444221111111111333311111111111111111111111141111111111111111111411111114114441111411
1441111141111422444111311111124411421111111111411121111111122111111111111111111311111112444114111111
1141111141111424444114441112224424111111111114411111111111122111141113111211111334114442444114412211
1141111444444111112114441111114424111114423414441111111111144111141111111112221111111122444111311211
1114111114444111114111111111111121111144433411111111111114444111211111111111113114411122444441111141
1114111114444111114111111111111121111144411114441114111441444111111111111111113114411122444441111111
1114111111111111111211112111411111111111111114441114411141111224111111121111111114111411114111111111
1221111111111111111111111111111111111111111114441111111141111224111411433331111114111111114111113111
1221111132111111111111111111111111111433344414441111111444223224444111422241114444111111114111114444
1113111114444421112211111144111111113333311114441111112444411131144111144411114411144234211111111111
1233333114444411111211111444122211113313311114221111111144111133344111144444114411144111444111111111
1221111114444421111444111114444244443311111141111111111111122233331141144444113411144111444423111111
2224111114144421111444221114441114411111111121111111411111122233421114444444213444441131111444411111
4411133111112223111444221114441114411114411121111133444111244111441114444111224444444332111444411111
4411133444112223444444111111111114411114444222111134444413444111441111114111224111111332111444111124
4421133111114443444211111111111144444444441111111114444113444111441142222114442211111004333311144424
2221144111111111444211111111114144433112111144114444444111111111211111111414444411111111133314444411
2221111111111111111121411111144144441111111333114444411444111411311111111414444433211111122114444412
2222111121111111111111441111144111442444111113114444411144111444441111111411144411111111122144444412
2222311121111441111111421111133111113444131111114111111444443344441114444411144411144411224444111112
4222344441114441111144222111433411114444111111114111111422243444443311444431111111144411114444111114
1131112221114442222244322111444411111111111111114111111114111444443333444431111111111113114441111311
1131111111144412222211421111144411111111111111111411111114111444413331441112311111411113111411111311
1111111111141112111111111111144411111111111111111444111444111111113331111114441111411113444444111111
1444231111141133111111111111133311141111111111111244111441111111111111111114441111144223444444111111
1441113332241113111111111111333311141144411111122244111441111111111111111111111111111222444444111111
4411114442221111122111111444100111111114411111444211111411111144411144411111114111111222444111434334
4411114442221111111111111444143111111111144111444211111411142441110444411111114111411111141111431114
3111111442224411111131441114142441111111121112444222111112224441111144411111111111111111144411331114
1111111441414411111131441114142411141111121124444222111111211141111144444111111111111431111111111111
1331111144411111122111111111141111141112221124443224111111111111111124441111111144111112211111411111
1331111141331111111111111111121111111111411124441111111111111111111113311111111114241122211111111111
1041111111321111411111114444101112111111411111111111111131112111211111411111141114441144401111111111
0044411114442111211121444444132222441111411111111111111111111111211111411411441114411144411111111130
0044411144442111221121444444111222111112244111124411111111111111111111111121441114111444411113311110
1221112244441112221111444444111211113311144111444411111111111111111111111331441114111114411111111111
1441112244441111111111113444111411111111144111444444444114441111111111111222224444111114441111111111
1133311134441111111111111222443111411111144114441141444114441111114411141113114441143111141111144111
1134411134441111111444114441111144411111111114442231114444441111114442441113111111143144111111144111
1111111111141144414444114441111111441114111111244431114441111111114444111111111111133144111441144111
1111111111144444421111444442111111411111111113334433333211111111111444111111111111111144111111111311
4111111111111244444411444222411111133111444113334433322221111111114444111111111111111111111111133344
4111444441111222241111144222444111133111111113334411111221111111444444441122111441111111141111133344
1111111111111422441111111111111133111111111111144414114442214444144444111442244411111144411111111131
1114111111111441441114111111111133111111111111111114114444424444111444111442244411114111411144111131
1131111114111441411134441111111133444111111111111114414441444111111444111142244411114111411144444431
1111111144111441111124441111111144444214411111111112211114441111111411111114431112114111133444444411
1111111144111444111121114411111144444214411111444111111114441444111411111114441112232221333444144444
1111111111114444111221114111111144411114414441444111111144441444221114441111443322233311111444111222
1114111111114444421221111111111211111113314444111333111114444444221114441111141444211311111441111331
1114441111114111411111111111444411111111111144111333311114443122221144441111111444222211111111133331
1111144111111111411111111134411111111111111144111222311114444422111144433341111111114411111111111131
1411111111311111211111133331111122211111111111111221111112224422111144111341444111111144411111111111
1444143311114444411111111330411112211111111111111221111112224442211114111441444111111124411111111111
4444133311114444424441111333441111411111111111111221111113334442211111111111444441111144111411111111
4444133111111244414441111113111111111111111111111111111121111441111111422214444411114441111111111111
4111122111111222414443341111111111444111111111111111113222111111344111112214444411114442111111444414
4111122111311222113311441111111111222121111144411111111233111111344111112214444411114422211111444114
2444122444111444113311444441112241112442111144414411111233111424441111114111144111441111222211111112
2111112441114441331113444111112241112442111113324411111111111124441111114111113333111111222244111112
2111111441111143331144444111444241114444111133111444111111111422244411111111111333414111442244411142
1111111121111143444144444111444244443144411133111444111111114432244411444111111333431444322244411111
1111111111111133444344444444113344443144411114111111111111111112244411444111111044411113331111111111
4311112211111132444111111111111333413142111111111311111111211111111111444111111111111113311111111114
1331122221111132221111111111111333444142111111111111144111111111111111111111114111111131111122341111
1114442221111112221111111111111003444111111111111112244111123111111113111111224111111111111122341111
1114442221111111131111444111123333444111111111111111144411133111111133333112224111114111114411444411
1114443333133411111111444111111144444441111113111114441114333444111113333144444411114111413111134443
4444443111131111111111111111141244444441111111311111422221334443111111141114444331111444111113111444

1114443333311111111333111233333444444411111113331114211111333444111113333211142221111111111111111111
1111111333311111111333312223333444114411111113311113311111114441111113333211112221111111111111111111
1111111113111111111333312243333444111111122111111111111144114441111133333211111111111111111111111111
1111111114111111111111112244444441111112222111111111111444111111111133444211111111111111111111144411
1344444111111111134111112344422444111111221111111111111444111111111332411114111111411111111211111111
1344444111111111114111111344422111111111421111111111111111131111111333411111111111111111132444411111
1444444411111111111111111322222111111111111111111111111111111111111311111111111111111111112444411111
1442444411111111411111111111121331111411111444111111111112221111111111111111111111111111111441111111
1442224411111111411111111111113333411111111444111111111112221111111111111111111111111111111141111111
1442224411111111111111111111111311111111111444111111111112221111111111111111111144111111111141111111
4444211144431111111111111111111111111111111114111111111112111111111111111111111144111111111111111144
4444411111431111111122111111111111111111111111111111111112111111111111111111111144441111111111111144
4444111111111111111122211111111111111111111111111111111113111111111111111111111111141111111111111244
1111111111111144111122211111111111111111111111111111111113111111111111111111111111111111111131111244
1111114422211333111222211111111111111112221111111111111111111111111111111111111111111111111133111111
1111114422211333411112211111111111111111111111114111111111111111111111111111111111111111111111111111
1111114422211333311112111111111111114111111111114441111111111111111111111111111111111111111111111441
4211111111211333311113333311111111111111222411111441112222222111111111111111111111113111111111111444
4211111111111111111113333311131444111112222411111441112222222111111111111111111111133311111111111144
4211111111111111111113111433311443331111112111111111111122222111111111111111111111133311111111111144
1111111111114111111111114433314443333111111111111111111111111111111111141111111111133331111111111111
1111111111111411111111114433332221133111111144221111111111111111111111141111111111111111111111111111
1111111111111411111111114441132221133111111144221111111111111111111111111111111111111111111111111111
1111111111111111111111111111132221113111111111221111111111111111111133311111111111111111111111111111
1111111111111111111111111111111111111111111111221111111111111111111133331111111111111111111111111111
1113333111111111111111111113111111111111111111122223111111111111111133331111111111111111111111111111
1113333111113111111111111111111111111141114111122233111111111111111133331111111111111111111111111111
1133333111444441111111111111111111111141114411122233111111111111111133331111111111111111111111111111
1333333313444443111111111111111111111141114444113333111111111111111111111111111111111111111111144111
1333333333444443311111111333111333331141111114111111111111111111111111111111111111111111111111144111
1333333333411133441111111333111333331111111111111111111111111111111111111111111111111111111441144111
1111111333311133241111111111111333331111111111111111111111111111111111111111113331111111111111111111
1111111111111133241111141111111333331111111111111111111111111111111111111111113333111111111111111111
1111111111111222211111141111111111111111133111111111111111111111111111111111113311111111441111111111
1111111111111111111111111111111111111144333111111111111111111111111111111111111311111124441111111111
1111111111441111111111111111111111111144333111111111111111111111111111111111111111111124441111111111
1111111111444111111111111111111111111144333111111111111111111111111111111111111111111124441111111111
1111111111111111111111111111111111111111111111441111111111111111111111333333111111111111111111111111
1111111111111111111111111111111111114333331111441111111111111121111111322233111111111111111111111111
1133311111111111111111111111111111133333331111441111111111111221114111122111111111111111111111111111
1133333111114111111111111111111111133333331111441111111111111333314111122111111111111111111111111111
2133333114444111111111111111114111133333331111141111111111111333333111114111111111111111111111111111
2222333111114111111111111111111111133333331111111111111111111333333111114444111111111111111144411111
1111133111114443311144411111411111111331111111111333111111441333333111111111111111111333111144411111
1111333311112223311144411114411111111111111111111334111114441133341111111111111111113333211144111111
1111333311112223311111411111111111111111111111111111441114441111141111111111121111113333233311111111
1221333311112223344111111111111111111111111111111111441114444111111111111111141111113333333311114111
1221133311111133444111111111111114443111111111114111111111111111111111111111444411311111333311114111
1221111111111111111111111111111114443111111333114444111111111111111111111111114411111111333311444111
2221131111111111111111111111331111114111113333111114111111113331141111111111114411111111221111114111
2222231111114411111111122111333311114444111133111111111111113334433311111111114411111111111111111111
2222231111111411111111132111333311114444111111111111111111113334433333144441111111111111111441111112
2222211111111111111113332111333311111111111111111111111111111144433333111141111111111133111111113114
1111111111111111111113332111144411111111111111111111111111111144433333311114441111111133111111113111
1111111111111111111111111111333331111111111111111111111111111111133333111114441111111234411111113331
1111133331111111111111111113333331111111111111111144111111111111133331111114441111111124444444111111
1111134422211133311111111111333331111111111111111111111111111111111111111111111111111124441111113311
1111134422221113111111111111113311111111111111444111111111111111111114411111111111111121111111333111
4111114422221111111111111111111111111111111111444111111111111111111114111111111111111111111111333114
4411111411111111111111111111111111111111111144444222111111111111111114111111111111111111111113333114
3333111111111111111111111111111111111111111144442222111111111111111114111111111111111111111113333111
3333111111111111111111111111111111111111111144442222111111111111111144441111111111111112111111111111
1144111111131111111111111111111111111111111144444111111111111111111144441111111111111112111111111111
1144111111444111111111111441111111111111111111111111111111111111111133111111111111441142111111111111
1144111113444111111111111441111111111111111111111111111111111111111111111111111111111144111133331111
1144111444444111111111144441111111111111111111444111111111111111111111113311111111111111111133331111
1144111444441111121111144441111111111111111111144111111111111111111111113311111111111111111131111111
1111111444441111111111114441111111111111111111111111111111441111111111111311111111111111111111111111
1333311444441111111111114411111111111111111111111111111111441111114111111111111111133311111111111111
1333311341111111111111111411111111111111111114411111111111141111114441111111111111133311111111111111
1333111311111114111111111411111111111111111133333333311111111111111141111133111111333311111111111111
1111111111111444411111111442111111133311111133333333333111111111111141111111111111331111111111333331
1111111111111444411111144442111111333311111133333333311111111111111141111111111111111111111111333331
1111111111111444411111442222111333333311111133333333311111111111111441111444111111111111111111333331
1111111111111211111111111111111333311311111133333111111144111111111141111444224111111111111111133331
1111111111111111111141111111111333311111111111111111111411111111111141111444224111111111111111111111
1111111111111111111141111111111333344111111111111111111111111111111111111124441111111111133111114111
1111111111111111111111111111111333344111111111111111111111111111111111111114441111331111333311114111
1111111111111111111111111111111144441111111111111111111111411144411111111114441122331111333341111111
1111111111111141111111111111111111111111111111113333311111411144421111441114411444133331333341113333
1111111111111111111111111111111111111111111111113333331111411114421111441111111444133331111144113333
1111111111111111111111111311111111111133111111113333331114441114411111443311111444111111111111133333
1111111111111111111111333333111111111111111111113333331114441111111141113311111111111111111111133333
1111133331111111111111133333111111111111111111112222131114222441111141113311141111111111411111111331
1111333331111411111111133333111111111111111111111211111112222444211111111111141111111114411111111111
1141333331111444111441113333341111111111111111112211111112222444111111111111141111111111111111111111
1111333331111222111441133333341111111111111111111111111213333411111111111111144111111111111111111111
1111331111111221111331111113311111111111111111111111111333311111114111111111444111114411111111111111
1111111111111221113331111111111111111111111144111111111333311113311111111111114411114411111111111111
1111111111111211113334411111111221111114111133111111111333311144411111111111113333111111122211111111
1111114411111113333344441111111211114441111333311111111333311244411111111111113333311111122224411111
1111114411111133331114441111111221111111111333311111111111111244411111111111133333311113322224411111
1111111111111133331114441111142221111111111333311111111111111222244411111111113333311133322224411111
1331111111111333341114441111143333111111111333311111111111111322444411444111113333341133333111111111
3331122221111334441111111111133333311111111111111111111111111111111111444111111111111133333113331111
3331422221111324441111111111113333311111111111111111111111133311111133111111111111111133331123311111
3114422222111322211111111111110303341111111111111111111111333311111333333112222111111111111123311111
1111422222133312221111111111110000341111111133311111111113333311111333333114222111111111111123311111
4111423332133311111111111111113333341111111133331111111113333344111333333114222113111111111111111144
4111433333333311111333111333333324444441111133331114211111333344111133333114442223111111111111111144

1111333333333331113333332333333331111111111333333144111113333334111333333311442222111111111111111111
1111133333331111113333332333333341111111111133333144111113333341111333333311112222111111111111111111
1111113333331111113333332233333311111111112133331133331444114441111333333311111221111111111111111111
3111111133311111113333312223333311111111111111111111111444111111113333333311111111111111111111111111
3444441111111111111111112324442111111111111111111111111444111111113333311111111111111111114111111111
3444441111111111111111123334442111111111111111111111111111111111113333111111111111111111114441111111
1444444411111111111111113344442113111111111111111111111111111111113333311111111111111111114411111111
1444444411111111111111113111113333311111111444111111111112221111113331111111111111111111114411111111
1444444411111111111111111111113333311111111444111111111112221111111111111111111111111111111111111111
1444111411113111111111111111133333311111111111111111111112221111111111111111111111111111111111111111
1444111111113111111121111111113331111111111111111111111111111111111111111111111111111111111111111111
4444111111133111111122211111111111111111111111111111111111111111111111111111111111111111111111111114
1144411111113111111122211111111111111111111111111111111111111111111111111111111111111111111333111111
1111114111113333311122211111111111111111111111111111111133311111111111111111111111111111111333311441
1111114442213333311122211111111111111111111111111111111133311111111111111111111111111111111333311111
1111114442213333331111211111111111111111111111111111111111111111111111111111111111111111111333311111
1111114441113333331113333331111111111111111111111111111111112111111111111111111111133311111111111411
4411111111113333331133333331311111111111222211111111112222222111111111111111111111333331111111111114
4411111111113333331133333333311133333111111211111111111122222111111111111111111111333331111111111114
4411111111111111111133333333334433333311111211111111111122222111111111111111111111333333111111111114
1111111111111111111133114333333433333311111111111111111112211111111111111111111111333333111111111111
1111111111111111111111114333332223333311111142221111111111111111111111111111111111333333111111111111
1111111111111111111111114333322222333311111111121111111111111111111333331111111111111111111111111111
1111111111111111111111111111322221333311111111111111111111111111111333333111111111111111111111111111
1133333311111111111111111111322221133311111111111123311111111111111333333111111111111111111111111111
1133333311111111111111111111111111111111111111122333311111111111111333333111111111111111111111111111
1333333311111111111111111111111111111111111111122333311111111111111333333111111111111111111111111111
3333333333444443311111111111111111111111111111122333311111111111111333333111111111111111111111111111
3333333333344433331111113333313333331111111111122333311111111111111333333111111111111111111111111111
3333333333311333331111113333313333333111111111113333311111111111111111111111111111111111111111111111
3333333333311333321111113333313333333111111111111111111111111111111111111111133333111111111111111111
3333333333311333321111113333313333333111111111111111111111111111111111111111133333311111111111111111
1111113333331333321111111111113333333111333311111111111111111111111111111111133333311111111111111111
1111111111111333321111111111113333333113333311111111111111111111111111111111133333311111141111111111
1111111111111111111111111111111111111143333311111111111111111111111111111111133331111111141111111111
1111111111111111111111111111111111111143333311111111111111111111111111111111113331111144441111111111
1111111111111111111111111111111111111143333311111111111111111111111113333333311111111144441111111111
1111111111111111111111111111111111143333333311111111111111111111111113223333311111111111111111111111
1333331111111111111111111111111111333333333111111111111111111222111113223333311111111111111111111111
1333333311111111111111111111111111333333333111111111111111113333331113222333311111111111111111111111
1333333311111111111111111111111111333333333111111111111111113333333311111111111111111111111111111111
1333333311111111111111111111111111333333333111111111111111113333333311111111111111111111111111111111
1333333311111113331111111111111111333333333111113333311111113333333311111111111111113333311144411111
1113333331112233331111111111111111333333333111113333111114443333333311111111111111133333321144411111
1113333331112233331111111111111111113333111111113333111114411333333311111111111111133333333334411111
1113333331112233334111111111111111111111111111113333111114411133331111111111111111133333333331111111
1113333331112233334111111111111111111311111111111111111114411111111111111111111111133333333331111111
2223333331112233331111111111111111114311113333311111111111111111111111111111111111133333333331111111
2211133331111133311111111113333111111111133333311111111111113333111111111111111111111113333331111111
2211133111111111111111111113333331111111113333311111111111133333333331111111111111111113333331111111
2222223111111111111111333213333331111111113333311111111111133333333333311111111111111111111111111112
2222223111111111111133333113333331111111111333311111111111133333333333311111111111111333311111111112
2222223111111111111133333113333331111111111111111111111111133333333333311111111111111333311111133312
1111111111111111111133333113333333111111111111111111111111111444333333311111141111111333311111133331
1111133311111111111133333133333333111111111111111111111111111111333333331114441111111333411111133331
1111344442211333331111111133333333111111111111111111111111111111333333311114441111111344411111133333
1111344442221133331111111133333333111111111111111111111111111111333333111111111111111144411111333311
1111344442221133331111111113333333111111111111141111111111111111111111111111111111111111111113333311
1111344422221133311111111111133331111111111111141111111111111111111111111111111111111111111133333314
3333314111111111111111111111111111111111111111141222211111111111111111111111111111111111111133333313
3333311111111111111111111111111111111111111144444222211111111111111111111111111111111111111133333313
3333311111111111111111111111111111111111111144444222211111111111111111111111111111111111111133333313
3333311111444111111111111111111111111111111144444111111111111111111144411111111111111111111111111113
1111111114444111111111111111111111111111111111111111111111111111111144411111111111111111111333333111
1111111144444111111111111141111111111111111111111111111111111111111331113331111111111111111333333111
1111111444441111111111111141111111111111111111111111111111111111111111133331111111111111111333333111
1111111444441111111111111441111111111111111111111111111111111111111111133331111111111111111333333111
3333311444411111111111111111111111111111111111111111111111111111111111133331111111333331111333111111
3333331411141111111111111111111111111111111111111111111111111111111111113331111111333331111111111111
3333333411111111111111111111111111111111111333333333331111111111111111111333311113333331111111111111
3333333311111111111111111111111111333331111333333333333311111111111111111333311113333331111113333333
3333313331111111411111111444111113333331111333333333333311111111111111111111111113333331111113333333
1111111111111444411111111444113333333331111333333333333111111111111111111111111113333111111113333333
1111111111111444411111141444113333333331111333333333331111111111111111111444411111111111111113333333
1111111111111111111111111111113333333331111333333333331111111111111111111444421111111111111113333333
1111111111111111111111111111113333334111111333333311111111111111111111111444421111111111333311333333
1111111111111111111111111111113333334111111111111111111111111111111111111144421113333113333331111111
1111111111111111111111111111113333334111111111111111111111111111111111111114441113333113333331111111
3111111111111111111111111111113333334111111111133333331111111144441111111111441443333333333331133333
3111111111111111111111111111111111111111111111133333333111111111441111111114441443333333333331133333
3111111111111111111111113331111111111133311111133333333111111111441111133331111444333333333331133333
3111111111111111111113333333311111111333311111133333333114411111441111133331111444133333111111333333
3111333333111111111113333333311111111333311111133333333114411111111111133331111111111111111111333333
3113333333111111111111333333311111111111111111113333333112222241111111133331111111111111111111333333
1113333333111111111111333333331111111111111111111111133112222241111111133331111111111111111111113333
1113333333111111111111333333331111111111111111111111111132222241111111111111111111111111111111111111
1113333333111111113333133333331111111111111111111111113333332211111111111111111111111111111111111111
1113333333111111133333133333331111111111111111111111113333333111311111111111111111111111111111111111
1113333111111111133333111133331111111111111333311111113333331144411111111111113333311111111111111111
1111111111111133333333441111111111111111113333331111113333331444411111111111133333331111222221111111
1111111111111333333333441111111111111111113333331111113333331444411111111111333333331133322224411111
1111111111111333333331441111112111111111113333331111113333311444411111111111333333331333332224411111
3333111111113333333111441111433333311111113333331111111111111444411111111111333333331333333224411111
3333111111113333333114441111333333331111113333331111111111111222211111111111133333331333333313331113
3333222221113333331111111111333333331111113333331111111111333322211333311111133333331333333333333113
3333222221113333411111111111133333331111111111111111111113333331113333333311122111111333333333333113
3331222221133322411111111111133303331111111333331111111133333331113333333312222111111333333133331113
1111233333333332111111111111133000331111111333333111111133333334113333333312222111311111111133331111
1111333333333331113333313333330000031111111333333111111133333334113333333312222112311111111133331111
1111333333333331113333312333333333331111111333333144111133333334113333333311442222111111111111111111

1113333333333333133333333333333333333111113333333311111333333333133333333331442222111111111111111111
1113333333333333133333333333333333111111113333333311111133333333113333333331112222111111111111111111
1111333333333111133333333333333331111111111333333333311443333331133333333331112222111111111111111113
3111133333333111133333333333333331111111111333333333311444111111133333333331111111111111111111111113
4444411133331111133333333333333331111111111111111111111444111111133333333331111111111111111111111113
4444411111111111111111133333444233311111111111111111111111111111133333331111111111111111111111111111
4444411111111111111111133333443333331111111111111111111111111111133333331111111111111111111111111111
1444444411111111111111133331133333331111111111111111111122221111133333331111111111111111111111111111
1441111111133311111111133111133333331111111111111111111122221111133333111111111111111111111111111111
1141111111133311111111111111333333331111111111111111111122221111111111111111111111111111111111111111
1141111111333311111111111111333333331111111111111111111111111111111111111111111111111111111111111111
1111111111333311111222211111133333111111111111111111111111111111111111111111111111111111113333311111
1111111111133333331122211111111111111111111111111111111333331111111111111111111111111111113333331111
1111111111133333331122211111111111111111111111111111111333331111111111111111111111111111113333331111
1111111114133333333122211111111111111111111111111111111333331111111111111111111111111111113333331111
1111114441133333333133333333111111111111111111111111111133311111111111111111111111333331113333331111
1111114441133333333333333333331111111111111111111111111111222111111111111111111113333333113333331111
4411111111133333333333333333331333333311111111111111111122222111111111111111111113333333111111111114
4411111111133333333333333333333333333331111111111111111122222111111111111111111113333333311111111114
4411111111133333333333333333333333333331111111111111111122222111111111111111111113333333311111111114
1111111111111111111333333333333333333331111111111111111122222111111111111111111113333333311111111111
1111111111111111111333313333333333333331111111111111111111111111113333333111111113333333311111111111
1111111111111111111111113333333233333331111111111111111111111111113333333311111113333333311111111111
1333333331111111111111113333332223333331111111111133331111111111113333333311111111111111111111111111
1333333331111111111111111113332211333331111111113333331111111111113333333311111111111111111111111111
3333333331111111111111111113111121333331111111123333331111111111113333333311111111111111111111111111
3333333333311133331111111111111111111111111111123333331111111111113333333311111111111111111111111113
3333333333334333333111133333333333333111111111123333331111111111113333333311111111111111111111111113
3333333333333333333111133333333333333311111111123333331111111111113333333311111111111111111111111113
3333333333333333333111133333333333333311111111123333331111111111113333333311333333311111111111111113
3333333333333333333111133333333333333311111111133333331111111111111111111111333333331111111111111113
3333333333333333331111133333333333333313333331111111111111111111111111111111333333331111111111111113
3333333333333333331111133333333333333333333331111111111111111111111111111111333333331111111111111113
1111133333333333332111111111133333333333333331111111111111111111111111111111333333331111111111111111
1111111111113333331111111111133333333133333331111111111111111111111111111111333333331111111111111111
1111111111111111111111111111111111111133333331111111111111111111111133333333333333111111111111111111
1111111111111111111111111111111111433333333331111111111111111111111132233333333333111111111111111111
3333333111111111111111111111111113333333333331111111111111111222111132233333331111111111111111111111
3333333331111111111111111111111113333333333331111111111111133333333132233333331111111111111111111111
3333333331111111111111111111111113333333333311111111111111133333333332233333331111111111111111111111
3333333331111111111111111111111113333333333311111111111111133333333332113333331111111111111111111111
3333333331111133333111111111111113333333333311133333331111133333333331111111111111133333331111111111
3333333333112333333111111111111113333333333311133333331111133333333331111111111111333333332444411111
3333333333112333333111111111111113333333333311133333331111133333333331111111111111333333333333411111
1133333333112333333111111111111113333333333311133333311111133333333331111111111111333333333333411111
1133333333112333333111111111111111133333311111133333311111113333333331111111111111333333333333411111
1133333333112333333111111111111111113331133333333333311111111333333111111111111111333333333333111111
2133333333112333333111111133333311113331333333331111111111133333311111111111111111333333333333111112
2113333333112333333111111133333333113331333333331111111111333333333333111111111111333333333333111111
2111333333111333331113333333333333111111333333331111111111333333333333331111111111111133333333111112
2222222311111111111333333333333333111111133333331111111111333333333333331111111111113333333333111112
2222222311111111111333333333333333111111133333331111111111333333333333331111111111113333331111333332
2222222311111111111333333333333333311111113333331111111111333333333333331111111111113333331111333332
1111133311111111111333333333333333311111111111111111111111333333333333333111111111113333331111333333
1111444411111333333333333333333333311111111111111111111111111113333333333111111111113333331111333333
3113444442221333333333333333333333311111111111111111111111111113333333333111111111113333311113333333
3113444422221333333111111333333333311111111111111111111111111113333333331111111111113444411133333333
1113444422221333333111111333333333311111111111111111111111111113333333311111111111111111111333333331
3333334422221333333111111133333333311111111111111111111111111111111111111111111111111111111333333333
3333331111111333331111111111333333111111111111111122211111111111111111111111111111111111111333333333
3333331111111111111111111111111111111111111141111122211111111111111111111111111111111111111333333333
3333331111111111111111111111111111111111111144442222211111111111111111111111111111111111111333333333
3333331114444111111111111111111111111111111144444111111111111111111111111111111111111111113333333333
3333331144444111111111111111111111111111111111111111111111111111111111133333111111111111113333333333
1111111444411111111111111111111111111111111111111111111111111111111111333333111111111111113333333311
1111111444411111111111111111111111111111111111111111111111111111113311333333111111111111113333333311
3333331444111111111111111111111111111111111111111111111111111111111111333333111113333333113333333313
3333333111111111111111111111111111111111111111111111111111111111111111333333111113333333113333333313
3333333311111111111111111111111111111111113333333333333111111111111111333333331133333333113333311113
3333333331111111111111111111111113333333113333333333333331111111111111133333331133333333111133333333
3333333331111111111111111111111133333333113333333333333331111111111111113333331133333333111133333333
3333333333111111111111111144113333333333113333333333333331111111111111113333331133333333111133333333
3333333333111111111111111144133333333333113333333333333331111111111111111111111133333333111133333333
3111111111111111111111111144133333333333113333333333333311111111111111111444441133333311111133333333
3111111111111111111111111111133333333333113333333333333111111111111111111444441111111113333333333333
3111111111111111111111111111133333333333113333333333333111111111111111111444441133333333333333333333
3111111111111111111111111111133333333111113333333331111111111111111111111444441133333333333333333333
3311111111111111111111111111133333333111111111333333333111111111111111111111111133333333333333333333
3311111111111111111111111111133333333111111111333333333311111111111111111111111133333333333333333333
3311111111111111111111133333133333333333331111333333333311111111111111333311111133333333333333333333
3311111111111111111133333333331111113333331111333333333311111111111111333333111133333333333333333333
3313333333311111111133333333331111113333331111333333333311111111111111333333111143333333333333333333
3333333333311111111133333333331111113333331111333333333311111111111111333333111111333333311113333333
3333333333311111111133333333333111113333331111333333333322222221111111333333111111111111111113333333
3333333333311111111113333333333111111111111111133333333322222221111111333333111111111111111113333333
3133333333311111133333333333333111111111111111111111333333333221111111333333111111111111111111133333
1133333333311111333333333333333111111111111111111111133333333221111111111111111111111111111111111111
1133333333311111333333333333333111111111113333331111133333333311111111111111133333331111111111111111
1133333333311333333333333333333111111111133333333111133333333344411111111111333333333111111111111111
1133333311113333333333341333333111111111133333333111133333333444411111111113333333333333332221111111
1111111111113333333333341111111111111111133333333111133333333444411111111113333333333333333222411111
3333311111133333333333341111333333331111133333333111133333333444411111111113333333333333333322411113
3333311111133333333331111113333333333111133333333111133333332222211111111113333333333333333333333133
3333311111133333333311111113333333333111133333333111111113333332213333331113333333333333333333333333
3333322222133333333311111113333333333111133333333111111133333333233333333331333333333333333333333333
3333322222333333333111111113333333333111133333333111111333333333133333333331133333333333333333333333
3333333333333333341111111111333303333111113333333311111333333333133333333331222113333333333333333333
3333333333333333233333333333333000333111113333333311111333333333133333333332222111333333333333333133
1113333333333333133333333333330000033111113333333311111333333333133333333331222111111111111333333111
1113333333333333133333333333333300003111113333333311111333333333133333333331442222111111111333333111

1133333333333333333333333333333330000311133333333331113333333333333333333333444222111111113333333311
3133333333333333333333333333333333333311133333333333333333333333333333333333111222111111111111111133
3333333333333333333333333333333333311111133333333333311333333333333333333333111222111111111111111133
3313333333333311333333333333333333111111113333333333311433333333333333333333111111111111111111111133
4444333333333311333333333333333333331111113333333333311444411111333333333333111111111111111111111133
4444111333333111333333333333333333333111111111111111111111111111333333333333111111111111111111111111
1144111111111111111111333333333333333111111111111111111111111111333333333111111111111111111111111111
1111111111333331111111333333333333333111111111111111111122221111333333333111111111111111111111111111
1111111111333331111111333333333333333111111111111111111122221111333333333111111111111111111111111111
1111111113333331111111133313333333333111111111111111111122221111333333311111111111111111111111111111
1111111113333331111111111113333333333111111111111111111111111111111111111111111111111111133333331111
1111111113333333331122211113333333333111111111111111113333333111111111111111111111111111133333333111
1111111113333333333122211111333333311111111111111111113333333111111111111111111111111111133333333111
1111111111333333333122211111111111111111111111111111113333333111111111111111111111111111133333333111
1111111111333333333333333333311111111111111111111111113333333111111111111111111113333333133333333111
1111111111333333333333333333333111111111111111111111113333333111111111111111111133333333333333333111
1111111111333333333333333333333333333331111111111111111333332111111111111111111133333333333333333111
4411111111333333333333333333333333333333111111111111111122222111111111111111111133333333333333333114
4411111111333333333333333333333333333333111111111111111122222111111111111111111133333333331111111114
4411111111333333333333333333333333333333111111111111111122222111111111111111111133333333331111111114
1111111111333333333333333333333333333333111111111111111122222111133333333311111133333333331111111111
1111111111111111113333333333333333333333111111111111111111111111133333333331111133333333331111111111
3333333333111111113333333333333333333333111111111333333111111111133333333331111133333333331111111111
3333333333111111111111133333333333333333111111133333333111111111133333333331111133333333331111111111
3333333333111111111111133333333233333333111111133333333111111111133333333331111111111111111111111113
3333333333331333333111111133333113333333111111233333333111111111133333333331111111111111111111111133
3333333333333333333311333333333333333333111111133333333111111111133333333331111111111111111111111133
3333333333333333333311333333333333333331111111133333333111111111133333333331111111111111111111111133
3333333333333333333311333333333333333331111111133333333111111111133333333333333333331111111111111133
3333333333333333333311333333333333333331111111133333333111111111133333333333333333333111111111111133
3333333333333333333311333333333333333333333333333333333111111111133333333333333333333111111111111133
3333333333333333333311333333333333333333333333333333333111111111111111111113333333333111111111111133
3333333333333333333111333333333333333333333333111111111111111111111111111113333333333111111111111133
3333333333333333333111333333333333333333333333111111111111111111111111111113333333333111111111111133
1111333333333333333111111111333333333333333333111111111111111111111333333333333333333111111111111111
1111111111133333333111111111333333333333333333111111111111111111111322333333333333333111111111111111
3333333311111111111111111111111133333333333333111111111111111111111322333333333333311111111111111113
3333333333111111111111111111111133333333333333111111111111333333333322333333333333311111111111111113
3333333333111111111111111111111133333333333333111111111111333333333332333333333111111111111111111113
3333333333111111111111111111111133333333333333111111111111333333333333333333333111111111111111111113
3333333333111333333311111111111133333333333331333333333111333333333333333333333111333333333111111113
3333333333313333333311111111111133333333333331333333333111333333333333133333333113333333333211111113
3333333333313333333311111111111133333333333331333333333111333333333333111111111113333333333333311113
3333333333313333333311111111111133333333333331333333333111333333333333111111111113333333333333311113
3333333333313333333311111111111133333333333331333333333111333333333333111111111113333333333333311113
1333333333313333333311111111111133333333333333333333331111333333333333111111111113333333333333311111
1333333333313333333311111333333331333333333333333333331111333333333333111111111113333333333333311111
1333333333313333333311111333333333333333333333333333331113333333333333311111111113333333333333311111
1133333333313333333333333333333333333333333333333111111113333333333333333111111113333333333333311111
2233333333313333333333333333333333333333333333333111111113333333333333333111111113333333333333311112
2223333333313333333333333333333333311113333333333111111113333333333333333111111111133333333333333333
2222222331111111113333333333333333331111333333333111111113333333333333333111111111133333333333333333
3222233331111111113333333333333333331111333333333111111113333333333333333311111111133333333113333333
3111133311113333333333333333333333331111133333333111111113333333333333333311111111133333333113333333
3311133311113333333333333333333333331111111111111111111113333333333333333311111111133333333133333333
3334444422223333333333333333333333331111111111111111111111111133333333333311111111133333333333333333
3333344422223333333333333333333333331111111111111111111111111133333333333311111111133333333333333333
3333333422223333333311113333333333331111111111111111111111111133333333333111111111133111113333333333
3333333422223333333311113333333333331111111111111111111111111133333333331111111111111111113333333333
3333333111123333333311111333333333331111111111111112211111111111111111111111111111111111113333333333
3333333111111333333111111113333333311111111111111112211111111111111111111111111111111111113333333333
3333333111111111111111111111111111111111111111111112211111111111111111111111111111111111133333333333
3333333144441111111111111111111111111111111111111111111111111111111111333333311111111111133333333333
3333333444111111111111111111111111111111111111111111111111111111111113333333311111111111133333333333
3333331444111111111111111111111111111111111111111111111111111111133333333333311111111111133333333333
3333333444111111111111111111111111111111111111111111111111111111133333333333311133333333333333333333
3333333344411111111111111111111111111111111111111111111111111111133333333333311133333333333333333333
3333333331111111111111111111111111111111133333333333333311111111111113333333333333333333333333333333
3333333333111111111111111111111133333333333333333333333333111111111113333333333333333333333333333333
3333333333111111111111111111111333333333333333333333333333111111111113333333333333333333333333333333
3333333333311111111111111111133333333333333333333333333333111111111111333333333333333333311333333333
3333333333311111111111111111333333333333333333333333333333111111111111133333333333333333311333333333
3333333333311111111111111111333333333333333333333333333333111111111111133333333333333333311333333333
3333333333311111111111111111333333333333333333333333333333111111111111111444441333333333333333333333
3311111111111111111111111111333333333333333333333333333331111111111111111444441133333333333333333333
3311111111111111111111111111333333333333333333333333333311111111111111111444441333333333333333333333
3331111111111111111111111111333333333333333333333333333311111111111111111444441333333333333333333333
3331111111111111111111111111333333333311133333333333333331111111111111111111111333333333333333333333
3331111111111111111111333333333333333333333113333333333331111111111113333331111333333333333333333333
3331111111111111111333333333333333333333333113333333333331111111111113333333311333333333333333333333
3333333333331111111333333333333333333333333113333333333331111111111113333333311333333333333333333333
3333333333331111111333333333333111133333333113333333333331111111111113333333311333333333333333333333
3333333333331111111333333333333311133333333113333333333332111111111113333333311133333333333333333333
3333333333331111111333333333333311133333333113333333333332222221111113333333311113333333331133333333
3333333333331111333333333333333311133333333113333333333333333321111113333333311111111111111133333333
3333333333331113333333333333333311111111111111333333333333333321111113333333311111111111111133333333
3333333333331113333333333333333311111111133333333113333333333331111113333333333333333111111111333333
1333333333333333333333333333333311111111333333333311333333333331111111111113333333333311111111111111
1333333333333333333333333333333311111111333333333311333333333331111111111133333333333333333111111111
1333333333333333333333333333333311111111333333333311333333333334411111111133333333333333333311111111
3333333331333333333333333333333333333111333333333311333333333344411111111133333333333333333332241133
3333331111333333333333331133333333333311333333333311333333333322211111111133333333333333333333333333
3333331111333333333333331133333333333311333333333311333333333333223333333133333333333333333333333333
3333332111333333333333111133333333333311333333333311333333333333333333333333333333333333333333333333
3333332223333333333331111133333333333311333333333311113333333333333333333333333333333333333333333333
3333333233333333333331111133333333333311333333333331113333333333333333333333333333333333333333333333
3333333333333333333333333333333303333311333333333331113333333333333333333333333333333333333333333333
3333333333333333333333333333333000333311133333333331113333333333333333333333222133333333333333333333
3333333333333333333333333333330000033311133333333331113333333333333333333333444113333333333333333333
1133333333333333333333333333333300003311133333333331113333333333333333333333444222111111113333333311

3333333333333333333333333333333330000331333333333333333333333333333333333333311222111111133333333333
3333333333333333333333333333333333000031333333333333333333333333333333333333311222111111133333333333
3333333333333333333333333333333333333331333333333333333333333333333333333333311222111111111111111333
3333333333333333333333333333333333333111333333333333333333333333333333333333311212111111111111111333
3333333333333333333333333333333333333311133333333333331333333333333333333333311111111111111111111333
3113333333333333333333333333333333333311133333333333331111111113333333333333311111111111111111111333
1111113333333333333333333333333333333311111111111111111111111113333333333333311111111111111111111111
1111111113333333111113333333333333333311111111111111111122221113333333333311111111111111111111111111
1111111133333333111113333333333333333311111111111111111122221113333333333311111111111111111111111111
1111111133333333111113333333333333333311111111111111111122221113333333333311111111111111333333333111
1111111133333333333111333333333333333311111111111111133333333113333333331111111111111111333333333311
1111111133333333333322211133333333333311111111111111133333333311111111111111111111111111333333333311
1111111133333333333322211133333333333311111111111111133333333311111111111111111111111111333333333311
1111111133333333333333333333333333331111111111111111133333333311111111111111111133333333333333333311
1111111113333333333333333333333311111111111111111111133333333311111111111111111333333333333333333311
1111111113333333333333333333333333333333111111111111133333333311111111111111111333333333333333333311
1111111113333333333333333333333333333333311111111111133333333311111111111111111333333333333333333311
4411111113333333333333333333333333333333311111111111113333333111111111111111111333333333333333333314
4411111113333333333333333333333333333333311111111111111122222111111111111111111333333333333333333114
4411111113333333333333333333333333333333311111111111111122222111333333333331111333333333333111111114
1111111113333333333333333333333333333333311111111111111122222111333333333333111333333333333111111111
3333333333333333333333333333333333333333311111113333333311112111333333333333111333333333333111111111
3333333333311111133333333333333333333333311111333333333311111111333333333333111333333333333111111113
3333333333311111133333333333333333333333311111333333333311111111333333333333111333333333333111111133
3333333333333333333311333333333333333333311111333333333311111111333333333333111333333333333111111333
3333333333333333333333333333333333333333311111333333333311111111333333333333111111111111111111111333
3333333333333333333333333333333333333333311111333333333311111111333333333333111111111111111111111333
3333333333333333333333333333333333333333311111333333333311111111333333333333333333333111111111111333
3333333333333333333333333333333333333333111111333333333311111111333333333333333333333311111111111333
3333333333333333333333333333333333333333333333333333333311111111333333333333333333333311111111111333
3333333333333333333333333333333333333333333333333333333311111111333333333333333333333311111111111333
3333333333333333333333333333333333333333333333333333333311111111333333333333333333333311111111111333
3333333333333333333333333333333333333333333333333333333311111111111111111133333333333311111111111333
3333333333333333333313333333333333333333333333311111111111111111113333333333333333333311111111111333
3333333333333333333313333333333333333333333333311111111111111111113223333333333333333311111111111333
3333333333333333333311111113333333333333333333311111111111111111113223333333333333333311111111111133
3333333333333333333311111113333333333333333333311111111113333333333333333333333333333311111111111133
3333333333311111111111111111111333333333333333311111111113333333333333333333333333331111111111111133
3333333333311111111111111111111333333333333333311111111113333333333333333333333333331111111111111133
3333333333313333333331111111111333333333333333333333333313333333333333333333333313333333333311111133
3333333333333333333331111111111333333333333333333333333313333333333333333333333333333333333321111133
3333333333333333333331111111111333333333333333333333333313333333333333333333333333333333333333331133
3333333333333333333331111111111333333333333333333333333313333333333333333333333333333333333333331133
3333333333333333333331111111111333333333333333333333333313333333333333311111111133333333333333331133
3333333333333333333331111111111333333333333333333333333313333333333333311111111133333333333333331133
3333333333333333333331113333333333333333333333333333333313333333333333311111111133333333333333331133
3333333333333333333331113333333333333333333333333333333133333333333333331111111133333333333333331111
3333333333333333333333333333333333333333333333333333333133333333333333333311111133333333333333331111
3333333333333333333333333333333333333333333333333333333133333333333333333311111133333333333333331111
2333333333333333333333333333333333333333333333333311111133333333333333333311111133333333333333333332
3233333333333333333333333333333333333333333333333311111133333333333333333311111133333333333333333333
3333333333333333333333333333333333333133333333333311111133333333333333333331111111333333333333333333
3322333333133333333333333333333333333113333333333311111133333333333333333331111111333333333333333333
3332333333133333333333333333333333333113333333333311111133333333333333333331111111333333333333333333
3333333331233333333333333333333333333111333333333311111133333333333333333331111111333333333333333333
3333333332233333333333333333333333333111111111111111111133333333333333333331111111333333333333333333
3333333442233333333333333333333333333111111111111111111111111333333333333331111111333333333333333333
3333333342233333333333333333333333333111111111111111111111111333333333333331111111333333333333333333
3333333342233333333331133333333333333111111111111111111111111333333333333311111111333311133333333333
3333333311233333333331133333333333333111111111111111111111111333333333333111111111111111133333333333
3333333311133333333331113333333333333111111111111111111111111111111111111111111111111111333333333333
3333333311113333333311111133333333331111111111111111111111111111111113333333331111111111333333333333
3333333311111111111111111111111111111111111111111111111111111111111133333333331111111111333333333333
3333333341111111111111111111111111111111111111111111111111111111333333333333331111111111333333333333
3333333341111111111111111111111111111111111111111111111111111111333333333333331333333333333333333333
3333333331111111111111111111111111111111111111111111111111111111333333333333331333333333333333333333
3333333333111111111111111111111111111111333333333333333331111111333333333333333333333333333333333333
3333333333311111111111111111111333333333333333333333333333311111333333333333333333333333333333333333
3333333333311111111111111111113333333333333333333333333333311111111133333333333333333333333333333333
3333333333331111111111111111333333333333333333333333333333311111111133333333333333333333333333333333
3333333333331111111111111113333333333333333333333333333333311111111133333333333333333333333333333333
3333333333331111111111111113333333333333333333333333333333311111111113333333333333333333333333333333
3333333333331111111111111113333333333333333333333333333333311111111111333333333333333333333333333333
3333333333331111111111111113333333333333333333333333333333311111111111333333333333333333333333333333
3333333333331111111111111113333333333333333333333333333333311111111111111444443333333333333333333333
3333111111111111111111111113333333333333333333333333333333111111111111111444443333333333333333333333
3333111111111111111111111113333333333333333333333333333333111111111111111444443333333333333333333333
3333111111111111111113333333333333333333333333333333333333111111111133333333113333333333333333333333
3333111111111111113333333333333333333333333333333333333333111111111133333333313333333333333333333333
3333333333333111113333333333333333333333333333333333333333111111111133333333333333333333333333333333
3333333333333111113333333333333333333333333333333333333333111111111133333333333333333333333333333333
3333333333333111113333333333333333333333333333333333333333111111111133333333333333333333333333333333
3333333333333111113333333333333331333333333333333333333333211121111133333333333333333333333333333333
3333333333333113333333333333333331333333333333333333333333333331111133333333331333333333333333333333
3333333333333133333333333333333331333333333333333333333333333331111133333333331133333333333333333333
3333333333333133333333333333333331333333333333333333333333333333111133333333333333333311111333333333
3333333333333333333333333333333331111113333333333333333333333333111133333333333333333331111333333333
3333333333333333333333333333333331111113333333333333333333333333111133333333333333333333333313333333
3333333333333333333333333333333331111113333333333333333333333333411111111333333333333333333331111111
3333333333333333333333333333333333333313333333333333333333333333411111111333333333333333333333111333
3333333333333333333333333333333333333333333333333333333333333333411111111333333333333333333333333333
3333333333333333333333333333333333333333333333333333333333333333333333333333333333333333333333333333
3333333113333333333333333333333333333333333333333333333333333333333333333333333333333333333333333333
3333333133333333333333333333333333333333333333333333333333333333333333333333333333333333333333333333
3333333333333333333333311333333333333333333333333333333333333333333333333333333333333333333333333333
3333333333333333333333333333333333333333333333333333133333333333333333333333333333333333333333333333
3333333333333333333333333333333303333333333333333333133333333333333333333333333333333333333333333333
3333333333333333333333333333333000333333333333333333133333333333333333333333333333333333333333333333
3333333333333333333333333333330000033331333333333333133333333333333333333333321133333333333333333333
3333333333333333333333333333333300003331333333333333133333333333333333333333341133333333333333333333

3333333333333333333333333333333330000333333333333333333333333333333333333333331333333333333333333333
3333333333333333333333333333333333000033333333333333333333333333333333333333331222211111333333333333
3333333333333333333333333333333333330003333333333333333333333333333333333333331222111111333333333333
3333333333333333333333333333333333333333333333333333333333333333333333333333331222111111111111113333
3333333333333333333333333333333333333333333333333333333333333333333333333333331111111111111111113333
3333333333333333333333333333333333333331333333333333333333333333333333333333331111111111111111113333
3333333333333333333333333333333333333331333333333333333111121133333333333333331111111111111111113333
1111133333333333333333333333333333333331111111111111111122221133333333333333331111111111111111111111
1111111333333333311133333333333333333331111111111111111222222133333333333331111111111113333333333311
1111111333333333333333333333333333333331111111111111333333333333333333333331111111111113333333333331
1111111333333333333333333333333333333331111111111111333333333333333333333331111111111113333333333331
1111111333333333333332233333333333333331111111111111333333333333333333333111111111111113333333333331
1111111333333333333333333333333333333331111111111111333333333331111111111111111333333333333333333331
1111111333333333333333333333333333333331111111111111333333333331111111111111113333333333333333333331
1111111333333333333333333333333333333333311111111111333333333331111111111111113333333333333333333331
1111111133333333333333333333333333333333331111111111333333333331111111111111113333333333333333333331
1111111133333333333333333333333333333333331111111111333333333331111111111111113333333333333333333331
4411111133333333333333333333333333333333331111111111333333333331111111111111113333333333333333333334
4411111133333333333333333333333333333333331111111111133333333313333333333333113333333333333333333334
4411111133333333333333333333333333333333331111111111111222222113333333333333313333333333333333333314
3333333333333333333333333333333333333333331111133333333322222113333333333333313333333333333311111113
3333333333333333333333333333333333333333331113333333333331111113333333333333313333333333333311111133
3333333333333333333333333333333333333333331113333333333331111113333333333333313333333333333311111333
3333333333333333333333333333333333333333331113333333333331111113333333333333313333333333333311113333
3333333333333333333333333333333333333333331113333333333331111113333333333333313333333333333311113333
3333333333333333333333333333333333333333331113333333333331111113333333333333313333333333333311113333
3333333333333333333333333333333333333333331113333333333331111113333333333333333333333311111111113333
3333333333333333333333333333333333333333331113333333333331111113333333333333333333333331111111113333
3333333333333333333333333333333333333333333333333333333331111113333333333333333333333331111111113333
3333333333333333333333333333333333333333333333333333333331111113333333333333333333333331111111113333
3333333333333333333333333333333333333333333333333333333331111113333333333333333333333331111111113333
3333333333333333333333333333333333333333333333333333333331111113333333333333333333333331111111113333
3333333333333333333333333333333333333333333333333333333331111113333333333333333333333331111111113333
3333333333333333333333333333333333333333333333333333333331111111132233333333333333333331111111113333
3333333333333333333333333333333333333333333333331111111111111111132233333333333333333331111111113333
3333333333333333333333333333333333333333333333331111111133333333333333333333333333333331111111113333
3333333333333333333331111133333333333333333333331111111133333333333333333333333333333331111111111333
3333333333333333333331111133333333333333333333331111111133333333333333333333333333333331111111111333
3333333333333333333333111111113333333333333333333333333333333333333333333333333333333333333331111333
3333333333333333333333111111113333333333333333333333333333333333333333333333333333333333333332111333
3333333333333333333333111111113333333333333333333333333333333333333333333333333333333333333333333333
3333333333333333333333111111113333333333333333333333333333333333333333333333333333333333333333333333
3333333333333333333333111111113333333333333333333333333333333333333333333333333333333333333333333333
3333333333333333333333111111113333333333333333333333333333333333333333333333333333333333333333333333
3333333333333333333333133333333333333333333333333333333333333333333333331111111333333333333333333333
3333333333333333333333133333333333333333333333333333333333333333333333333111111333333333333333333333
3333333333333333333333333333333333333333333333333333333333333333333333333331111333333333333333333333
3333333333333333333333333333333333333333333333333333333333333333333333333331111333333333333333333113
3333333333333333333333333333333333333333333333333333333333333333333333333331111333333333333333333333
3333333333333333333333333333333333333333333333333333333333333333333333333331111333333333333333333333
3333333333333333333333333333333333333333333333333331111333333333333333333333111333333333333333333333
3333333333333333333333333333333333333333333333333331111333333333333333333333111333333333333333333333
3333333333333333333333333333333333333333333333333331111333333333333333333333111113333333333333333333
3333333333333333333333333333333333333333333333333331111333333333333333333333111113333333333333333333
3333333333333333333333333333333333333333333333333331111333333333333333333333111113333333333333333333
3333333333333333333333333333333333333313333333333331111333333333333333333333111113333333333333333333
3333333333333333333333333333333333333311111111111111111333333333333333333333111113333333333333333333
3333333334333333333333333333333333333311111111111111111111113333333333333333111113333333333333333333
3333333334333333333333333333333333333311111111111111111111113333333333333333111113333333333333333333
3333333332333333333333333333333333333311111111111111111111113333333333333331111113333333333333333333
3333333331333333333333333333333333333311111111111111111111113333333333333333333111111113333333333333
3333333331333333333333133333333333333311111111111111111111111111111333333333333111111113333333333333
3333333331133333333331111333333333333111111111111111111111111113333333333333333111111113333333333333
3333333331111111111111111111111111111111111111111111111111111113333333333333333333333333333333333333
3333333333111111111111111111111111111111111111111111111111111113333333333333333333333333333333333333
3333333333311111111111111111111111111113333333333333333333111113333333333333333333333333333333333333
3333333333331111111111111111113333333333333333333333333333331113333333333333333333333333333333333333
3333333333331111111111111111133333333333333333333333333333331113333333333333333333333333333333333333
3333333333333111111111111113333333333333333333333333333333331113333333333333333333333333333333333333
3333333333333111111111111133333333333333333333333333333333331111111333333333333333333333333333333333
3333333333333111111111111133333333333333333333333333333333331111111333333333333333333333333333333333
3333333333333111111111111133333333333333333333333333333333331111111333333333333333333333333333333333
3333333333333111111111111133333333333333333333333333333333331111111133333333333333333333333333333333
3333333333333111111111111133333333333333333333333333333333331111111113333333333333333333333333333333
3333333333333111111111111133333333333333333333333333333333331111111113333333333333333333333333333333
3333333333333111111111111133333333333333333333333333333333331111111111111444433333333333333333333333
3333311111111111111133333333333333333333333333333333333333311111111333333333333333333333333333333333
3333311111111111133333333333333333333333333333333333333333311111111333333333333333333333333333333333
3333333333333311133333333333333333333333333333333333333333311111111333333333333333333333333333333333
3333333333333311133333333333333333333333333333333333333333311111111333333333333333333333333333333333
3333333333333311133333333333333333333333333333333333333333311111111333333333333333333333333333333333
3333333333333311133333333333333333333333333333333333333333321111111333333333333333333333333333333333
3333333333333333333333333333333333333333333333333333333333333333111333333333333333333333333333333333
3333333333333333333333333333333333333333333333333333333333333333111333333333333333333333333333333333
3333333333333333333333333333333333333333333333333333333333333333311333333333333333333333333333333333
3333333333333333333333333333333333333333333333333333333333333333311333333333333333333333333333333333
3333333333333333333333333333333333333333333333333333333333333333311333333333333333333333333333333333
3333333333333333333333333333333333111133333333333333333333333333311333333333333333333333333333333333
3333333333333333333333333333333333333333333333333333333333333333311333333333333333333333333333333333
3333333333333333333333333333333333333333333333333333333333333333311111113333333333333333333333333333
3333333333333333333333333333333333333333333333333333333333333333333333333333333333333333333333333333
3333333333333333333333333333333333333333333333333333333333333333333333333333333333333333333333333333
3333333333333333333333333333333333333333333333333333333333333333333333333333333333333333333333333333
3333333333333333333333333333333333333333333333333333333333333333333333333333333333333333333333333333
3333333333333333333333333333333333333333333333333333333333333333333333333333333333333333333333333333
3333333333333333333333333333333333333333333333333333333333333333333333333333333333333333333333333333
3333333333333333333333333333333303333333333333333333333333333333333333333333333333333333333333333333
3333333333333333333333333333333000333333333333333333333333333333333333333333333333333333333333333333
3333333333333333333333333333330000033333333333333333333333333333333333333333333333333333333333333333
3333333333333333333333333333333300003333333333333333333333333333333333333333332333333333333333333333

3333333333333333333333333333333330000333333333333333333333333333333333333333333333333333333333333333
3333333333333333333333333333333333000033333333333333333333333333333333333333333333333333333333333333
3333333333333333333333333333333333330003333333333333333333333333333333333333333222211113333333333333
3333333333333333333333333333333333333333333333333333333333333333333333333333333222111113333333333333
3333333333333333333333333333333333333333333333333333333333333333333333333333333111111111111111133333
3333333333333333333333333333333333333333333333333333333333333333333333333333333111111111111111133333
3333333333333333333333333333333333333333333333333333333333333333333333333333333111111111111111133333
3333333333333333333333333333333333333333333333333333333222221333333333333333333111111133333333333333
1111333333333333333333333333333333333333111111111113333333333333333333333333333111111133333333333333
1111113333333333333333333333333333333333111111111113333333333333333333333333111111111133333333333333
1111113333333333333333333333333333333333111111111113333333333333333333333333111111111133333333333333
1111113333333333333333333333333333333333111111111113333333333333333333333333113333333333333333333333
1111113333333333333333333333333333333333111111111113333333333333333333333311133333333333333333333333
1111113333333333333333333333333333333333331111111113333333333333111111111111133333333333333333333333
1111113333333333333333333333333333333333333111111113333333333333111111111111133333333333333333333333
1111113333333333333333333333333333333333333111111113333333333333111111111111133333333333333333333333
1111111333333333333333333333333333333333333111111113333333333333111111111111133333333333333333333333
4411111333333333333333333333333333333333333111111113333333333333333333333333333333333333333333333333
4411111333333333333333333333333333333333333111111113333333333333333333333333333333333333333333333333
3333333333333333333333333333333333333333333111333333333333333333333333333333333333333333333333333333
3333333333333333333333333333333333333333333133333333333333222133333333333333333333333333333333333333
3333333333333333333333333333333333333333333133333333333333211133333333333333333333333333333331113333
3333333333333333333333333333333333333333333133333333333333111133333333333333333333333333333331133333
3333333333333333333333333333333333333333333133333333333333111133333333333333333333333333333331133333
3333333333333333333333333333333333333333333133333333333333111133333333333333333333333333333331133333
3333333333333333333333333333333333333333333133333333333333111133333333333333333333333333333331133333
3333333333333333333333333333333333333333333133333333333333111133333333333333333333333333333331133333
3333333333333333333333333333333333333333333333333333333333111133333333333333333333333333111111133333
3333333333333333333333333333333333333333333333333333333333111133333333333333333333333333111111133333
3333333333333333333333333333333333333333333333333333333333111133333333333333333333333333111111133333
3333333333333333333333333333333333333333333333333333333333111133333333333333333333333333111111133333
3333333333333333333333333333333333333333333333333333333333111133333333333333333333333333111111133333
3333333333333333333333333333333333333333333333333333333333111133333333333333333333333333111111133333
3333333333333333333333333333333333333333333333333333333333111133333333333333333333333333111111133333
3333333333333333333333333333333333333333333333333333333333333333333333333333333333333333111111133333
3333333333333333333333333333333333333333333333333111111333333333333333333333333333333333111111133333
3333333333333333333333333333333333333333333333333111111333333333333333333333333333333333111111133333
3333333333333333333333311333333333333333333333333333333333333333333333333333333333333333333333113333
3333333333333333333333311333333333333333333333333333333333333333333333333333333333333333333333213333
3333333333333333333333311111133333333333333333333333333333333333333333333333333333333333333333333333
3333333333333333333333311111133333333333333333333333333333333333333333333333333333333333333333333333
3333333333333333333333311111133333333333333333333333333333333333333333333333333333333333333333333333
3333333333333333333333311111133333333333333333333333333333333333333333333333333333333333333333333333
3333333333333333333333333333333333333333333333333333333333333333333333333333333333333333333333333333
3333333333333333333333333333333333333333333333333333333333333333333333333333333333333333333333333333
3333333333333333333333333333333333333333333333333333333333333333333333333333113333333333333333333333
3333333333333333333333333333333333333333333333333333333333333333333333333333113333333333333333333333
3333333333333333333333333333333333333333333333333333333333333333333333333333113333333333333333333333
3333333333333333333333333333333333333333333333333333333333333333333333333333113333333333333333333333
3333333333333333333333333333333333333333333333333333333333333333333333333333313333333333333333333333
3333333333333333333333333333333333333333333333333333333333333333333333333333313333333333333333333333
3333333333333333333333333333333333333333333333333333113333333333333333333333313333333333333333333333
3333333333333333333333333333333333333333333333333333113333333333333333333333313333333333333333333333
3333333333333333333333333333333333333333333333333333113333333333333333333333311133333333333333333333
3333333333333333333333333333333333333333333333333333113333333333333333333333311133333333333333333333
3333333333333333333333333333333333333333333333333333113333333333333333333333311133333333333333333333
3333333333333333333333333333333333333333333333333333113333333333333333333333311133333333333333333333
3333333333333333333333333333333333333331111111111111113333333333333333333333311133333333333333333333
3333333333333333333333333333333333333331111111111111111111133333333333333333311133333333333333333333
3333333333333333333333333333333333333331111111111111111111133333333333333333333333333333333333333333
3333333333333333333333333333333333333331111111111111111111133333333333333333333333333333333333333333
3333333333333333333333333333333333333331111111111111111111133333333333333333333311111133333333333333
3333333333333333333333333333333333333331111111111111111111111133333333333333333333333333333333333333
3333333333333333333333113333333333333311111111111111111111111133333333333333333333333333333333333333
3333333333331111111111111111111111111133333333333333333333311133333333333333333333333333333333333333
3333333333333111111111111111133333333333333333333333333333333133333333333333333333333333333333333333
3333333333333111111111111111333333333333333333333333333333333133333333333333333333333333333333333333
3333333333333311111111111133333333333333333333333333333333333133333333333333333333333333333333333333
3333333333333311111111111333333333333333333333333333333333333133333333333333333333333333333333333333
3333333333333311111111111333333333333333333333333333333333333133333333333333333333333333333333333333
3333333333333311111111111333333333333333333333333333333333333111113333333333333333333333333333333333
3333333333333311111111111333333333333333333333333333333333333111113333333333333333333333333333333333
3333333333333311111111111333333333333333333333333333333333333111113333333333333333333333333333333333
3333333333333311111111111333333333333333333333333333333333333111111333333333333333333333333333333333
3333333333333311111111111333333333333333333333333333333333333111111133333333333333333333333333333333
3333333333333311111333333333333333333333333333333333333333333111113333333333333333333333333333333333
3333333333333311333333333333333333333333333333333333333333333111113333333333333333333333333333333333
3333333333333331333333333333333333333333333333333333333333331111113333333333333333333333333333333333
3333333333333331333333333333333333333333333333333333333333331111113333333333333333333333333333333333
3333333333333331333333333333333333333333333333333333333333331111113333333333333333333333333333333333
3333333333333331333333333333333333333333333333333333333333332111113333333333333333333333333333333333
3333333333333333333333333333333333333333333333333333333333333333313333333333333333333333333333333333
3333333333333333333333333333333333333333333333333333333333333333313333333333333333333333333333333333
3333333333333333333333333333333333333333333333333333333333333333333333333333333333333333333333333333
3333333333333333333333333333333333333333333333333333333333333333333333333333333333333333333333333333
3333333333333333333333333333333333333333333333333333333333333333333333333333333333333333333333333333
3333333333333333333333333333333333333333333333333333333333333333333333333333333333333333333333333333
3333333333333333333333333333333333333333333333333333333333333333333333333333333333333333333333333333
3333333333333333333333333333333333333333333333333333333333333333333333333333333333333333333333333333
3333333333333333333333333333333333333333333333333333333333333333333333333333333333333333333333333333
3333333333333333333333333333333333333333333333333333333333333333333333333333333333333333333333333333
3333333333333333333333333333333333333333333333333333333333333333333333333333333333333333333333333333
3333333333333333333333333333333333333333333333333333333333333333333333333333333333333333333333333333
3333333333333333333333333333333333333333333333333333333333333333333333333333333333333333333333333333
3333333333333333333333333333333333333333333333333333333333333333333333333333333333333333333333333333
3333333333333333333333333333333333333333333333333333333333333333333333333333333333333333333333333333
3333333333333333333333333333333303333333333333333333333333333333333333333333333333333333333333333333
3333333333333333333333333333333000333333333333333333333333333333333333333333333333333333333333333333
3333333333333333333333333333330000033333333333333333333333333333333333333333333333333333333333333333
3333333333333333333333333333333300003333333333333333333333333333333333333333333333333333333333333333

