2412102023324101341242231332322011220241031323324100233122342204214124130331034324144104422201012323
3403110141133040001233220121341331340204110322433431044033302402242413141344012210214322210203120344
3342040110310013344221112021411313044202311323110210114104300102133311403403344410400223210210330403
0322312023410114143043111144213301221003120242002222234022224020204301133431444431324122433122421300
3103013020032310324032230000342422103030114311120132134120410331413311411424004404222302021002114410
4314132424440220203213104210210221320043124442120304402022243124213423404044444132222202114400412024
4421123221300420340120243432420111012221113344202440410043020210320342313411410232203102242244030202
3334233122113422120042332034330202034444112213440141411133143312422001200100143012302202311001322204
2222324420404242220211041413423441224434442333330112443243442210040321223340344222222442014010131222
2104314443011204310230312023012202002433222103232021214242330314434404230441223020201100422121220121
3303003402023443433423330202230003240000301423233440032113012212132410214410132104241111014201200313
0144043340332313112420134224020212402230210222130444243404332224033410144221340233120424013004433324
2201303124214120413042203433420201001231243332142124142300100031032122311021121032003002133040243430
3412234013032030412022210133403332342434401434213334340123011333124343204314423301321121420422401242
2133242330442403104413022112332203021334031343330020412412200044302400020141344212104031414123024213
2201400132104300411003130341433014003213330024012143120143322110320003014201122423232431343432431110
0043440144321112230340400004303342232140430321010441203132324411310231140334042112213343104012043130
0100134232143400024214034431413104334222444210304433333441033033041044141333021013410444222423222432
4243013110413324113301210100413411143200303242342012202230142212101213301442120344110243030121011021
2241412323414323110201423244432223234303242111112424431242333411033201140413420424233131333113314140
0020324322130032300414102434414043213312441404312243222413233100244324232324114401124044230111420240
1304241244321110114000342343332400132441044024341102121244241032000144110141333403101440004320104344
1311332304133420244422444433112032320241402124240442124412440330240104334344121120203332144411323302
2243010303232423031033214010111030242332113340322224333301003122314222214432443002441332100144110324
1010110313023410344001323240341434024404141231402032420012343022432341011141022331403442322144433102
4423022133210003223320132242301014132233413233011011402301111130230041200233340431030303320311011343
4022222440142201213104010210313400203121141411134312423131200223400403323241101042220003331412031314
3242233231324444304230213044414442244024233101103041003122144020433423224320132243231110042312234022
3222043020343101300042311212104031420410131330324100011130142324023111341424414014013441404232113343
3303040004420213204020343040304413222222000031023033023314224240310233223403013403200021303212243032
1112143300010313233401124034334131322211403320132213244010241331440030244343434422201020214201440031
2332341042342022120341333212304011423133001422023242222003131400000013021001440302421324043044130244
1323303244420323032423304301223412131142302411002002203111222114031324231143323404330101044000303300
2130011104033122300441411102113243122433441121330313104013434301004301122432214324422212310233242420
3431141232243023420021100213322234332144011031343044402031234441312120302043210123442304322143222041
0244021242314404444442002043301044222343021402412332034311111043424400131231233114144204241433034132
0343041122342334134323231344224234221400031022003131203331313310242024331320021024441303403400230114
0012332210342132303343410220033300423011203433124443102200111301242443041142223314132021133004433413
4240401121411440141440231021313440323144104002303013331430242231323322330433442400401003024432244432
2240341241434342300314043124012112241232022420042403401004323342231344200214141023034431434004133100
2421430110332123121031323043300103001310431444043100233020322044111312402242141430001220140401110244
2242221340034342203044411421420443304412133424304110413010111222433224042101333002332304144213222443
4200101221234321033334312340320321220124322414034104332013033113402222141143214321141220340231321431
4043010024213003012003441102244142013113102414103313111341312342100430021411011414242014003413130403
4202042120143141412042213001140321323231102411243234220410241130302121020214230443210103220210422022
0022433440232000130101324302101341013221210412324433101202033041033042002040011220102423203424310403
3311022012121131032343032421340134104130240011324112434432341141131003423330322340334113241101304414
1243231344422113344402202101140213042430403220101441104304121400331300240043244221011304102444411411
4104223124210322340012111334244241242111204001322300432241404041140200131311001133003122033320234340
4341113144434204012242132233433133111140113023032131243101110244221324440101201004111301422002003134
0214032330443301140122231140331424202002402423101233222332034042320011021323141434414231031201132134
2331024303011440141101133423124444040041120412434133141142112242403413320432330320214411122100401004
1122134234402402243011120020424102332002423413101103311012403044011202204104103304043333211102014030
0122303323123044034034221012423002030421323411014022204241240103334102121401043344022014102204434214
4011031331111142214103422123122130334300402221434200001124330330020422230024311040022234244231040232
0210111410013314321403342422421322010221341130313214242413430111430323411314313013314442301400013030
0124310041121330132121323112340344044241444402334214011340432313313012404324040004104340103041243131
3423244430114434401432444310111100420434304410034320134122033222044031212301221404032104423343414034
0132420411231401213213413103240201324231331222111340334042024404021231412134340133230140130124312204
3024103300114133312442420142032104320002241041342313141044110231043320203210131411134423420320112024
3233124333112034414312113412024342302104200004404014000013304100012140103300420103142343323230303041
2042224344003241113120023140124341234201013001111404033244443441122134412214342422101402334323442200
1440114414243232312240403041133400421424421243112130202203124112310232022343103344221014204244320343
3401404231411013143424433330032344342402041031404003122010123023201041011112144304442330302203444100
2114322404411114331432311411201303133200400004134342404301031143420100404122043343043232410442413040
0114031433431340400142001433020444301412422304021222313100031331443323010331300124324201000414302010
0333333010434233411130313213323022011422402143014244043300243420144233022003443440132430014242334004
0121123312004113011122010113232033413421114404122430102124032020024204244341144421001132111324013334
0210403420142222314422233143001322042102310442123104212020044200320241222142304232434401013444343203
3010423121301343124220231021102412211342022121234102444024103134240340340214122114214011342221211223
0423014143211434233233003041041423032140123024431104222410103313031312100441233032144021240111203200
4004042242021310013203141402400431304033223004124434240140004303323414220323303443030244410422401343
0014123013123221220343140432413120230104342014030404041330122444240344231042321024420130134213221233
4330310233331443110113441422400111440332340124144142233034313033200421031411124442010033441241411040
2012231320144203130422340030014234211344113240412230220041414340314311431234230122411113002204123442
3340210001312144302243144000044033103034102144333304221101100333123342331403300010212003043424113112
4300010104111140304332322210112243333414334404344104322221131213220440240202004324331113330202420110
3004120401431413324331242200103132413442020441440120022304203100232110032342014203042432233120203241
0231422011124423321444343000210220433431421233030344314024323014113343030322431344303034411013434142
4414002224323403224204144220431330011423343420101234443400303430024043431322403413102323313241204023
0143123214034304012043333000214040032134231010013314142133040344114030241002224023130434243103112440
2010242444302411412340020130013433413032000202412124031034330022121324040134221222210333114034223230
4022031002304021212200210002430110232431232144103122120122102442324111200304214131021112241203222242
4041131201304204141222334410400401022344041221434010331100220304220242122330202340203022013130114131
2413221141300030240120143201224314020411404433332004213314403223441204002003113132424011213003002031
4004324011130340201044211420212224440330140314041431410314000200234433133344430321042244121411303210
4433314013213103343021423200402321011231104144243322121021321303331014112033021422422121410432400201
3140223410422324311100340131433413441012144033142010030343321204034342311130330030342132123330220302
0332110044042040340142440131141400142332411342120441120310403424134132430410222234020103412403242410
1004444040321341340440033104142141241010030331104112341403044421203200314022303112404113323220304322
2103223434101024421321442024230440441441120311141201020221000312111141141113431420041134000010003342
0220113401303003410441100313113011444324143441123223121130404032244243044322411300111134324043143102
4202320130010401340341142143044311440022234432401403322004430134004143424022020234134334411313003413
4312231224211123301023110413123434302133044244242040334323344224131024112223422433032004412020404441
0440020123400010040013120311032203321132440200232133030332440301243024121021244121140400330410304313
2212131034142444204024440230023143221441412323033223202321001240443330003020322301444014404110321323
3200330000103403143131404301240133024240144140141303343440412204140213130240334230411333013232434212
1120041234044302044400422103023331101022243401004112012144231013433110102103331201134010111313143034
2300100110342012312121101222434431234130313340233410124323313244400024221032222212431034243124214223
3330220200120201220112222220210001212111201212010111012122122211111101200111111110100000000000000000

3112111111141111111112211112111111444224421111111111111133334441111111111144111111111114412211111222
3111111112141111111122111111111111444224413331111111111114431111111111111144111111111114412211111442
3322111114111111111144111114411111411124413331111111111114441111113331111144111111111112111221224443
3322111112111111144444111114444441111123211111111111141114141111113331111111144111141112111111114111
4122111224444112224411141111111441111144111111111111141112114411111331111111441111141111111111111111
4111434224444442221111144111111111111444111111111111111112111111113444111111141112221111114444412111
4331331114444442221111144111111111111444132231444111111112444114442211111111141111221111114444412224
4322231111111441111111111111331111111423112333441111111114114114444211111111144111221112211444412224
1144411441111141111111111111114411124443321133441111111111114114444211122411144111222422211111111144
1144411422111144111111111122114411144440011133331111111111111111444111122111141112221411111111111112
1114444422111144111222344422112221444440111133334411111144422211114111111111121111111111111111131114
1114444422211112314444344424442221411120111141334441111144412211113111111111111111111111111444133334
1114444444411114114444111444442221111121111333113341111114111131133111111111111131111111114444441134
1111144444444441114111111114442211111111411133313331111111111131124442211111111111211111114444441111
2211444411114441111111111114333111444113311144111111111112111111224442111111114111211111114444441112
2444444111114111211111111111333114411113311111111111111132221111114441111114414111111441144414444112
1114444111111111211141144441133111433224444411111111113311221111111121111144411111114441244414444422
1114444111113111221411114441133312223224444411111111333311222311111111111141111111114441244411111111
1111111111113344412211114441144111332224444411344111311111113111111111111111114441111111333441111111
1211111111143344414441111114411444332222211111124111411111113111444111111111114441111111333111111111
1111111444113111114441112444414444324411111111411114411111311122444111111111144441111114333411141111
1111113444411111114441112233114444224411111114411114111111444322444114411111114441111141114411144441
1111111334411111111122211111314443444411141114421112111111444322241112211111111111111141114411144441
1111111334434111311122211111111133444441111114422222222111444112441111111111221112441141114411133331
1111111333114111311111111111311111114441111314411122222111111112111211111111444314443331222111113331
1111111113114111134444411111311111114441112314411114222111111114444441111111411111133333332111111111
4444222111111211144444411111311111114411113111111111122231144414444441122221411144331111331111111114
3444444222141111144444411111114444444111111131241111111311144444444443222244411111111114444411133444
3444444044441114344444211111114444444111110311141111111111144444111443311244414111111114444411133444
3321444044411113344444144111114411124114440311111113111111112211444333221444414441111114444411143444
4321444444411221144442144444344411222214441111112444444111111411444111224444114444411144411444112224
1131111444111231124441144111144411211114441111112444441111111144444111221444144444411144411444112224
1133311444444113324444111111144411111124411111122111144411111144411111111111114444441144411444112222
1111111444421114424441111111132111331144411111122111144411331144411111111114114444421111111433444211
1211111144434444444441122211311144331144411142111111144431334411111111112211111111112144411133444211
1211114122244441144441111142211144411144411142111334444433114111111114412211111111111144414443331111
4111334111334441144444311142211144441111114441114432244431113111144444411111121111111244414444441144
4444444111131341111144211111124444441111114441114411311143113111144444433422224111111111144444443344
4444441111111441111111411111111112224111114441114414411144413311144444333122211111111111144444441114
4411141111333111111111111111111112211111114444444114411144433444133114442211111222411111144441111114
4411111111333111111111141114224442211114444244444111441111413444113114441111111222004411114441111114
4411111111133311111133111414224441211114442144444111443111111444422221111111111140011141114441111144
1444111111133311111333311114224441222411122111111111411111111111112221111111111111111111114441111141
4444111111111111111444211111141111122111122111113111111111111111111111112111111111111111222111111144
4444111111111111111114141111111111111111111241113111111111211111111111122444111121111111222111114444
4422441111111111111114134411111111111112111111433331111111221111121111142444111444111112222111114444
1111143111111111441111134441411111111114111111111111111122211111111444442444111411111111111111114441
1111133111111111444111114441444111114114444411111111114411111111112001111111111111111111111111121111
1111113144111224111111111113444411111111114411111111114411111111111101111111111111111111113222221144
1111113334111211111111111333334441111111114411111311141111111411111121111111111141111111111111111144
4411123333112211111111134221113444444444111442111311141111111444411111211111111141111311111111111144
4111114333111411111111134221111114444444114441111113311111111444444111211111111144411311111111111144
4111114333111444111111111111111112444444113311111222221111441114341111111111133444422211111144411111
4411114333444444411111311111111112224411143311111222211111441113221111111111133444422211111111111114
4411133111111444411113311111111122114411111111111111211111441113221111111111133111411441111111111114
4411111411113111111113341111111444411411111122233111411114443014224444111111444111111441111111111014
1111444441113141111113344111111144411411111111233111411114443022111114111111111111111111111111111044
1113444111113341111111111111111111144423311111213111111114444444411111111111111144411111111411112244
4111444111111114411111111122111111144422411111111441111144111411144111111111111144431111111111112244
1111113111111111111111111111231111141114411144111111111111111111111111111111111111331111111111112444
1444113331111114311111111111111111121111111144111144411111111111111111111111111111111144333334444444
1144111331111444111444441411113411111111111111111114423111111111111111111111441111111111244434444444
1144111411142444131444443411113411111111111111111111112111111111111111111111114441111111244444441444
1141111411144111311444443411121444411144411141111111112111111111111111111111114344411111111444111444
1111111111141114411122243312224444414111411144414441112111113111111111111311114344444211111111121111
4113311114443114111122111112224444411111441114411444111111124221111114111311444141114211111111144111
4111333111441114111422111132224444411111441114411441111144424221114344111311111111111111111111344111
4111433111114114111222111112211134111111111114111441111144424221112211141111114411111121111444344444
4114443111114113311222221111111112111111111111111141111141114222444211144111114111111111444444413244
4444441111114133412322221441111112111121111111111144411111114344444211114441113111144111441111111222
4444441111111111111222211141111111111421111111111144444111114444444111114441114444144111111114411444
4411111111111111111223311144111111141111112111111144444111114444444111114443311144221111111114411444
4411114111111111111111111144111111141114421111111114444441114444444411111111311144111114411114411444
4411111122111411111111411144111411111111121111111114424141114444444411111111311114111114411111111444
4444111111111113111111111144111411111131111111111114411114143444111411114111331111111114444141111444
3444111111111113344431144111111433111111141114441144411111111444111412224422241111411113444441111114
1444111111111113344431144111111112233111341111441144411111111133111112224422144411441113444442221111
1344111111411133344433422111111114443111111111441144411244422111111112222222144444441113331114441111
1444424441134443311133442222111114441311111111111114111244422111111444443424111111422233331114441111
4411112111334444111444342222441444441311111111111441111244444111111444443224444411322243331114441444
2111112111322211111444241112441444441342211111111111111133444441111444441114444411122243111114111444
4411111111344411111444111114441444444411111111111111111131444441111311441114411411111443111114111444
4411211444344411111444111111441111142411111111144111111111114444411111111114411111111111111111111114
4411111111144421111112114111141111122411111111144111111114444444411111112244411314444111111111111114
4111111111144444211112214111111111144411111143344111111144442222411141112244111314444111111111111111
1111341111111444211111114211111111444111114413314411111144442223311111122444111114444111111114442111
1433344111441444411111141222111111444111114411114111111113311144433111113444211111444111111114442111
1431111111441144411111144114443111111111144411112111111114441144411112211111211144444111113334442111
1141144111411144441114444111111111111111111131111111111144444444411112211111222114444113223222444111
1111144444111144111114444112111111111111111131111111111111444411111111111111222114442133222111444111
1112144441111144111111141111111111111111113331111111411111444411111111111113111114441133244111114421
1112111111111141111111144111111111444111113331111141111111144411111111111111111341113344244111114422
2111111144111111111142111111111111444113444444411144311114444411111114142222111341112244444414444411
2111211144111111411111111111113333444113444444411114344444441111111111111111121114444444411114444411
2111111141111111411111444221222133311111111444421114344411111111111121111122121111144444441114444412
2111111111114111444111144211144133311411111111111113444211111111113221111444331111114441441111334111
1111111141114441114411141111144133311122111111114133444211111111111111111444331111111111441111331111
1221111111114111111111111111144441111122111111114131114114441111111111111144331111111144411144144422
1221111111412111111111111112114441111122121111111111111114411111111111111113311111111144411144144422
3111111111141111111111111122114441111111121112111111111113322111111111111111111111111114442211111422

2311111111111111111111111111111111111111113333111111111333333111111111111111111111111111111111111122
2331111111111111111111111111111111111144413333111111111133333111133333111111111111111111111111111122
3332111111111111111111111111111111111144413333111111111111111111133333111111111111111111111111111123
3332111111111111111111111111111111111114413333111111111111111111133333111111111111111111111111111133
1332111111111112221111111111111111111113311111111111111111111111133333111111111111111111111111111111
1113333144441112221111111111111111111114412333111111111111111111113331111111111111111111114444111111
1113333144411112221111111113311111111122313333311111111111111114444111111111111111111111114444111111
1144433111111111111111111111111111111444333333341111111111111114444111111111111111111111114444111221
1144411111111111111111111111114441111444333333333111111111111114444411111111111111111111111111111111
1144411142111111111113331111111221144441111333333111111111111114111111111111111111111111111111111111
1111111142111111114444331111111221141441111333333441111111111111111111111111111111111111111111113111
1111444444111111114444311141111221111441113333333331111111111111111311111111111111111111114441113333
1111114444111111114444311111442221111111113333333333111111111111114411111111111111111111114441113331
1111114444111111111111111111333321111111133333333333111111111111144444111111111111111111111444411111
1111111111111111111111111111333311111133331333333333111321111111111411111111111111111111111111411111
1111141111111111111111111113333311111233331111111111133311111111111411111111111111114411111111411111
1111441111111111111111111443333311133324434411111113333311111131111111111111111111114411144111441111
1111444111133331111111111411333313333324444411111113333311111131111111111111111111114411333111111111
1111111111133331111111111111111113333324411411111111333331111311111111111111111441111113333311111111
1111111111133331111111111111111143333222411111111111131111111314444111111111111441111113333311111111
1111114444133331111411111111111143333411111111111111111111113322244111111111111441111113333311111111
1111113333111311111111111433111433334411111114111111111111444322241111111111114441111113333311144441
1111133333111113111111111333111434442411111114111111111111444122241111111111111111111111111111133333
1111113333111113311111111111111434111111113114111111222111444111111111111111111114433333111111333333
1111113333111113331111111113311133111441113114111112222111111111111111111111111111333333111111333333
1111111333111111341111111113311111111441133111111112222111111111111111111111111111333333333111133331
3344444411111111114444411113111111111111113311111111222111144111444411122411111111333333333111333113
3344444444111111114444111113114441111111111331111111111131144111111133311111111113333113333411333343
3311144444111111114441111111111111111111111331111111111131144111111133311144111111111111444111333343
3311144444111113344441111111111111111111111131111111111111144111111133311141111111111111111111333343
3311144444111113344411111111111111111111411131111441111111111111144333311141111411111111111111132223
3331111441111133344411111111114411111111111111111111111111111111111111111111111444111144111141112221
1133111141111114444411111111111113111111111111111111111111331114111111111111111444111111111333112221
1133311114411114444411111111141113333144111111111111114433331114111111111111111444411111111333311111
1111111114411114444411111111111113333144411111113331114333331111111111111111111111111111111333331111
1111331114443411114411111111111113333144411111113331114333333111111111111111111111111114111333331111
1111331113333411111111111111111114441111111111111111114333331111144111333111111111111111111433331111
1111411113333441111111111111111111441111114411111111111333433331144443333111111111111111111444444111
4111111113333311111111111111111111111111111411111111111114333331144111333112111224111111114411144111
4111111113333311111111111111111111111111111411111111111111333341113111333111111222211111111411111111
4111111113333331111333311112222411111111111114441111111111333341113111441111111222211111111411111111
1111111113333331113333331112222411111111111114444111111111133441113311111111111222211111111441111111
1111111111333331113333331112222411111111111111111111111111111111111111111111111411111111111111111111
1141111111333331113333311111111111122111111111133311111111111111111111111111111111111111222111111111
4441111111111111111111111111111111111111111111333331111111111111111111114444111111111111222111111114
1441113311111111111111114411111111111111111111333333111111111111111141114444111111111111222111114411
1111113311111111111111144411111111111111111111333333111111111111111111114444111111111111111111111111
1111113311111111111111344411144411111111111111111111111111111111111111111111111111111111111111111111
1111333333111111111111111311144411111111111111113331111111111111111111111111111111111111111111111111
1111133333311111111111342233344411111111111111113331111111111111111111111111111111111331111111111141
1111133333311111111111342223333111444444111111111133311111111111111111111111111111111131111111111141
1111133333311111111111342222133111444444111131111122231111111113331111111111331111111111111111111111
1111113333311111411113311111111111444111133331111122211111111112221111111111333314111111111111111111
1111113333311144411133331111111111111111133331111111111111111112221111111111333311111111111111111111
4411113333311111111133331111111111111111133331333311111111111111221111111111333311111111111111111111
1111111111111111111133331111111141111111111111333311111111433111221111111111333311111111111111111111
1114411111131111111133331111111141111111331111333311111111433111111111111111111111111111111111111111
1114441111133311111133331111111111111111341111333311111111433321111111111111111111133111111111111444
1111441111133311111111111111111111111111341111111111111111114444111111111111111111133111111111111444
1111113333111111111111111111111111111111241111111111111111111111111111111111111111133113333333111441
1111113333111111111111111111133111111111111111111111111111111111111111111111111111133111444333111441
1111113333111111111444411111133111111111111111111111111111111111111111111111111111111111444333411141
1111113333111111111444433311111111111111111111111111111111111111111111111111113331111111444331111141
1111111111111111111114433311111111111111111111111111111111111111111111113311111331111111111141111144
1111131111111111111111113322211144111111111111111111111111112221111111113331111331111111111111111111
1113333311111111111111113322244444111111111111111111111114444421111111113331111111111111111111411111
1113333311111111111111111122244444111111111111111111111114444411111111111131111111111111111113441111
1113333311111133311222111112111441111111111111111111111111144411111411111111111111111111111113441111
1111333311111133311222111111111111111111111111111111111111111444111411111111111111111111111111114444
1111444111111133311222221111111111111111111111111111111111111444444411111111111111114111111111111444
4111441111111133312222221111111111111111111111111144111111113444444411111441111111111111111111111444
4111111111111111112222221111111111111111111111111111441111114444441111114441131111111111111111111444
4111111111111111111222331111111111111111111111111111441111114444441111111113331111111111111111111444
4111111111111133111111111111111111111111111111111111111111114441111111111113333111111114111111111444
4111111111111133331111111111111111311111111111111111111111114441111111111113311111111114111111111114
4444111111111133334333111111111111333311111111111111111111111441111111144441111111111134441111111114
4441111111111333334333311111111114444311111111111144411111111444111111244421111111111133333111141111
1141111111333333331333344111111111444331111111111111411444442113311111444421111111111133333111441111
1111111113333433331333344111111111444311111111111111111444441111111111432221111111222433333111441111
1111111113333133311333344111411111411111111111111111111444441111111444433111111111222433333111111141
1111111113333111111441111111411144411111111111111111111433341111111411111111111111222433333111111144
1111111113444111111441111111411141111111111111111111111331111411111111111111111111111444311111111111
4411111113444111111111111114411111114411111111111111111111111411111111111111111111111114311111111111
4411111111114111111111111111111111112211111133331111111141111222211111111111111114444111111111111111
1113311111111144411111111111111111111111111133111111111144442233331111114444111114444111111111111111
1133311111111144411111111111111111111111111133111111111144111133333111114444111111144111111114444111
1333111111111144411111111111111111441111111133111111111143111113331111114411111111144111133334444111
1333111111111114111111111111111111111111111111111111111133111114411111111111111111144113233334444111
1331111111111111111111111111111111111111111133111111111111111111411111111111111111444333333334441111
1111111111111141111111111111111111111111113333111111111111144111111111111111222111444333344311111111
1111111111111111111111111111111111111111133333111111111111114111111111111111111111143333344111111111
1111111111111111111111111111111111444111133333111111111111114411111111111111111111112333444111111111
1111111111111111111111111111113333344111133333111113331111111111111111111111111111144444111111111111
1111111111111111111111111111113333334111114444111113334111111111111111111111111111114444111111444111
1111111111111111111111111111111333331111111144111133334111111111111111111113333111114411111113333111
1111111111111111111111111111111333331111111111111333334111111111111111111443333111111111111113333111
1111111111111111111111111111111133331111111111111333344411111111131111111443333111111111111113333111
1111111111111111111111111111111133331111111111111333111114111111111111111443333111111111111111333221
1111111111111111111111111111111441111111111111111111111133331111111111111143333111111111111111111121
2111111111111111111111111111111441111111111111111111111333333111111111111133331111111111111111111122

3333111111111111111111111111111111111111133333311111113333333311333333311333333111111111111111111222
3333111111111111111111111111111111111144133333311111113333333311333333311111111111111111111111111233
3333211111111111111111111111111111111144133333311111111333333311333333311111111111111111111111111133
3333211111111111111111111111111111111144133333311111111111111111333333311111111111111111111111111333
3333333311111112221111111111111111111111113333311111111111111111333333311111111111111111111111111333
3333333311111112221111111133331111111123333333331111111111111111333333311111111111111111114444111111
1133333311111112221111111133111111111443333333334111111111111114433333111111111111111111114444111111
1133333311111111111111111133111111111143333333333311111111111114441111111111111111111111114444111111
1144333311111111111113333111111111111143333333333311111111111111111111111111111111111111111111111111
1111111114111111111143333111111111111111333333333341111111111111111111111111111111111111111111131111
1111111114111111114443333111111111111111133333333333111111111111111111111111111111111111111111133333
3111111114111111114443333111111121111111133333333333311111111111111111111111111111111111114411133333
3111111444111111114443331113333331111111333333333333311111111111111111111111111111111111114411133333
1111111444111111111111131113333331111333333333333333313331111111111111111111111111111111114411113333
1111111111111111111111111133333331112333333333333333333331111111111111111111111111111111111111111111
1111111111111111111111111133333331333333333333333333333331111331111111111111111111111111111111111111
1111111111333333111111111133333333333333333111111133333331111333111111111111111111111113333311111111
1111111111333333111111111133333333333334411111111133333333113311111111111111111111111133333331111111
1111111111333333111111111113333333333334411111111133333333113331111111111111111111111133333331111111
1111111111333333111111111111111133333331411111111113333331133332224111111111111111111133333331111111
1111133333333333111111111333311333333311111111111111333111133332221111111111111111111133333331111111
3111333333333333311111113333311333333311111111111111111111441112221111111111111111111133333331333333
3111333333313333331111113333311333333411133111111111111111441112211111111111111111333333333333333333
3111333333311133333111113333311333111111133111111112222111441111111111111111111113333333311113333333
3111133333311133333111111133331333111111333311111112222111111111111111111111111113333333333313333333
3331133333311133333111111133331113311111333331111112222111111111111111111111111113333333333313333333
3331443333311113334444111133331111111111333333111111222111111111111333331111111133333333333313333333
3331114111111111111411111133311111111111133333111111111111111111111333331111111133333333333313333333
3331114444111133111411111133111111111111113333111111111111111111111333331111111133333333333313333333
3331114444111133334111111111111111111111113333111111111331111111113333331111111111111111111113333333
3333111111111333334111111111111111111111111333111111111111111111113333331111111111111111111113333333
3333311111111333334111111111111113311111111333111111111113333111113333331111111111111111113333312233
3333311111111133334411111111111133333311111111111111111333333111111111111111111441111111113333332223
1333331111111114444411111111111133333314411111133333113333333111111111111111111441111111113333333111
1333333114111314111411111111111133333314411111133333113333333311111111111111111111111111113333333111
1113333133333311111411111111111133333314411111133333113333333311111113333311111111111111113333333111
1113333133333311111111111111111133333311111111133333113333333331111113333311111111111111113333333111
1113333133333331111111111111111114444111111111111111113333333333111113333311111111111111111333333111
1111111133333331111111111111111111111111111111111111113333333333111113333311111222111111111111114111
1111111133333333113333331111112111111111111111111111111143333333131113333311111222211111111111111111
1111111133333333133333333112222211111111111111111111111113333331133333333311111222211111111111111111
1111111133333333133333333112222211111111111111111111111113333331133331111111111222211111111111111111
1111111133333333133333333112222211111111111111333331111111333311133331111111111111211111111111111111
1111111113333333133333333111111111111111111113333333111111111111111111111111111111111112222111111111
1111133333333333133333331111111111111111111113333333311111111111111111114444111111111112222111111111
1111133331111111111111144411111111111111111113333333311111111111111111114444111111111112222111111111
1111133331111111111111144411111111111111111113333333311111111111111111114444111111111111111111111111
1111333333311111111111111131144411111111111113333333311111111111111111111111111111111111111111111111
1113333333331111111111111133334411111111111111133333111111111111111111111111111111113333111111111111
1113333333331111111113411222333311111111111111133333331111111111111111111111111111113333111111111111
1111333333331111111113442222333311444411111333133332233111111133333111111113333111113333111111111111
1111333333331111111133332222333311441111333333111322233111111122222111111113333331111333111111111111
1111333333331111111333333111333311441111333333111222223111111122221111111113333331111111111111111111
1111133333331111111333333111111111111111333333333311121111111112221111111113333331111111111111111111
1111133333331111111333333111111111111111333333333331111111333312221111111113333331111111111111111111
1111113333333111111333333111111111111113333333333331111111333311111111111113333331111111111111111111
1114111111333331111333333111111111111113333113333331111111333331111111111113333331333311111111111111
1111111111333331111333333111111111111113331113333331111111333331111111111111111111333311111111111444
1111133333333331111333333111111111111113331113333331111111333331111111111111111111333333333333311411
1111133333333331111111111111333311111113331111111111111111111111111111111111111111333313443333311411
1111133333311111111111111111333311111111111111111111111111111111111111111111111111333311443333311111
1111133333311111111144333331333311111111111111111111111111111111111111111111133333333311443333311111
1111133333311111111111333331133311111111111111111111111111111111111111133331133333111111443333311111
1111333333311111111111333332111111111111111111111111111111111111111111133333133333111111113333111111
1133333331111111111111333332211114111111111111111111111111114441111111133333113333111111111111111111
1133333331111111111111133332211114111111111111111111111111144441111111133333113333111111111134111111
1133333331111333331111133322211144111111111111111111111111114111111111133333111111111111111134111111
1133333331111333331221111111111144111111111111111111111111111111111111111333111111111111111134111111
1133333331111333331222111111111111111111111111111111111111111111111111111111111111111111111131111141
1113333331111333332222222111111111111111111111111111111111111141111111111111111111111111111111111141
1111444111111333332222222111111111111111111111111111111111114444411111111111133111111111111111111141
4111111111111333312222222111111111111111111111111111111111114444411111111133333111111111111111111444
4111111111111333312222221111111111111111111111111111111111114411111111111133333311111111111111111444
1111111111111333333222333111111113331111111111111111111111114411111111111133333311111111111111111111
1111111111111333333333311111111113333331111111111111111111111111111111111133333311111111111111111111
1111111111113333333333331111111113333331111111111111111111111111111111444443331111111333333311111111
1111111113333333333333334111111111333333111111111111111111111111131111444441111111111333333311111111
1111111133333333333333334111111111443333111111111111111444411111331111133441111111114333333311111111
1111111133333333333333334111111111111333111111111111111444441111311111133441111111222333333311111111
1111111133333333333333334111111111111331111111111111111333341111111111133211111111222333333311111111
1111111133333333333333331111111111111111111111111111111333341111111111333311111111222333333311111111
1111111133333311111444111111111111111111111111111111113333311111111111111111111111114333333311111111
1111111134444111111111111111111111111111111333333111113311111111111111111111111111111113331111111111
1133331131111111111111111111111111111111111333333111111111111333333111111111111111444111331111111111
1333331111111144411111111111111111111111111333333111111111111333333311114441111111114111111111111111
3333331111111144411111111111111111111111111333311111111131111333333311114111111111114111333333444111
3333331111111144411111111111111111111111111333311111111131111333333311114111111111111133333333444111
3333311111111111111111111111111111111111111333311111111333311133333111111111111111113333333333444111
3333311111111111111111111111111111111111133333311111111333311111111111111111111111143333333333444111
3333111111111111111111111111111111111111333333311111111111111111111111111111111111433333333333111111
1111111111111111111111111111111111111111333333311111111111111111111111111111111111133333334331111111
1111111111111111111111111111133333334111333333311133333111111111111111111111111111133333334111111111
1111111111111111111111111111133333333111333333311133333111111111111111111111111111113333311111111111
1111111111111111111111111111133333333111333333311333333111111111111111111133333311114444111133333311
1111111111111111111111111111133333333111111114113333333111111111111111111433333311111111111133333311
1111111111111111111111111111113333333111111111113333333111111111111111111433333311111111111133333311
1111111111111111111111111111113333333111111111113333333111111111111111111433333311111111111133333311
1111111111111111111111111111111333333111111111113333331333333111111111111433333311111111111133333311
1111111111111111111111111111111333333111111111113333313333333311111111111433333311111111111113333111
1231111111111111111111111111111111111111133333311111113333333311111111111133333311111111111111111111

3333311111111111111111111111111111111111333333331111133333333333333333333333333331111111111111111333
3333311111111111111111111111111111111111333333331111133333333333333333333333333311111111111111111333
3333321111111111111111111111111111111111333333331111133333333333333333331111111111111111111111113333
3333333331111111111111111111111111111111333333331111113333333333333333331111111111111111111111113333
3333333331111112221111111333333111111133333333333111111111111113333333331111111111111111111111113333
3333333331111112221111111333333111111133333333333411111111111113333333331111111111111111114444113333
3333333331111112221111111333333111111133333333333331111111111113333333331111111111111111114444111113
1333333331111111111133333333311111111133333333333331111111111114333333311111111111111111114444111111
1333333331111111111133333333311111111133333333333334111111111111111111111111111111111111111111113111
3113333311111111111133333311111111111133333333333333311111111111111111111111111111111111111111333333
3311111111111111111433333311111111111113333333333333331111111111111111111111111111111111111111333333
3311111111111111114433333333333333111113333333333333331111111111111111111111111111111111111111333333
3311111111111111114433333333333333113333333333333333333333111111111111111111111111111111111111333333
3311111111111111111133333333333333123333333333333333333333111111111111111111111111111111111111333333
3111111111111111111111333333333333333333333333333333333333113333111111111111111111111111111111133333
1111111111333333311111111333333333333333333333333333333333113333311111111111111111111133333331111111
1111111113333333311111111333333333333333333333333333333333333333311111111111111111111333333333111111
1111111113333333311111111333333333333333333311111333333333333333111111111111111111111333333333111111
1111111113333333311111111333333333333333411111111333333333333333111111111111111111111333333333111111
1111333333333333311111113333333333333333411111111333333333333333221111111111111111111333333333111111
3313333333333333331111133333333333333333111111111133333333333333221111111111111111111333333333333333
3313333333333333333111133333333333333331333311111113333311333332221111111111111113333333333333333333
3313333333333333333311133333333333333331333311111111111111111112221111111111111133333333333333333333
3313333333333333333311133333333333333313333331111112222111111111111111111111111133333333333333333333
3333333333331333333311133333333333331113333333111112222111111111111111111111111133333333333333333333
3333333333331333333311111333333333331113333333311112222111111111113333333111111333333333333333333333
3333333333331333333111111333333133331113333333311112222111111111113333333111111333333333333333333333
3333133333331333333111111333333111111113333333311111111111111111113333333111111333333333333333333333
3333111111111333331111111333331111111111333333311111111113111111133333333111111333333333333333333333
3333311111113333333111111333311111111111133333311111113333111111133333333111111333333333333333333333
3333331111113333333111111111111133331111133333311111113333333311133333333111111111111111133333333333
3333331111113333333111111111111333333331113333311111113333333311133333333111111111111111133333333333
3333333111113333333111111111111333333331113333333333333333333311133333333111111111111111133333333333
3333333311113333333111111111111333333331111111333333333333333331111111111111111111111111133333333333
3333333333333331111111111111111333333331111111333333333333333331111133333331111111111111133333333311
3333333333333331111111111111111333333331111111333333333333333333111133333331111111111111133333333311
1133333333333333111111111111111333333331111111333333333333333333311133333331111111111111133333333311
1133333333333333111111111111111333333331111111333333333333333333311133333331111221111111133333333311
1133333333333333333333333111111111111111111111111111133333333333333133333331111222111111113333333311
1111111333333333333333333311122211111111111111111111133333333333333333333331111222211111111111111111
1111111333333333333333333312222211111111111111111111111433333333333333333331111222211111111111111111
1111111333333333333333333312222221111111111113333333111133333333333333333331111222211111111111111111
1111111333333333333333333312222221111111111133333333311133333333333333111111111111111111111111111111
1111333333333333333333333312221111111111111133333333331113333331333333111111111111111112222111111111
1111333333333333333333333311111111111111111133333333331111111111111111114444111111111112222111111111
1111333333333333333333333111111111111111111133333333331111111111111111114444111111111112222111111111
1113333333331111111111111133111111111111111133333333331111111111111111114444111111111111111111111111
1133333333333111111111111333333411111111111133333333331111111111111111111111111111133333111111111111
1133333333333111111133111223333331111111111133333333333111111111111111111111111111133333311111111111
1133333333333111111133311223333331111111113333333333333311111333333311111133333311133333311111111111
1133333333333111111333333223333331111113333333333333333311111222223311111133333333133333311111111111
1113333333333111113333333323333331111113333333333333333311111222223111111133333333133333311111111111
1113333333333111113333333323333331111113333333333322333311111122221111111133333333113333311111111111
1113333333333111113333333313333331111113333333333331112313333312221111111133333333111111111111111111
1111333333333311113333333311111111111133333333333333111113333332221111111133333333111111111111111111
1111333333333333113333333311111111111133333333333333111113333333221111111133333333333331111111111111
1111133333333333113333333311111111111133333333333333111113333333111111111133333333333331111111111111
1111333333333333113333333311111111111133333333333333111113333333111111111133333333333333333333311111
1111333333333333113333333313333331111133333133333333111113333333111111111111111113333333433333331111
1111333333333333113333333313333331111133333133333333111113333333111111111111111113333333433333331111
1111333333333333111113333333333331111133333111111111111111111111111111111111333333333333433333331111
1111333333331111111113333333333331111111111111111111111111111111111111333333333333333331433333331111
1113333333331111111113333333333331111111111111111111111111111111111111333333333333333311433333331111
1333333333331111111113333333233331111111111111111111111111111111111111333333333333311111433333331111
1333333333331111111113333333211111111111111111111111111111111111111111333333333333311111133333311111
1333333333113333333113333333211111111111111111111111111111111111111111333333333333311111111333111111
1333333333113333333111333333211111111111111111111111111111111111111111333333333333311111111333111111
1333333333113333333222133332211111111111111111111111111111111111111111333333311111111111111333111111
1333333333113333333222211111111111111111111111111111111111111111111111113333311111111111111333111111
1333333333113333333222222111111111111111111111111111111111111111111111111111333311111111111333111111
1133333333113333333222222111111111111111111111111111111111111111111111111333333311111111111111111111
1111111111113333333222222111111111111111111111111111111111114111111111111333333331111111111111111111
1111111111113333333222222111111133333111111111111111111111114111111111111333333331111111111111111111
1111111111113333333333332111111133333333111111111111111111111111111111111333333331111111111111111111
1111111111133333333333333311111133333333111111111111111111111111111111111333333331113333333331111111
1111111133333333333333333111111133333333311111111111111111111111333111444333333331113333333331111111
1111111333333333333333333111111133333333311111111111111111111113333111333333333111113333333331111111
1111111333333333333333333111111113333333311111111111111444441113333111333341111111113333333331111111
1111111333333333333333333111111111133333311111111111113333331113333111333341111111223333333331111111
1111111333333333333333333111111111113333311111111111113333331113331113333341111111223333333331111111
1111111333333333333333333111111111113333111111111111133333331111111113333311111111223333333331111111
1111111333333333333333333111111111111111113333333311133333331111111113333331111111123333333331111111
1333333333333331111111111111111111111111113333333311133333333333333311111111111111111333333331111111
3333333333111111111111111111111111111111113333333311133331113333333331111111111111111133333111111111
3333333311111144411111111111111111111111113333333311111333113333333331111111111111111113333333311113
3333333111111144411111111111111111111111113333333311111333113333333331111111111111111333333333344113
3333333111111144411111111111111111111111113333331111113333333333333331111111111111133333333333344113
3333333111111111111111111111111111111111333333331111113333333333333331111111111111133333333333344113
3333331111111111111111111111111111111113333333331111113333331333333311111111111111333333333333344113
3333331111111111111111111111111111111113333333331111113333331111111111111111111111333333333333311113
3333311111111111111111111111333333333113333333331333333311111111111111111111111111333333333333311113
1111111111111111111111111111333333333313333333331333333311111111111111111111111111333333333333111111
1111111111111111111111111111333333333313333333333333333311111111111111111333333331333333333333333331
1111111111111111111111111111333333333313333333333333333311111111111111111333333331133333331333333331
1111111111111111111111111111333333333313333333333333333311111111111111111333333331111111111333333331
1111111111111111111111111111333333333311111111133333333311111111111111111333333331111111111333333331
1111111111111111111111111111133333333311111111133333333333333311111111111333333331111111111333333331
1111111111111111111111111111133333333311111111133333333333333331111111111333333331111111111333333331
1333111111111111111111111111113333333311333333333333333333333331111111111333333331111111111333333331
3333311111111111111111111111113333333311333333333333333333333333333333331333333331111111111133333313

3333331111111111111111111111133333333333333333333333333333333333333333333333333333111111111333333333
3333332111111111111111111111111111111113333333333111333333333333333333333333333333111111111111133333
3333333333111111111111111111111111111113333333333111333333333333333333333333333331111111111111133333
3333333333111111111111113333333311111333333333333311333333333333333333333111111111111111111111133333
3333333333111112221111113333333311111333333333333341133333333333333333333111111111111111111111133333
3333333333111112221111113333333311111333333333333333111111111133333333333111111111111111114444133333
3333333333111112221133333333333311111333333333333333111111111133333333333111111111111111114444113333
3333333333111111111333333333333311111333333333333333411111111133333333333111111111111111114444113333
3333333333111111111333333333331111111333333333333333331111111113333333331111111111111111111111333333
3333333333111111111333333333331111111333333333333333333111111111111111111111111111111111111113333333
3333333331111111114333333333333333311333333333333333333111111111111111111111111111111111111113333333
3331111111111111114333333333333333333333333333333333333333311111111111111111111111111111111113333333
3331111111111111114333333333333333333333333333333333333333311111111111111111111111111111111113333333
3331111111111111114333333333333333333333333333333333333333333333311111111111111111111111111113333333
3331111113333333331333333333333333333333333333333333333333333333331111111111111111111333333333333333
3311111133333333331113333333333333333333333333333333333333333333331111111111111111113333333333333333
1111111133333333331111113333333333333333333333333333333333333333331111111111111111113333333333311111
1111111133333333331111113333333333333333333333333333333333333333331111111111111111113333333333311111
1113333333333333331111133333333333333333333331113333333333333333321111111111111111113333333333311111
3333333333333333333111333333333333333333341111113333333333333333321111111111111111113333333333333333
3333333333333333333311333333333333333333333331113333333333333333321111111111111133333333333333333333
3333333333333333333331333333333333333333333331111333333333333333321111111111111333333333333333333333
3333333333333333333331333333333333333333333333111133333333333333221111111111111333333333333333333333
3333333333333333333331333333333333333333333333311112222111111111111111111111111333333333333333333333
3333333333333333333331333333333333333333333333331112222111111111113333333311113333333333333333333333
3333333333333333333331333333333333333133333333331112222111111111133333333311113333333333333333333333
3333333333333333333331113333333333333133333333331112222111111111133333333311113333333333333333333333
3333333333333333333311113333333333333133333333331111111113311111333333333311113333333333333333333333
3333333333333333333311113333333311111133333333331111113333311111333333333311113333333333333333333333
3333333111133333333311113333333333333113333333331111133333333331333333333311113333333333333333333333
3333333111133333333311113333333333333333333333331111133333333331333333333311113333333333333333333333
3333333311133333333311111111113333333333333333333333333333333331333333333311111111111111333333333333
3333333331133333333311111111113333333333133333333333333333333333333333333311111111111111333333333333
3333333333333333333311111111113333333333133333333333333333333333333333333333111111111111333333333333
3333333333333333333311111111113333333333111113333333333333333333311333333333111111111111333333333333
3333333333333333311111111111113333333333111113333333333333333333331333333333111111111111333333333333
3333333333333333311111111111113333333333111113333333333333333333331333333333111111111111333333333333
1333333333333333333333333311113333333333111113333333333333333333333333333333111222111111333333333331
1333333333333333333333333331111333333333111113333333333333333333333333333333111222211111333333333331
1333333333333333333333333331122111111111111111111111333333333333333333333333111222211111133333333331
1111113333333333333333333332222221111111111133333333333333333333333333333333111222211111111111111111
1111113333333333333333333332222221111111111333333333334333333333333333333333111222211111111111111111
1113333333333333333333333332222221111111111333333333333333333333333333333331111111211111111111111111
1113333333333333333333333332222111111111111333333333333333333333333333311111111111111112222111111111
1113333333333333333333333331111111111111111333333333333133333333333333114444111111111112222111111111
1133333333333333333333333333311111111111111333333333333111111111111111114444111111111112222111111111
1333333333333333333333333333333341111111111333333333333111111111111111114444111111333333311111111111
1333333333333311111333313333333333111111111333333333333311111111111111111111111111333333331111111111
1333333333333311111333331333333333111111133333333333333331113333333331111133333331333333331111111111
1333333333333311113333333233333333111133333333333333333331112222233331111333333333333333331111111111
1333333333333311133333333333333333111133333333333333333331112222233331111333333333333333331111111111
1333333333333311133333333333333333111133333333333333333331111222233331111333333333333333331111111111
1133333333333311133333333333333333111133333333333333333333333322222311111333333333333333331111111111
1133333333333331133333333333333333111333333333333333333333333333222111111333333333333333331111111111
1133333333333333333333333333333333111333333333333333313333333333321111111333333333333333111111111111
1113333333333333333333333331111111111333333333333333311133333333321111111333333333333333111111111111
1113333333333333333333333331111111111333333333333333311133333333321111111333333333333333333333331111
1113333333333333333333333333333333111333333333333333311133333333311111111333333333333333333333333111
1113333333333333333333333333333333111333333333333333311133333333311111111333333333333333333333333111
1113333333333333333333333333333333111333333333333333311133333333311111111113333333333333333333333111
1113333333333333333333333333333333111333333333333333311133333333311113333333333333333333333333333111
1133333333333333311133333333333333111333333311111111111111111111111113333333333333333333333333333111
3333333333333111111133333333333333111111111111111111111111111111111113333333333333333333333333333111
3333333333333111111133333333333333111111111111111111111111111111111113333333333333333331333333333111
3333333333333333333333333333333333111111111111111111111111111111111113333333333333331111333333333111
3333333333333333333333333333311111111111111111111111111111111111111113333333333333331111333333331111
3333333333333333333333333333311111111111111111111111111111111111111113333333333333331111113333311111
3333333333333333333323333333311111111111111111111111111111111111111113333333333333331111113333311111
3333333333333333333322233333211111111111111111111111111111111111111113333333333331111111113333311111
3333333333333333333322222111111111111111111111111111111111111111111111133333333331111111113333311111
3333333333333333333322222111111111111111111111111111111111111111111111113333333333111111113333311111
1333333333333333333322222111111333333311111111111111111111111111111111113333333333111111111111111111
1111111111133333333333333211111333333333311111111111111111111111111111113333333333111111111111111111
1111111111333333333333333311111333333333311111111111111111111111111111113333333333133333333333111111
1111111333333333333333333331111333333333331111111111111111111113333311113333333333133333333333111111
1111113333333333333333333331111333333333331111111111111111111133333313333333333333133333333333111111
1111113333333333333333333311111333333333331111111111111111111133333313333333333333133333333333111111
1111113333333333333333333311111333333333331111111111133333333133333313333333333311233333333333111111
1111113333333333333333333311111133333333331111111111133333333133333333333331111112233333333333111111
1111113333333333333333333311111111333333331111111111333333333133333333333331111112233333333333111111
1111113333333333333333333311111111133333333333333331333333333133333133333331111112233333333333111111
3333333333333333333333333311111111133333333333333331333333333333333333333333111111233333333333111111
3333333333333333333333333311111111111111133333333331333333333333333333333333111111133333333333111113
3333333333333333111111111111111111111111133333333331333333333333333333111111111111113333333333331133
3333333333311144411111111111111111111111133333333331333333333333333333111111111111113333333333334133
3333333331111144411111111111111111111111133333333331133333333333333333111111111111333333333333334133
3333333311111144411111111111111111111113333333333331133333333333333333111111111111333333333333334133
3333333311111111111111111111111111111133333333333111133333333333333333111111111113333333333333334133
3333333311111111111111111111111111111133333333333111133333333333333333111111111113333333333333334133
3333333111111111111111111113333333333333333333333333333333333333333331111111111113333333333333334133
3333333111111111111111111113333333333333333333333333333333333111111111111111111113333333333333331133
3333331111111111111111111113333333333333333333333333333331111111111111113333333333333333333333333333
1111111111111111111111111113333333333333333333333333333331111111111111113333333333333333333333333333
1111111111111111111111111113333333333333333333333333333331111111111111113333333333333333333333333333
1111111111111111111111111113333333333333333333333333333331111111111111113333333333333333333333333333
1111111111111111111111111113333333333333333333333333333333333331111111113333333333111111113333333333
1111111111111111111111111113333333333331111111333333333333333333111111113333333333111111113333333333
3333311111111111111111111111333333333333333333333333333333333333111111113333333333111111113333333333
3333331111111111111111111111333333333333333333333333333333333333333333333333333333111111113333333333
3333331111111111111111111111133333333333333333333333333333333333333333333333333333111111113333333333

3333333211111111111111111111333333333333333333333333333333333333333333333333333333311111133333333333
3333333333311111111111111111333333333333333333333333333333333333333333333333333333311111113333333333
3333333333311111111111133333333331113333333333333333333333333333333333333333333333311111111111333333
3333333333311111111111133333333331113333333333333333333333333333333333333333333333111111111111333333
3333333333311112221111133333333331113333333333333333333333333333333333333311111111111111111111333333
3333333333311112221333333333333331113333333333333333333333333333333333333311111111111111114444333333
3333333333311112223333333333333331113333333333333333341111111333333333333311111111111111114444333333
3333333333311112223333333333333331113333333333333333333111111333333333333311111111111111114443333333
3333333333311111113333333333333331113333333333333333333311111333333333333311111111111111111133333333
3333333333311111113333333333333333333333333333333333333311111133333333333111111111111111111133333333
3333333333311111113333333333333333333333333333333333333333331111111111111111111111111111111133333333
3333333333111111113333333333333333333333333333333333333333331111111111111111111111111111111133333333
3333111111111111113333333333333333333333333333333333333333333333331111111111111111111111111133333333
3333111133333333333333333333333333333333333333333333333333333333333111111111111111113333333333333333
3333111333333333333333333333333333333333333333333333333333333333333111111111111111133333333333333333
3333111333333333333333333333333333333333333333333333333333333333333111111111111111133333333333333333
3331111333333333333133333333333333333333333333333333333333333333333111111111111111133333333333333333
1133333333333333333111333333333333333333333333333333333333333333333111111111111111133333333333331111
3333333333333333333313333333333333333333333333333333333333333333333111111111111111133333333333333333
3333333333333333333333333333333333333333333333133333333333333333331111111111111333333333333333333333
3333333333333333333333333333333333333333333333133333333333333333331111111111113333333333333333333333
3333333333333333333333333333333333333333333333333333333333333333331111111111113333333333333333333333
3333333333333333333333333333333333333333333333333333333333333333331111111111113333333333333333333333
3333333333333333333333333333333333333333333333333333333333333333333333333331133333333333333333333333
3333333333333333333333333333333333333333333333333122222211111111333333333331133333333333333333333333
3333333333333333333333333333333333333333333333333112222111111111333333333331133333333333333333333333
3333333333333333333333333333333333333333333333333112222133331113333333333331133333333333333333333333
3333333333333333333333133333333333333333333333333111133333331113333333333331133333333333333333333333
3333333333333333333331133333333333333333333333333111333333333333333333333331133333333333333333333333
3333333333333333333331133333333333333333333333333111333333333333333333333331133333333333333333333333
3333333331333333333331133333333333333333333333333333333333333333333333333331133333333333333333333333
3333333333333333333331133333333333333333333333333333333333333333333333333331133333333333333333333333
3333333333333333333331111111133333333333333333333333333333333333333333333333311111111113333333333333
3333333333333333333331111111133333333333333333333333333333333333333333333333311111111113333333333333
3333333333333333333331111111133333333333333333333333333333333333333333333333311111111113333333333333
3333333333333333333331111111133333333333311133333333333333333333333333333333311111111113333333333333
3333333333333333333333333331133333333333311133333333333333333333333333333333311111111113333333333333
3333333333333333333333333333133333333333311133333333333333333333333333333333311222111113333333333333
3333333333333333333333333333113333333333311133333333333333333333333333333333311222221113333333333333
3333333333333333333333333333222233333333311333333333333333333333333333333333311222221113333333333333
3333333333333333333333333333222221111111113333333333333333333333333333333333311222221111333333333333
1133333333333333333333333333222221111111113333333333333333333333333333333333311211111111111111111111
1133333333333333333333333333222221111111113333333333333333333333333333333333311111111111111111111111
1133333333333333333333333333222111111111113333333333333333333333333333333333111111111112222111111111
1333333333333333333333333333331111111111113333333333333333333333333333334444111111111122222111111111
3333333333333333333333333333333334111111113333333333333333333333333333314444111113333333332111111111
3333333333333333333333333333333333311111113333333333333331111111111111114444111113333333332111111111
3333333333333333333333333333333333311111333333333333333333133333333333111333333333333333333111111111
3333333333333331133333333333333333311333333333333333333333122222333333113333333333333333333111111111
3333333333333331333333333333333333311333333333333333333333122222333333113333333333333333333111111111
3333333333333331333333333333333333311333333333333333333333122222333333113333333333333333333111111111
3333333333333331333333333333333333311333333333333333333333333332333333113333333333333333333111111111
3333333333333333333333333333333333313333333333333333333333333333333333113333333333333333333111111111
1333333333333333333333333333333333313333333333333333333333333333332231113333333333333333333111111111
1333333333333333333333333333333333313333333333333333333333333333332111113333333333333333333111111111
1333333333333333333333333333333333313333333333333333333333333333331111113333333333333333333333333111
1133333333333333333333333333333333313333333333333333331333333333331111113333333333333333333333333311
1133333333333333333333333333333333313333333333333333331333333333332111113333333333333333333333333311
1133333333333333333333333333333333313333333333333333331333333333331111113333333333333333333333333311
1133333333333333333333333333333333313333333333333333331333333333331133333333333333333333333333333311
1333333333333333333333333333333333313333333333333333331333333333331133333333333333333333333333333311
3333333333333333333333333333333333313333333333333333331333333333331133333333333333333333333333333313
3333333333333333331333333333333333313333333331111111111111111111111133333333333333333333333333333313
3333333333333333333333333333333333311111111111111111111111111111111133333333333333333333333333333313
3333333333333333333333333333333333311111111111111111111111111111111133333333333333333333333333333313
3333333333333333333333333333333333311111111111111111111111111111111133333333333333333113333333333313
3333333333333333333333333333331111111111111111111111111111111111111133333333333333333113333333333113
3333333333333333333333333333331111111111111111111111111111111111111133333333333333333111133333331113
3333333333333333333333333333331111111111111111111111111111111111111133333333333333333111133333331113
3333333333333333333332333333311111111111111111111111111111111111111133333333333333311111133333331113
3333333333333333333332222111113333333331111111111111111111111111111111333333333333311111133333331113
3333333333333333333333333311113333333333331111111111111111111111111111133333333333311111133333331113
3333333333333333333333333331113333333333331111111111111111111111111111133333333333333333333333311111
1111113333333333333333333333113333333333333111111111111111111133333331133333333333333333333333311111
1111133333333333333333333333113333333333333111111111111111111333333333333333333333333333333333311111
1111133333333333333333333333113333333333333111111111111111111333333333333333333333333333333333311111
1111133333333333333333333333113333333333333111111111333333333333333333333333333333333333333333311111
1111133333333333333333333331113333333333333111111111333333333333333333333333333333333333333333311111
1111133333333333333333333331113333333333333111111113333333333333333333333333333332333333333333311111
1111133333333333333333333331111333333333333333333333333333333333333333333333111112333333333333311111
3333333333333333333333333331111113333333333333333333333333333333333333333333311112333333333333311113
3333333333333333333333333331111111333333333333333333333333333333333333333333311112333333333333311133
3333333333333333333333333331111111333333333333333333333333333333333333333333311111333333333333333333
3333333333333333333333333331111111111111333333333333333333333333333333333333311111333333333333333333
3333333333333333311111111111111111111111333333333333333333333333333333311111111113333333333333333333
3333333333331144411111111111111111111133333333333333333333333333333333311111111113333333333333333333
3333333333111144411111111111111111111333333333333333333333333333333333311111111133333333333333333333
3333333331111111111111111111111111111333333333333333333333333333333333311111111133333333333333333333
3333333331111111111111111133333333333333333333333333333333333333333333311111111133333333333333333333
3333333331111111111111111133333333333333333333333333333333333333333333311111111133333333333333333333
3333333311111111111111111133333333333333333333333333333333333333333333133333333333333333333333333333
3333333311111111111111111133333333333333333333333333333333333311111111133333333333333333333333333333
3333333111111111111111111133333333333333333333333333333333111111111111133333333333333333333333333333
3111111111111111111111111133333333333333333333333333333333111111111111133333333333333333333333333333
3111111111111111111111111133333333333333333333333333333333333333111111133333333333333333333333333333
3111111111111111111111111133333333333333333333333333333333333333311111133333333333333333333333333333
3333331111111111111111111133333333333333333333333333333333333333311111133333333333311111133333333333
3333333111111111111111111133333333333333333333333333333333333333333333333333333333311111133333333333
3333333111111111111111111113333333333333333333333333333333333333333333333333333333311111133333333333
3333333111111111111111111113333333333333333333333333333333333333333333333333333333311111133333333333

3333333333331111111111111133333333333333333333333333333333333333333333333333333333331111333333333333
3333333333331111111111333333333333333333333333333333333333333333333333333333333333331111333333333333
3333333333331111111111333333333333333333333333333333333333333333333333333333333333331111133333333333
3333333333331112221111333333333333133333333333333333333333333333333333333333333333331111111113333333
3333333333331112222333333333333333133333333333333333333333333333333333333333333333311111111113333333
3333333333331112233333333333333333133333333333333333333333333333333333333331111111111111114443333333
3333333333331112233333333333333333133333333333333333333333333333333333333331111111111111114433333333
3333333333331112233333333333333333133333333333333333333331113333333333333331111111111111114333333333
3333333333331111133333333333333333333333333333333333333331113333333333333331111111111111111333333333
3333333333331111133333333333333333333333333333333333333333333333333333333331111111111111111333333333
3333333333331111133333333333333333333333333333333333333333333333333333333311111111111111111333333333
3333333333331111133333333333333333333333333333333333333333333333333111111111111111111111111333333333
3333333333333333333333333333333333333333333333333333333333333333333311111111111111133333333333333333
3333313333333333333333333333333333333333333333333333333333333333333311111111111111333333333333333333
3333313333333333333333333333333333333333333333333333333333333333333311111111111111333333333333333333
3333313333333333333333333333333333333333333333333333333333333333333311111111111111333333333333333333
3333333333333333333333333333333333333333333333333333333333333333333311111111111111333333333333333333
3333333333333333333333333333333333333333333333333333333333333333333311111111111111333333333333333333
3333333333333333333333333333333333333333333333333333333333333333333311111111113333333333333333333333
3333333333333333333333333333333333333333333333333333333333333333333311111111133333333333333333333333
3333333333333333333333333333333333333333333333333333333333333333333111111111133333333333333333333333
3333333333333333333333333333333333333333333333333333333333333333333111111111133333333333333333333333
3333333333333333333333333333333333333333333333333333333333333333333333333333333333333333333333333333
3333333333333333333333333333333333333333333333333333333333333333333333333333333333333333333333333333
3333333333333333333333333333333333333333333333333333333333333333333333333333333333333333333333333333
3333333333333333333333333333333333333333333333333311222233333133333333333333333333333333333333333333
3333333333333333333333333333333333333333333333333111333333333133333333333333333333333333333333333333
3333333333333333333333333333333333333333333333333313333333333333333333333333333333333333333333333333
3333333333333333333333333333333333333333333333333313333333333333333333333333333333333333333333333333
3333333333333333333333333333333333333333333333333333333333333333333333333333333333333333333333333333
3333333333333333333333333333333333333333333333333333333333333333333333333333333333333333333333333333
3333333333333333333333333333333333333333333333333333333333333333333333333333333333333333333333333333
3333333333333333333333333333333333333333333333333333333333333333333333333333333333333333333333333333
3333333333333333333333111111333333333333333333333333333333333333333333333333331111111133333333333333
3333333333333333333333111111333333333333333333333333333333333333333333333333331111111133333333333333
3333333333333333333333333333333333333333333333333333333333333333333333333333331111111133333333333333
3333333333333333333333333333333333333333331333333333333333333333333333333333331111111133333333333333
3333333333333333333333333333333333333333331333333333333333333333333333333333331222211133333333333333
3333333333333333333333333333333333333333333333333333333333333333333333333333331222222133333333333333
3333333333333333333333333333333333333333333333333333333333333333333333333333331222222133333333333333
3333333333333333333333333333322223333333333333333333333333333333333333333333331122222133333333333333
3333333333333333333333333333322222111111133333333333333333333333333333333333331111111113333333333333
1333333333333333333333333333322222111111133333333333333333333333333333333333331111111111112111111111
3333333333333333333333333333332111111111133333333333333333333333333333333333331111111122222211111111
3333333333333333333333333333333333411111133333333333333333333333333333333333311133333333333211111113
3333333333333333333333333333333333331111133333333333333333333333333333333444111133333333333211111113
3333333333333333333333333333333333331113333333333333333333333333333333333333333333333333333311111113
3333333333333333333333333333333333333333333333333333333333322223333333333333333333333333333311111113
3333333333333333333333333333333333333333333333333333333333322223333333333333333333333333333311111113
3333333333333333333333333333333333333333333333333333333333322223333333333333333333333333333311111113
3333333333333333333333333333333333333333333333333333333333333333333333333333333333333333333311111113
3333333333333333333333333333333333333333333333333333333333333333333333333333333333333333333311111113
3333333333333333333333333333333333333333333333333333333333333333333333333333333333333333333311111113
3333333333333333333333333333333333333333333333333333333333333333333333333333333333333333333311111113
3333333333333333333333333333333333333333333333333333333333333333333233133333333333333333333333333311
3333333333333333333333333333333333333333333333333333333333333333333211133333333333333333333333333331
3333333333333333333333333333333333333333333333333333333333333333333111133333333333333333333333333331
1333333333333333333333333333333333333333333333333333333333333333333111133333333333333333333333333331
1333333333333333333333333333333333333333333333333333333333333333333333333333333333333333333333333331
3333333333333333333333333333333333333333333333333333333333333333333333333333333333333333333333333331
3333333333333333333333333333333333333333333333333333333333333333333333333333333333333333333333333333
3333333333333333333333333333333333333333333333333333333333333333333333333333333333333333333333333333
3333333333333333333333333333333333333333333333333333333333333333333333333333333333333333333333333333
3333333333333333333333333333333333333333333333111111111111111111111333333333333333333333333333333333
3333333333333333333333333333333333331111111111111111111111111111111333333333333333333333333333333333
3333333333333333333333333333333333331111111111111111111111111111111333333333333333333333333333333333
3333333333333333333333333333333333331111111111111111111111111111111333333333333333333333333333333333
3333333333333333333333333333333111111111111111111111111111111111111333333333333333333333333333333333
3333333333333333333333333333333111111111111111111111111111111111111333333333333333333311333333333133
3333333333333333333333333333333333333333111111111111111111111111111333333333333333333311333333333133
3333333333333333333333333333333333333333333111111111111111111111111333333333333333331111333333333133
3333333333333333333333333333133333333333333111111111111111111111111113333333333333333333333333333133
3333333333333333333333333333333333333333333311111111111111111333333333333333333333333333333333333133
3333333333333333333333333333333333333333333311111111111111113333333333333333333333333333333333331113
1111333333333333333333333333333333333333333311111111111111113333333333333333333333333333333333331111
1111333333333333333333333333333333333333333311111113333333333333333333333333333333333333333333331111
1111333333333333333333333333333333333333333311111113333333333333333333333333333333333333333333331111
1111333333333333333333333333333333333333333311111133333333333333333333333333333333333333333333331111
1111333333333333333333333333133333333333333333333333333333333333333333333333333333333333333333331111
3333333333333333333333333333133333333333333333333333333333333333333333333333333333333333333333331133
3333333333333333333333333333113333333333333333333333333333333333333333333333331123333333333333331333
3333333333333333333333333333111133333333333333333333333333333333333333333333331113333333333333333333
3333333333333333333333333333111113333333333333333333333333333333333333333333331113333333333333333333
3333333333333333333333333333111113333333333333333333333333333333333333333333331133333333333333333333
3333333333333333333333333333111111111333333333333333333333333333333333333333331133333333333333333333
3333333333333333331111111111111111113333333333333333333333333333333333331111111333333333333333333333
3333333333333444411111111111111111113333333333333333333333333333333333331111111333333333333333333333
3333333333311111111111111333333333333333333333333333333333333333333333331111111333333333333333333333
3333333333111111111111111333333333333333333333333333333333333333333333331111111333333333333333333333
3333333333111111111111111333333333333333333333333333333333333333333333333333333333333333333333333333
3333333333111111111111111333333333333333333333333333333333333333333333333333333333333333333333333333
3333333331111111111111111333333333333333333333333333333333333333333333333333333333333333333333333333
3333333331111111111111111333333333333333333333333333333333333331111111333333333333333333333333333333
3333333311111111111111111333333333333333333333333333333333333333311111333333333333333333333333333333
3311111111111111111111111333333333333333333333333333333333333333331111333333333333333333333333333333
3333333111111111111111111333333333333333333333333333333333333333331111333333333333333333333333333333
3333333311111111111111111333333333333333333333333333333333333333333333333333333333333333333333333333
3333333311111111111111111333333333333333333333333333333333333333333333333333333333331111333333333333
3333333311111111111111111333333333333333333333333333333333333333333333333333333333331111333333333333
3333333321111111111111111133333333333333333333333333333333333333333333333333333333331111333333333333

3333333333333111111113333333333333333333333333333333333333333333333333333333333333333113333333333333
3333333333333111111113333333333333333333333333333333333333333333333333333333333333333113333333333333
3333333333333111111113333333333333333333333333333333333333333333333333333333333333333113333333333333
3333333333333112223333333333333333333333333333333333333333333333333333333333333333333111333333333333
3333333333333112333333333333333333333333333333333333333333333333333333333333333333333111111133333333
3333333333333112333333333333333333333333333333333333333333333333333333333333333333331111114333333333
3333333333333112333333333333333333333333333333333333333333333333333333333333111111111111113333333333
3333333333333112333333333333333333333333333333333333333333333333333333333333111111111111113333333333
3333333333333112333333333333333333333333333333333333333333333333333333333333111111111111113333333333
3333333333333111333333333333333333333333333333333333333333333333333333333333111111111111113333333333
3333333333333111333333333333333333333333333333333333333333333333333333333333111111111111113333333333
3333333333333333333333333333333333333333333333333333333333333333333333333331111111333333333333333333
3333333333333333333333333333333333333333333333333333333333333333333331111111111113333333333333333333
3333333333333333333333333333333333333333333333333333333333333333333331111111111113333333333333333333
3333333333333333333333333333333333333333333333333333333333333333333331111111111113333333333333333333
3333333333333333333333333333333333333333333333333333333333333333333331111111111113333333333333333333
3333333333333333333333333333333333333333333333333333333333333333333331111111111113333333333333333333
3333333333333333333333333333333333333333333333333333333333333333333331111111133333333333333333333333
3333333333333333333333333333333333333333333333333333333333333333333331111111333333333333333333333333
3333333333333333333333333333333333333333333333333333333333333333333331111111333333333333333333333333
3333333333333333333333333333333333333333333333333333333333333333333331111111333333333333333333333333
3333333333333333333333333333333333333333333333333333333333333333333333333333333333333333333333333333
3333333333333333333333333333333333333333333333333333333333333333333333333333333333333333333333333333
3333333333333333333333333333333333333333333333333333333333333333333333333333333333333333333333333333
3333333333333333333333333333333333333333333333333333333333333333333333333333333333333333333333333333
3333333333333333333333333333333333333333333333333333333333333333333333333333333333333333333333333333
3333333333333333333333333333333333333333333333333333333333333333333333333333333333333333333333333333
3333333333333333333333333333333333333333333333333333333333333333333333333333333333333333333333333333
3333333333333333333333333333333333333333333333333333333333333333333333333333333333333333333333333333
3333333333333333333333333333333333333333333333333333333333333333333333333333333333333333333333333333
3333333333333333333333333333333333333333333333333333333333333333333333333333333333333333333333333333
3333333333333333333333333333333333333333333333333333333333333333333333333333333333333333333333333333
3333333333333333333333333333333333333333333333333333333333333333333333333333333333333333333333333333
3333333333333333333333333333333333333333333333333333333333333333333333333333333333333333333333333333
3333333333333333333333333333333333333333333333333333333333333333333333333333333111111333333333333333
3333333333333333333333333333333333333333333333333333333333333333333333333333333111111333333333333333
3333333333333333333333333333333333333333333333333333333333333333333333333333333111111333333333333333
3333333333333333333333333333333333333333333333333333333333333333333333333333333222211333333333333333
3333333333333333333333333333333333333333333333333333333333333333333333333333333222222333333333333333
3333333333333333333333333333333333333333333333333333333333333333333333333333333222222333333333333333
3333333333333333333333333333333333333333333333333333333333333333333333333333333222222333333333333333
3333333333333333333333333333332233333333333333333333333333333333333333333333333111111333333333333333
3333333333333333333333333333333222211111333333333333333333333333333333333333333111111133333333333333
3333333333333333333333333333333333311111333333333333333333333333333333333333333333333333333311111133
3333333333333333333333333333333333333111333333333333333333333333333333333333333333333333333311111133
3333333333333333333333333333333333333133333333333333333333333333333333333333333333333333333331111133
3333333333333333333333333333333333333333333333333333333333333333333333333333333333333333333331111133
3333333333333333333333333333333333333333333333333333333333333333333333333333333333333333333331111133
3333333333333333333333333333333333333333333333333333333333332233333333333333333333333333333331111133
3333333333333333333333333333333333333333333333333333333333333333333333333333333333333333333331111133
3333333333333333333333333333333333333333333333333333333333333333333333333333333333333333333331111133
3333333333333333333333333333333333333333333333333333333333333333333333333333333333333333333331111133
3333333333333333333333333333333333333333333333333333333333333333333333333333333333333333333331111133
3333333333333333333333333333333333333333333333333333333333333333333333333333333333333333333333333333
3333333333333333333333333333333333333333333333333333333333333333333333333333333333333333333333333333
3333333333333333333333333333333333333333333333333333333333333333333333333333333333333333333333333333
3333333333333333333333333333333333333333333333333333333333333333333321333333333333333333333333333333
3333333333333333333333333333333333333333333333333333333333333333333333333333333333333333333333333333
3333333333333333333333333333333333333333333333333333333333333333333333333333333333333333333333333333
3333333333333333333333333333333333333333333333333333333333333333333333333333333333333333333333333333
3333333333333333333333333333333333333333333333333333333333333333333333333333333333333333333333333333
3333333333333333333333333333333333333333333333333333333333333333333333333333333333333333333333333333
3333333333333333333333333333333333333333333333333333333333333333333333333333333333333333333333333333
3333333333333333333333333333333333333333333333333333333333333333333333333333333333333333333333333333
3333333333333333333333333333333333333333333333311111111111111111113333333333333333333333333333333333
3333333333333333333333333333333333333111111111111111111111111111113333333333333333333333333333333333
3333333333333333333333333333333333333111111111111111111111111111113333333333333333333333333333333333
3333333333333333333333333333333333333111111111111111111111111111113333333333333333333333333333333333
3333333333333333333333333333333333333333311111111111111111111111113333333333333333333333333333333333
3333333333333333333333333333333333333333333311111111111111111111113333333333333333333333333333333333
3333333333333333333333333333333333333333333311111111111111111111113333333333333333333333333333333333
3333333333333333333333333333333333333333333331111111111111113333333333333333333333333333333333333333
3333333333333333333333333333333333333333333331111111111111133333333333333333333333333333333333333333
3333333333333333333333333333333333333333333331111111111111133333333333333333333333333333333333333333
3333333333333333333333333333333333333333333331111133333333333333333333333333333333333333333333333133
1113333333333333333333333333333333333333333331111133333333333333333333333333333333333333333333333111
1113333333333333333333333333333333333333333331111333333333333333333333333333333333333333333333333111
1113333333333333333333333333333333333333333333333333333333333333333333333333333333333333333333333111
3333333333333333333333333333333333333333333333333333333333333333333333333333333333333333333333333333
3333333333333333333333333333333333333333333333333333333333333333333333333333333333333333333333333333
3333333333333333333333333333333333333333333333333333333333333333333333333333333333333333333333333333
3333333333333333333333333333333333333333333333333333333333333333333333333333333233333333333333333333
3333333333333333333333333333311333333333333333333333333333333333333333333333333333333333333333333333
3333333333333333333333333333311133333333333333333333333333333333333333333333333333333333333333333333
3333333333333333333333333333311133333333333333333333333333333333333333333333333333333333333333333333
3333333333333333333333333333311111133333333333333333333333333333333333333333333333333333333333333333
3333333333333333333111113333333333333333333333333333333333333333333333333111113333333333333333333333
3333333333333311111111113333333333333333333333333333333333333333333333333111113333333333333333333333
3333333333331111111111113333333333333333333333333333333333333333333333333333333333333333333333333333
3333333333311111111111113333333333333333333333333333333333333333333333333333333333333333333333333333
3333333333311111111111113333333333333333333333333333333333333333333333333333333333333333333333333333
3333333333311111111111113333333333333333333333333333333333333333333333333333333333333333333333333333
3333333333111111111111113333333333333333333333333333333333333333333333333333333333333333333333333333
3333333333111111111111113333333333333333333333333333333333333333333113333333333333333333333333333333
3333333331111111111111113333333333333333333333333333333333333333333113333333333333333333333333333333
3333333331111111111111113333333333333333333333333333333333333333333333333333333333333333333333333333
3333333331111111111111113333333333333333333333333333333333333333333333333333333333333333333333333333
3333333331111111111111113333333333333333333333333333333333333333333333333333333333333333333333333333
3333333332111111111111113333333333333333333333333333333333333333333333333333333333333113333333333333
3333333333333111111111113333333333333333333333333333333333333333333333333333333333333113333333333333

