0120242101432242033430104021341340112021031412344341310430230244311001342343243012131110133200313323
1013240404101303024210020210400332030203441014141022132420410140243030341413442040411303120214014202
0200222444211123023001134122241202203311440004224324033130144033002100112003130110343243413432230244
1434430214404432444130012411322110411012344230421230214033014311220231433410032104042444441023244142
0302343023332302143433443224434223324200430102344204102311014313104024204431312202310143211403204140
0101313311313424224404312312330140304234403010122323423034112204343323214232310430210213242021024132
3204000330331003024403414321241302301102242131441143303443024230020102242004312200233344304444111344
0421242342041422120430413041102024143104434443130321321413130004314030043404024130311240004031432400
1403103430402041422101102223334023012323340322201111403204411333403313020000421112140233032304004323
0123002232122040243103424120233312412223210344412131412104441122114121300114141413400341022014014400
2023423221004320010024411012130011313411032323104300023230221240314203232311431032411204444322444242
1430113041033143413324132324403221304321032223144431023123303302302130431124123140210330012010233110
3414420424411230314310012411000200144243002314302303113012204420342013241000230023312344143434203023
0231434122312121024230412124022423411314011331140232041341412141034010043420400224011430012144441204
4143440140011041423101020230424104123324231010120221114011401033411113002210300212444232332044413304
2010144214330111221200341334013144143222202023142120423433041211440412032241242011423244132114334321
4222203041334141111334144132012404031431333422123041304001111432333244232112102032120202421410432421
2312014414342020200222204123230142124231023321142222412111114124411303013420234220303343014431441121
4040141432313311230221213240340020111224142200444432023011433211142324142332302311000421134134420422
2133012301230003321402201201334321020232322220014302314431320221234032212230434000102303211201323142
4244043211304140402031140142214434100441003343121422300242231042414314342430342344432113041040232201
4001243223004020100411012232014213132240313100421000224403121141023302233413324344124122241240413433
3100104302114130340233423403431303124423211234110010021004401033034202444222240041222434113020410200
1431022213344222401200041000303323340443301003012324240223140401442012444434111322012200340233142131
2144034403430140220202032101020032124231023200303010132032211343212324324004440243103040303101122233
2410440231021422042300241334012114441042240221021434142042030023102412011444304310403444421022122012
3014432421120441342204033322324000130234313024211124000200222210422100121301040432343201433431443322
4320333433324302112132143242431323011031414441004221204320124211134323344440322144434331212100242122
1321412202334202334120440003144040413121303102223440123100141233123414223343044320034213221321421411
4243012203424232114221311033404334110202103042112123224110134310013222142400001230201312244401423304
2011014432332244204421202114000304042323021244411132020210101041220402140041111440321422311042243243
0201332044113142230010324230122144040243114113204021344022240214244011020432133102104121121243433310
4213043410213422222444013333313230011110130011123420243034320314032213411340034320014113230033211211
4222434424133124204241044340011230221334031231020040023230224302421024414210140331101042103423311100
1012414140412231424232101214104110201214344000022013121004234441431001013413342131042140431040113032
3024210420001321012340312143100342410020234201222403000203143022443314031321303000103221213131120101
0003033311022000313243423210423431414202143442404301304103222120403211034231314412134013300414034440
3303102414014413122313421343202340433202224044442331224312310023004341014444104300010440234443224321
2301131312404204142414111114303110331111324024031440342311230424432111321344120134303401400321222230
3040132333203133304333224210210400021414123303002431311310233021201212213220124013332124320042034020
2340302034440322413113124201032210142004434414303124014311413211413144331024244031124344042200004442
2304043220122424112444212010022430412431101100342333042224443330333301333240441013100242442032302402
1414430303011330031300003332212132213024042242334004031114221010244234101131310142333033200403430424
0002304104341243210403230022104201441034330203023411010303104120010303023221444014020404022414144403
4431233204041100000100222401434241133414130011303212000412432443041104440324242243111203014032414241
3401033414134303010314302043202212440214424413433324110121114034441320144114100022020334410323302130
4443242122320314213410343043241344244233012121103243011330104032312121101004410022243321222322420011
3023401300421333311231224234343331403312131213432110423210014430110340212033302410432141110202131441
3344131131004444214414244410323240024243223140243143410224003320002303140440104012240120420322431301
1211014212021424342134112040141334022140042312223241041203430342432041420033024023401331233310320032
0012242441124044032302111200104402444141142131302002003011010322441123041032402103140331004101001422
3112044421031433120221100034114020424141330300113424340224324030122001132312430110103013214302443122
2110200222014214143411114221442304140421302410210422130310204241200142122404022031124011432243314212
0210132042040323242302434102102312212131110211003212321431044124114442143140133323400204404420413240
2210420131431033041122012432441421203040022222340123404420441034340431311101233333102004134020143010
0020441141410331331302134021430010010324241014440114001420100044414230140140022304211212002110434010
3321104343234010124231200214211124000301330314030033230011202004042043320130304033224403224313021321
4120034234313313244424421434420232031303142411441202242144411342241341112123112344003342022424022120
4024313012404240204021002421430332344302103141122022230220412144444234430233133043132121140014143320
3422401304122143110340434040041010323400344414041124143433304231332430414414032243044014404430130224
0423202112042301114103142243210304342401103134311314223422021213330224443313430003114114402123244312
2140334111014233434022331011421424142424444101043301341410430044441131114414022133203143421321440131
0241313323243132204311111102222323040431411220411432434313140320242412334131000244222310310420040132
0342044310200411402400403420244023141204012020304004023012024103122432201444411312221132204034312123
1142104401400103002041203143241110012303030421131404041030323434300321214220031103344121230240341340
1202322020033123131142231423131001234241310232124012213303404241311203232112414310033334320202020403
1414430242301122302431310340132214443141024422002010203223201033311341241204202132310112012211223203
3412310112323200123201321231004414432442010012434121033421403000112000440441220311344114001041043134
0311444213013244440303331010110204322010112131331120332240011314332001213401430031204312434012303143
2243410123333000441033211143003241311420410243410210104322131143014244124004431041044313331102204441
2141320020041133433042032223041320443013022332310402332341422243041041041333011010404244434230320003
3144434320242130344134221033440231021403241423344143033224314011102030013343323330343220131002303101
4423113112212214113012140314003010130042432034401242111011202313210424330002034403033012104241120331
2040232242121021400002020333421423021333121304133211222400410234003214020124402232400130412322434310
4420202442022100304203211044103143103041234431401100322321010424314034310021420202401414004344044102
0043234013123231221442414034140411422111243344021122231031444341431043233143120110234014412301234340
4210314322422113230141141221241031323324213441410203231101222110333244222432043413440143330230101040
4311222343144201210331404222404022402112224222420120040204301124430430234002234110141322414124410131
2030011211310004424041042002231413344333222002043001333304340310242424424244124243321004020223001210
4423142213420024034014233012002340143212311333001112240021442411121011212012441220344033212443311240
1032242233444321344332001144244440124114142434102201042114302404204044233131102104242201330324040234
3012000313404324102134424041211202434242432413332031131323132402124103122124220124140233330100024433
2000402103411010232002013134002041100332102130201124234401433113311411410410311313200000443023231310
2201332210310011021020224201341403131130310021433210231233410202110310143234430342424302330223421244
1124324443444232414314112220332023422101004122002124030344304122134310312303100112223104040043202230
0134441441243000421114331133322004011201422342314144302004244334041310234434410144124203112133133344
1123214400232001313032212233142311043131132242043214113242031114332232131343032244221411111442022300
1424434333330243103112211001044240304210114043222403311204104312113044200403022310303303214122233001
4044233442432103141104040341444201343113013314300404200401330031323441342423120012323433110311410312
4412131324234000324143311010203002300431110133323123001030344131114011442031432420414212200034230020
4242234332043033334442413402444004103432331133210323432310130332330034431111010200034224012201243444
4211223342414341212044244204040023220434302100223313124100442004414332041311001304011013121144201110
1144210133440310214414301444112230204233022103414011113321230034340003444422240444102014114413024342
2233010030112044412403242444321444102333113401030342420230013133002430023440043222103243332431104343
4034321221233413222300200344020444430244143314131123401311200434343242400423403024202342114213302210
4041100222134230304010212242432233423130213402421343302031342440410441214120420430414022142442141002
4424144402024210301101023344101310012223212324230223121411424141231111143422013231443413441310220210
3033133200223332203032003303211130211000311233003101223101300330211322232230212112202202302322203323
2330033032223222032300322030230230032333033200322220023330203330203002223233302020323030330333330333
0033330333003303033030333033000030033330033003333333333333333333333333333333333333333333333333333333

1111441111142422222111114411411141111211111111111133333333111113223330311333333111443333333111333331
1111441111111422222111114411411141111211111111111122434221111112221110111111131111442444133111413321
1111424111111133222111111111111111211111411111111122111221111112221111111111111111444444114111441111
1144424111111131111111111111111111411111442224411121111231111432244411114111111111411114111142441111
1111111111334444414444411111131111311144442221111141111331111144444411111111114444411113111111141111
1111111333334444414444441111311113311144441111111141113331111224444412111444414442111113344411111444
1111144422211144444444411111411112311144444111111114411111111244111112114444414440021443344411111444
4111444422211144144441111222444422111144444111111113211111142244111112224444411101114443344411111244
1111444421111144111111111112344422111144111331111111111144411044111411224444411111114411144444111221
1111112211112244111111111111144411111211111334111311111144421444111111222111111111111111122144111221
1114422211112244111111111111113321111111111331111411111144423444231111141111111444111111144144111111
1114444411144444111111111111112221111111133331144411111222224444441111221111111444111141114111221111
4111111111131411111111111111124442114111111221442211111133111111441111444224442224111441111111222111
4111141114411111111111111111124442114144111111442221111114111111111111444114442221111441111112212244
4111111111331111121111111144424441113344111111441111114444111111111111444114442221112224411111412244
1111114411331111111111111144411111111144311111111111114441111111111144433111422211112224411111333311
1111114411331111111141111144411114111122333211111111111111111111333444411111444411112224111111111111
1111111111331111111111111422111114111141113311114411111111333111113244411111144111114441111111111111
1111111111333111111111111111141114111121112211111422111111222011143222111334444111114441111111111111
1144411111341114411111111111144411114441112441111222111444211111111111111334444111114441111444121111
1111111111341111111141111111111411124441122441111122224441111111111111111114444441112213311444144441
1111114111141111114444111444441111144441121441111111211141111111111111443111344444111141111444444441
1111112111111111111144111444443222344433311144411111211142111111132111244441111111111221112444444443
1111114111111114411122244411142222144411122244411111111122111111111111244441111111111444111112111113
1111144111111114411122244111111111111111142211111111112444111111111111444444111111111444411113121111
1111444441111111142222244111111111111111142211111111112444111111111111114411144411114444111111142111
2111444441111111144144412444111111111124442211111111114444112211111111114411144414444444111111142111
1111144442234411111144412444111222111111111111111111144221112211131111111411144114443311114411141111
1211111223332221111111111144444422111111111111112411144111111111111111114444444112221111114411111111
1111111443332221144411111114444441111111111114111111111111111111114441114444144442221112211111133411
2111111443311111144111111111144444444331111114111111144111111111444441114441111441111111111444133442
1411114111111112244111111331111144411331111111114441144111111111444441111411111441111111111444333111
1411144111111112222111111331111144421111111111114444144422444111444411111441114121111111114444331111
1111111111441111122211111331114112221111411111124111111144424411111111111441111111111111114442331111
1111111114411111144411111111114112221111411111124111111144444411111111111111111111111111114442111111
1111111111111111111441111111114111112221114411124111111114441114443311111111444111114111111111141111
1332111311111111111444441111113311112221114411124441141113111114444411111331144111114111244441221111
1331133311111111122244441114441111132221114444411111141113114444444411111441111111114111144411122411
1444122234111111122211111111111111331111144444411111144411114444444411111441111114414411144444144411
2444122234444111122231111111111111111111144144411111111111134444441111333221111114444411122444144444
2444444221114141111444111111111111114441111144434311144111133111143331333222111111344414444444244444
4111444221114341111444111111111111114441111444434444444111111111222224413222111111344424444422244444
4111441144414442111442111111111111114441111422222111111111111111111224411411111111334444444122234444
4111131144411442111112224441111411111111442422222111111441111111111244444111121114111444111111114444
4441131144411442111112224444144411111111332223222111111441144413111144411111112244111444111111111111
4441133111111114111111424444144411444411111113333341111441144433341144411111111244111123111332111111
4411144111441144111111422444211111144411111414333341111111111431111111111111111111444111111221111111
4444444111141144411113444111211111144442111114433314111144111431111111114441111111444111111221111111
1111111111111144444111114444111144441112444114222411111144111434441211114441114111411111111221111141
1111114111111144444111111444111144441111144111122411111144111224441111114441114411111111133311111141
1111444411111141444111111444111244441111144111114411144111111431111111111111441111111111111111111141
2112444411111141114441111121111221111111124111114444444111111421111111111111441111144411111411111111
2111114222111121114441141111111221111111111111114444444111144411111111111111441111144421111444244111
2111112222111133314442141111111111111111111111444114441111111111111114111111113331144421114441113111
2111112111111133331221141111111111111114111111444114411111111144111223441111113331111111114421114111
2111111111111133311211144411111144111344411111444114411111111144111224441111144431111111114411114111
1411111111111111244411111111111144111344411111411112411111112444111124111113244434111111222114444111
1411114111111111244411111111111144413311114111111122441111122244411144111113344441111111114111111111
4444411111111111144411111111111111214441114411111121441113111444311144111113322224111111114111114344
4444411111111114141111144411111111234411114441111221114443311111334443111444422224111111114111114444
1112211111111114111114444444111111114411114411111111114444411111311143111444221114111114444411144444
1111123311111112141111111444111441114411111211144442211111111111411111111111221111111114111111144111
1111133111111414444111111111114441114444411211144444433111114111111111111144111111222114144411144111
1111114411141114444111121112211111112244414444411144411111114111112211111144111111332111144444444444
1111114411141114442211121112211111112244111441111111411114444411112211111111111111333111344444414444
1111114411141111111111121441111111111111111441111111411334411133313411111111441103111311111411124444
4111111113333111111121111111144111131111111441144111133314411133311411114111141300444444111111124444
4111111113332444112223311111111111331111111114441111133311111111422411114441122033444444111111122224
1331111113332444111133311111111111111111111114441111113311141111111411114441111144444444411111244411
1111111113332444411133321131111111111111111113111111113441111111111111114441111111444444441111244411
1111111113334334411133311134444111111111111133111111113211111431111111111444411111444441111112241111
1111144111221111111111111134444111111111211133111113333111111431111111111444344111444111111144221111
1444224111111111111111111134444111111144211131111111114111111421111111421114322224444111111144111111
4444222111111111144411111144411111111144211311111111114111111444111111421114422224411111111444111124
4444224111111111144422111144411111111111111111111111124211111441144111221114421114411114111311121444
4442224111111111144411111141111111112211111311111112211111111441144444111111221114411111111311111444
4444124111112211111111111121111124222211112211111112241114411114441444441111441111411112111111111444
4411111122111211111411411122211111222432112211111111131114411144443444444444114444411114111114111114
4441111131111211111411444111211111114432211122411111144344444111111111111444111144111144111114111114
4441114234144444444411411111211144111111111122411111144111444111111111111441111114412224111444411114
4111114234444411141144411111111444114411111131111111444111444111111111111111111111442223111144411144
1111444114111111111144411111111444114411111111111111141111331111111114111111111111442223441144424111
2111441111111111111144411111111144144411111114441111121111111111111111112111111111442222241112441142
1111441111111111111122111111111144111111111114441111433444111111111111113111111114441114442222441141
4111111111142111111122111211111122111111111114441111422244111111111111113333111111141114442221111444
4114111111142211111111111233322111111111141112111111422444441111111111111133111111111114441111113444
4144111111122211111111111133322111111111122422111441122444444411333111111133111111111111111111113444
1144111333321111111111111411144111144111111444224444424444144411334441114443222111311111111111111111
1111433343331114011111111111144411444111111433221114411141144413144411444443224441441111111111111111
4111133344441110011114414111444411444443111133321114411111114413144411444441111441441111111211111111
4111133344111400031113114111444422114443331133321114411111112214144431241111111444411111111111144444
4411111113111111314111311144444422144443331113111434441111112244444434444111111144411111111111144444
1111111113111111111111411144411221114433331111111431111211111214444444442411441144411111111111144411
4433111113111111111111411141111131114433321111111414411111111114444444442444444441112111111111144114
4444111122111111344111111244411141112213113111111114411131111114444444111114444441111344111111111114
4444211142214111311111111331112444111222313111423224411131444111144114111114444442111111411111111114
4443144442222112211111111331111302221222332344421111111111444111121111111114414441111111311111111114
4433334442223112211111122333221302221222302200031111111132033311123000233333111111333111333032200111
3333333322223322222222222333221302223333332200031111133333033333223333333333311311333333333333300033
1113441111123422222231114433411141111311132111032333333333033333223330333333333111333333333333300033

3133311111133322222111111333311111113331331111133333333333303333333333033333333313333333333333000003
1111111111111122222111111111111111111111111111111333333333311132211333033333333311433333333311333333
1111111111111122222111111111111111111111111111111122211222111122211111111111331111111444333311133331
1111111113333333111111111111111111131111111111111111113333111144411111111111111111111111111111111111
1111111333333311111144411113331133331111111111111111113333111144444111111111111421111133331111111111
1111114223331114111444411111111111331144411111111111113333111144414111111444111421111133334411111441
1111444223331111111411111111111111331144411111111111113331111444111111111444111411111133334111111444
1111444222221111114411111111111111331141113333111111111111111144111111111444111411111133334111111411
1111111441111111111111111111444111111111113333111133111144111144111111124414111111111133331111111411
1111111441111111111111111111443111111111113333111111111444411144113111114111111111111111141111111211
1111111211111444111111111111133111111111133333111111111444411144111111111111111144111111111111111111
1111111121111111111111111111144444111111133333422211111444443411141111111111111144111111111111111111
1111111111111111111111111111144444111111133333122211111111111111141111411111412224111111111111111111
1111111113311111111111111111144444111111111111111111111111111111111111141111442222112211111111111111
1111111113333111111111111141144444111114431111111111111111111111111111141111442221112211111111111211
1111111113333111111111111114111111111144433311111111111111111113331411144111422221112222411111111211
1111111113333111111111111111111111111111133331111111111111333111333344433311114211112222111113333111
1111111113333311111111111111111111111111133331111111111111222111333344411331114111112221111111111111
1111111113333311111111111111111111111111133341111111111111222111133344413331111111114411111111111111
1111111113333111111111111111111111141111111441111121111111122111133111113333441111114111111441111111
1111111113331111111111111111111111114441111111111211111111111111111111111333441111111111111441114441
1111111113311111111111111111111111114441111111111111111111111111111111444414444411111111111441114441
1111111111111111111111111111111111114443111111111111111111111111111111444411111111111111111441111141
3111111111111111111111111111113311114441121111111111111114111111111111444411111111111144111111111111
3111111111111111111112241111111111111111122211111111111114111111111111111111111111111141111111111111
1111441111111111111114111111111111111111122211111111114444111111111111111111144111111141111111111111
1111444411133111111114111111111122111111112211111111114444111111111111111111111114441441111111111111
1111411133333211111114111111114222111111111111111111111111111111111111111111111111441141111111111111
1111111133333211111111111111114411111111111111111111111111111111111111111111111111441111111111333311
1111111133333211111111111111114411113333111111111111111111111111111441114441111111111111111111333311
1111111433333211114111113111111111111333111111111111111111111111111441111111111111111111111113333311
1111111113331111114111113333111114111333111111111111111111111111444441111111111111111111111443333311
1111111111111111114111113333111111111333111111111111111114444411444441111111111111111111111443333311
1111111111111111111111113333111111411111111111111111111114444411111111111111111111111111114443333111
1111111111111111111111113333111111211111111111111111111114441111111111111111111111111111111111333111
3333113311111111111111111111111111112221111111111111111144441111444411111111111111111111111111111111
3333133331111111111111111111111111112221111111111111111111111111444411111111111111111111111111111111
1333122233111111111111111111111333322221111111111111111111114111444411114441111111111111144111111111
1331112233111111122111111111111113331111111114111111111111114444411111333311111114111111114111114111
4141112223111111111111111111111113331111111114111111111111114441111133333321111113111111114441114111
1111112211111111111144111111111111114441111114443411111111331111111124333321111113444111114421114444
1111144411111111111144111111111111114441111114443111111111331111111124333322111113444111441112444444
1111111111111444111111221111111111114441111124443111111111111111111124111111111111444141111112444444
1111311114111444111111222441111111111111311132222111111111111133111124111111111111311141111111144411
1111331111111111111111244441111111111111334233333331111111111333331444111111111111111111111333111111
1111113311111111111112244441111111114111331133333331111111111133331144111111111111111114112222111111
4111113311111111111114441111111111114111111113333331111111111133311111111111111111111113311222111111
4111111111111141111111111111111111111111111113333331111111111133111111114441111111111111111222111111
1111111111111144111111111111111111111111111111333331111111111333111111114441111111111111311121111111
1111111111111111141111111144111114411111111111222211111111111333111111114441111111111111333111111111
1111111111111111111111111144111111141111111111111111114111111111111111111111111111111111133111111111
1111111111111111111111111141111411111111111111111111114111111111111111111111111111144441111111111111
1111111111111133311441111111111111111111111111111111444111111111111111111111133331144441111111111111
1111111222111333334441111111111111111111111111111111111111111111111111111111133333144441111111111111
1111111222111333331141111111111111113111111111441111111111111111111244411111133333111111111111111111
1111111111111333331111111111111111113331111111111111111111111111111141111132233333111111111111111111
1111111111111333311111111111111111113111111111111111411111111111111141111133334443111111111111111111
1111111111111111114411111111111111111111111111111111141113111441111111111133334441111111111111111111
1111411111111111111111111111111111111111111111111111111133311444331111111133334441111111111111111441
1111411111111111111111111111111111111111111111111111111133311113331113311133331111111111111111111444
1111113331111111111111111111111111111111111111111111111133331113331113311111141111111111111111111114
1111133311111111111111111111111111111111111111111114411111111113331113311111111111111111111111111111
1111133311111111111111111111111111112111411111111144411111111111111111111111111113333111111111111111
1111333311111111441111111111111111112444411111111111111111111111111111111111111113333311114111111114
1111111111111111441111111111111111112444411111111111111333111133331111111111111133333311111111111441
1111111113333311111111111111111111111111111111111111133333111333311111111111111000333311111111111444
1111111133333241111133311111111113311111111111111111333333111333311111111111111000444441111111144444
4113111133333241111333331111111113333111111111111111333331111333311111111111111000444441111111144411
1113111133333444111333331311111113333111111111111111333331111111111111114411111333444441111111122111
1131111133333444111333331331111111111111111333311111133331111131111111111111111111144411111111111111
1111111133333444411333331344444111111111111333311133333311111133111111111111131111141111111111111111
1111111133333433111133331344444111111111111333311133333311111111111111111111332111141111111111411111
1144422111111111111111111344111111111111111333311133111111111111111111111114442111111111111111111111
1144422111111111144411111144111111111111111333111111111111111111111111111114441111111111111111111441
4444422111111111144111111111111111111111111111111111111111111111111111111114441111111111113111111444
4441112111111111111111111111111111122211111111111111111111111111111111111114411111111111113111111444
4111111111111111111111111111111111124441111111111111111111111111111141111111111111111111113111111111
4111111311111111111111111111111111124441111111111111111111111111111144411111111111111111111111111111
4111111331111111111111111111111111114443111111111111111111111111111111111141111111111111111111111111
1111111331111111111111111111111444111111111111111111111111144111111111111144111111111222311111111111
1111111331111111111111111111111441111111111211111111111111144111111111111111111111112222311114111111
1111111131111111111114411111111111111111111111111111111111444111111111111111111111422222311111111111
1111111111111111111141111111111111111111111114441111111111333111111111133311111111412222311111441111
1111111111111111111141111111111111111111111114441111222241111111111111133333311111111111411111441111
1111111111122211111111111333331111111111111111111111224441111111111111133333311111111111441111111111
1111111111122211111111111333332111111111111111111111114441111113333111113333311111111114411111114444
1111113333331111111111111333331111111111111111111111114441111113333411111333311111111111111111134444
1111333333331144411111111333331111441111111133311111111441114413333411111333311111111111111111131111
1111333333331111111111111111111111141113311333331111111111111113333411111433311111111111111111111111
1111333333333111111111111111114111111133333333331111111111111111114411111114311111111111111111111111
1111333334111111111131111111144111111433333333331111111111111111114411111111111111111111111111144411
1111333331111111103111111111111141111333333333331111111111111111114411411111111114111111111111144111
1113311111311111111111111111111142114333333133311111111111111111444444444111111111111111111111144111
1114111111111113111111111111111111114333333111111111111111111111444441444111111111111111111111144111
4444111111111113111111113311111444111333333311111111111111111111111111111111444411111111111111111114
4433311112111123111111113333113322211222333444442111111311144411111111111111111411111111131111111114
4333333114222311111111113333313022211123332244442111111311333331111111133333111441333313333333111114
3333333444233332111111113333323022211123332244443111333333333333333333333333311113333333333333000013
3333333444233342222211113333323022211123332211103333333333333333333333033333333313333333333333000003
3333333331233322222111113333321111133333333211103333333333333333333330033333333313333333333333000003

3333333311333332222111133333331111133333333311133333333333333333333333033333333333333333333333300000
3333331111333222222111113333331111133333333111333333333333333333333333303333333333333333333330003300
3111111133333322222111111111111111333111111111113333333333331322211333333333333331333333333333333333
1111113333333322211111111133333333333111111111111211133333311144111111111113333111111133333331333333
1111111233333333111111111133333333333111111111111111133333311144111111111111111111111333333111111111
1111144233333331111111111133333333333111111111111111133333311111111111111444111111111333333111111111
1111144233333111111111111111111113333111133333311111133333311111111111111144111111111333333111111111
1111111133333111111111111111111113333111133333311333333333111111111111111111111111111333333111111111
1111111111111111111111111111444313333111133333311333311444411111111111111111111111111333333111111111
1111111111111111111111111111333311111111333333311113311444111111111111111111111111111333333111111111
1111111111111111111111111111333311111111333333311111111444111111111111111111111111111111111111111111
1111111111111111111111111111344444111111333333311111111444111111111111111111111111111111111111111111
1111111133331111111111111111144444111111333333311111111111111111111111111111111112111111111111111111
1111111133333311111111111111144444111111333333311111111111111111111111111111111221111111111111111111
1111111133333311111111111111144444111111333331111111111111111133333111111111444221112111111111111111
1111111133333311111111111111111111111111333333111111111113333333333331111131444221112111111133311111
1111111133333331111111111111111111111111333333111111111113222333333334113333111221112222111133311111
1111111133333331111111111111111111111111333333111111111113222113333334433333111111112222111111333311
1111111133333331111111111111111111111111333333111111111111222113333334433333311111111211111111111111
1111111133333331111111111111111111111111333331111111111111222111333331133333311111111111111111111111
1111111133333311111111111111111111114441111111111111111111111111333311133333311111111111111111111111
1111111133333111111111111111111111114441111111111111111111111111111111443333311111111111111111111111
1311111133331111111111111111133331114441111111111111111111111111111111444111111111111111111111111111
1311111111111111111111111111133331114441122211111111111111111111111111444111111111111111111111111111
1311111111111111111111111111131111111111122211111111111111111111111111111111111111111111111111111111
3311111111333311111111111111111111111111122211111111111111111111111111111111111111111111111111111113
1111111133333321111111111111111111111111122211111111111111111111111111111111111111111111111111111111
1111111333333311111111111111111111111111111111111111111111111111111111111111111111111111111113333331
1111111333333311111111111111111111113333311111111111111111111111111111111111111111111111111113333331
1111111333333311111111133311111111133333311111111111111111111111111111111111111111111111111133333331
1111111333333311111111133333311111133333311111111111111111111111111141111111111111111111111433333331
1111111333333311111111133333311111113333311111111111111111111111111141111111111111111111111433333331
1111111133333111111111133333311111113333311111111111111114444111114441111111111111111111111433333331
1111111111111111111111133333311111111333311111111111111111411111111111111111111111111111111433333331
3333333331111111111111133333311111111111111111111111111111411111111111111111111111111111111133333313
3333333333111111111111133333311111112222111111111111111111411111444411111111111111111111111113333313
3333333333311111111111111111113333332222111111111111111111111111144411111111111111111111111111111113
3333333333311111111111111111113333333222111111111111111111111111111413333331111111111111111111111113
3333322333311111111111111111113333333111111111111111111111111111111133333331111131111111111111111111
3333112333311111111111111111111133333111111111113311111113333111111133333331111131111111111111111111
1111112221311111111111111111111133334441111111114311111113333111111133333331111134441111111111111114
1111111111111111111111111111111111114441111114444311111113333111111143333331111134441111111111111444
1113111111111111111111111111111111114441111122444311111113333333311143333331111134441111111111114111
1113311111111111111111444441111111111113333333333333111111113333331114411111111111111111113331114111
1113333331111111111111444441111111111113333333333333111111113333333111111111111111111111112222111111
1113333331111111111111444441111111111113333333333333111111113333333111111111111111111111111222111111
1111133331111111111112211111111111111113333333333333111111111333333111111111111111111133111222111111
1111133331111111111111111111111111111111111133333333111111113333331111114441111111111133311222111111
1111111111111111111111111111111111111111111133333333111111113333311111114441111111111113333321111111
1111111111111111111111111111111111111111111113333333111111113333311111114441111111111113333311111111
1111111111111111111111111111111111111111111111111111111111113333311111111111111111111113333311111111
1111111111111333331111111111111111111111111111111111111111111111111111111111333333144441333311111111
1111111111113333333111111111111111111111111111111111111111111111111111111111333333344441111111111111
1111111111113333333111111111111111133311111111111111111111111111111111111111333333344441111111111111
1111111111113333333111111111111111133333111111111111111111111111111111111322333333311111111111111111
1111111111113333333111111111111111133333111111111111111111111111111111111333333333311111111111111111
1111111111113333333111111111111111133333111111111111111133311111111111111333333333311111111111111111
1111111111113333331111111111111111133311111111111111111333331113333111111333333444111111111111111111
1111111111111111111111111111111111111111111111111111111333331133333133331333333441111111111111111111
1111133333111111111111111111111111111111111111111111111333331133333133331333333111111111111111111111
1111333333111111111111111111111111111111111111111111111333331133333133331333333111111111111111111111
1111333333111111111111111111111111111111111111111111111333333133333133331111111133333311111111111111
1113333331111111111111111111111111111111111111111111111111111133333133331111111133333331111111111111
1113333331111111111111111111111111111411111111111111113333311333333111111111111333333331111111111111
1113333333333331111111111111111111114441111111111111333333313333333111111111111033333331111111111111
1111111333333321111333331111111133331111111111111113333333313333333111111111111004443331111111111111
1113311333333321113333333111111133333111111111111113333333313333331111111111111004443331111111111111
1133311333333321113333333331111133333311111111111113333333313333331111111111111004444441111111144111
1133311333333321113333333333111133333311113333331113333333113333331111111111111000444441111111144111
1133311333333344113333333333111133333311113333331333333333111333311111111111333333111141111111111111
1111111333333344113333333444411111111111113333331333333333111333311111111113333111111111111111111111
1111111333333344413333333441111111111111113333331333333331111333311111111113333111111111111111111111
1114442233333333311333333441111111111111113333331333333331111111111111111114333111111111111111111111
1114442111111111111111113441111111111111113333331333311111111111111111111114411111111111133311111411
1114441111111111111111111111111111111111113333311111111111111111111111111114411111111111133311111411
1111111111111111111111111111111111144441111111111111111111111111111111111114441111111111133311111411
1111111331111111111111111111111111144441111111111111111111111111111111111111111111111111133311111111
1111113333111111111111111111111111144441111111111111111111111111111111111111111111111111113311111111
1111113333111111111111111111111111144441111111111111111111111111111111111111111111111122231111111111
1111113333111111111111111111111111111111111111111111111111111111111111111111111111111222231111111111
1111113333111111111111111111111111111111111111111111111111114111111111111111111111112222231111111111
1111113333111111111111111111111111111111111111111111111111114111111111333331111111112222231111111111
1111111333111111111111111111111111111111111111111111111111444111111111333333331111112222231111111111
1111111111111111111111113333333111111111111111111111144441333311111111333333331111111111111111111111
1111111111111111111111113333333111111111111111111111114441111133333311333333331111111111111111111111
1111133333331111111111113333333111111111111111111111114441111133333311333333331111111111111111111111
1113333333333111111111113333333111111111111333331111111441111133333311133333331111111111111111111111
1113333333333111111111113333333111111133333333333111114441111133333311113333331111111111111111311111
1113333333333111111111113333331111111333333333333111111111111133333311113333331111111111111111111111
1113333333333111111111111111111111111333333333333111111111111133333311111333331111111111111111111111
1113333333333311111111111111111111113333333333333111111111111111111111111113331111111111111111111111
1133333333411111111111111111111111113333333333333111111111111111111111111111111111111111111111111111
1113333333111131111111111111111111113333333333333111111111111111111111111111111111111111111111111111
1111331111111133311111133331111111113333333333331111111111111111144411111111111111111111111111111111
4333331111111133311111133333333222113333333341111111113331111111111111111111111111111111333111111114
3333333111113331111111133333330222213333333344444111113333333333111111333333311111333333333333111114
3333333311333333111111133333330222221233333344444313333333333333333333333333311133333333333333311111
3333333311333334111111133333330222221233333211113333333333333333333333333333333333333333333333300013
3333333342333332222111133333330222233333333211133333333333333333333333033333333333333333333333000003
3333333341333332222111133333333322133333333211133333333333333333333330033333333333333333333333000003

3333333333333333222111333333333331333333333331333333333333333333333333033333333333333333333333300000
0333333333333333222111333333333113333333333333333333333333333333333333303333333333333333333330003300
0333333333333332222111133333333333333333333313333333333333333333333333330333333333333333333333033330
3311113333333333221111111333333333333311111111133333333333333332113333333333333333333333333333333333
3111113333333333211111111333333333333311111111111111333333331141111111111133333311113333333333333333
1111111333333333311111111333333333333311333333331111333333331111111111111111111111113333333311111111
1111144333333333111111111333333333333311333333333333333333331111111111111111111111113333333311111111
1111111333333311111111111111111333333311333333333333333333331111111111111111111111113333333311111111
1111111333333311111111111113333333333313333333333333333333311111111111111111111111113333333311111111
1111111111111111111111111113333333333313333333333333331444111111111111111111111111113333333311111111
1111111111111111111111111113333331111113333333331133311441111111111111111111111111113333333311111111
1111111333333111111111111113333334111113333333331111111444111111111111111111111111111111111111111111
1111111333333331111111111111444444111113333333331111111111111111111111111111111111111111111111111111
1111111333333331111111111111144444111113333333331111111111111333333311111111111111111111111111111111
1111111333333331111111111111144444111113333333331111111133333333333333111333111121111111111333331111
1111111333333333111111111111111111111113333333311111111132222333333333133333311121111112111333331111
1111111333333333111111111111111111111113333333311111111132222333333333333333311121111112111333333331
1111111333333333111111111111111111111113333333311111111132222333333333333333311111112111111333333331
1111111333333333111111111111111111111113333333311111111132222133333333333333331111112111111113333331
1111111333333333111111111111111111111113333333311111111112222133333333333333331111111111111111111111
1111111333333333111111111111111111114441333333111111111111111113333333333333331111111111111111111111
3331111333333331111111111111333333114441111111111111111111111113333331333333331111111111111111111111
3331111333333311111111111111333333114441111111111111111111111111111111433333331111111111111111111111
3331111333333111111111111111333333114441122211111111111111111111111111444411111111111111111111111111
3331111113333331111111111111333333111111122211111111111111111111111111111111111111111111111111111133
3331111333333331111111111111333111111111122211111111111111111111111111111111111111111111111111111133
3331113333333331111111111111111111111111122211111111111111111111111111111111111111111111111133333333
1111113333333331111111111111111111133333322211111111111111111111111111111111111111111111111133333333
1111113333333331111111333331111111333333331111111111111111111111111111111111111111111111111333333333
1111113333333331111111333333331111333333331111111111111111111111111111111111111111111111111333333333
1111113333333331111111333333331111333333331111111111111111111111111111111111111111111111111333333333
1111113333333331111111333333331111333333331111111111111111111111111111111111111111111111111333333333
1111113333333331111111333333331111133333331111111111111111111111111111111111111111111111111333333333
3333333333333311111111333333331111133333331111111111111111111111111111111111111111111111111333333333
3333333333311111111111333333331111113333331111111111111111111111111111111111111111111111111333333333
3333333333331111111111333333333333333222111111111111111111111111111111111111111111111111111333333333
3333333333331111111111333333333333333322111111111111111111111111111133333333111111111111111133333333
3333333333331111111111111111133333333322111111111111111111111111111333333333111333111111111111111133
3333333333331111111111111111133333333321111111133331111133333311111333333333111331111111111111111133
3333333333331111111111111111133333333311111111111331111133333311111333333333111331111111111111111113
3333113333331111111111111111111333333341111111111331111133333311111333333333111344441111111111111111
1133111113331111111111111111111333333441111124443331111133333333331333333333111344441111111111111111
1133331111111111111111111111111111114443333333333333311133333333333133333333111344441111133333111111
1133333333111111111111444441111111111133333333333333311133333333333333333333111311111111132222111111
1133333333111111111111144441111111111133333333333333311111133333333311111111111111111111112222111111
1133333333111111111111111441111111111133333333333333311111133333333311111111111111111333312222111111
1133333333111111111111111111111111111133333333333333311111133333333311111111111111111333331222111111
1111333333111111111111111111111111111133333333333333311111133333333311114441111111111333333322111111
1111333333111111111111111111111111111111111333333333311111133333333111114441111111111333333332111111
1111111111111111111111111111111111111111111333333333311111133333331111114441111111111133333332111111
1111111111113333333111111111111111111111111133333333311111133333331111111113333333311133333331111111
1111111111133333333311111111111111111111111111111111111111133333331111111113333333334433333331111111
1111111111133333333311111111111111333331111111111111111111111111111111111113333333334443333331111111
1111111111133333333311111111111111333333311111111111111111111111111111113223333333334441111111111111
1111111111133333333311111111111111333333311111111111111111111111111111113333333333331111111111111111
1111111111133333333311111111111111333333311111111111111333331111111111113333333333331111111111111111
1111111111133333333311111111111111333333311111111111113333333133333311113333333333331111111111111111
1111111111133333333311111111111111333333311111111111113333333333333333333333333333331111111111111111
1111333333333333333111111111111111333331111111111111113333333333333333333333333344111111111111111111
1113333333311111111111111111111111111111111111111111113333333333333333333333333311111111111111111111
1113333333311111111111111111111111111111111111111111113333333333333333333333333333333331111111111111
1133333333311111111111111111111111111111111111111111113333333333333333333333333333333333111111111111
1133333333311111111111111111111111111111111111111111133333333333333333333111113333333333111111111111
1133333333333333111111111111111111111111111111111113333333333333333333333111111333333333111111111111
1133333333333332113333333111111333333111111111111133333333333333333311111111111333333333111111111111
1133333333333331133333333311111333333311111111111133333333333333333311111111111344433333111111111111
1333333333333331133333333333111333333331111111111133333333333333333311111111111144433333111111111111
1333333333333331133333333333311333333331133333333133333333333333333111111111111044433333111111111111
1333333333333331133333333333311333333331133333333333333333333333333111111113311044444441111111111111
1333333333333334133333333333311333333331133333333333333333333333333111111133333000111111111111111111
1333313333333334133333333333111333333331133333333333333333313333331111111133333333111111111111111111
1111113333333334133333333311111111111111133333333333333333313333331111111133333311111111111111111111
1114443333333334433333333311111111111111133333333333333333113333331111111133333311111111333331111111
1114444333333333333333333341111111111111133333333333333333111111111111111113333311111111333331111111
1114444111111111111111133311111111111111133333333333331111111111111111111111111111111111333331111111
1111113333111111111111111111111111144441133333331111111111111111111111111111111111111111333331111111
1111133333311111111111111111111111144441111111111111111111111111111111111111111111111111333331111111
1111133333311111111111111111111111144441111111111111111111111111111111111111111111111111333331111111
1111133333311111111111111111111111144441111111111111111111111111111111111111111111111222233331111111
1111133333311111111111111111111111111111111111111111111111111111111111111111111111112222223111111111
1111133333311111111111111111111111111111111111111111111111111111111113333333111111112222223111111111
1111133333311111111111111111111111111111111111111111111111111111111113333333333111112222223111111111
1111133333311111111111133333333311111111111111111111111111111111111113333333333111112222223111111111
1111113333311111111111133333333311111111111111111111111441333333333333333333333111111111123111111111
1111333333333111111111133333333311111111111111111111111441333333333333333333333111111111111111111111
1133333333333311111111133333333311111111113333333111111141111333333333333333333111111111111111111111
1133333333333311111111133333333311111333333333333311111141111333333333333333333111111111111111111111
1133333333333311111111133333333311113333333333333311111141111333333331333333333111111111111111111111
1133333333333311111111133333333311113333333333333311111111111333333331133333333111111111111111111111
1133333333333331111111133333333111133333333333333311111111111333333331133333333111111111111111111111
1333333333333331111111111111111111133333333333333311111111111333333331113333333111111111111111111111
1333333333333333111111111111111111133333333333333311111111111111111111111133333111111111111111111111
1333333333341333331111333333111111133333333333333311111111111111111111111111111111111111111111111111
3333333333311333331111333333333321133333333333333311133333111111111111111111111111111113333311111111
3333333311133333331111333333333222133333333333333111133333333333311113333333331113333333333333311113
3333333333333333331111333333333222233333333331113333333333333333333333333333331333333333333333311113
3333333333333333111111333333333222223333333331133333333333333333333333333333333333333333333333331113
3333333333333333111111333333333222233333333331333333333333333333333333333333333333333333333333300033
3333333333333333222211333333333222233333333311333333333333333333333333033333333333333333333333000003
3333333333333333222111333333333222333333333331333333333333333333333330033333333333333333333333000003

3333333333333333322113333333333333333333333333333333333333333333333333033333333333333333333333300000
0333333333333333322113333333333333333333333333333333333333333333333333303333333333333333333330003300
0033333333333333322113333333333333333333333333333333333333333333333333330333333333333333333333033330
0033333333333333322111333333333333333333333333333333333333333333333333333033333333333333333333333333
3331133333333333321111113333333333333333333333333333333333333333233333333333333333333333333333333333
3311133333333333331111113333333333333333333333333333333333333111111111111333333331133333333333333333
1111113333333333331111113333333333333333333333333333333333333111111111111111111111133333333331111111
1111113333333333311111113333333333333333333333333333333333333111111111111111111111133333333331111111
1111113333333331111111111133333333333333333333333333333333333111111111111111111111133333333331111111
1111113333333331111111111133333333333333333333333333333333331111111111111111111111133333333331111111
1111113333333311111111111133333333333333333333333333333411111111111111111111111111133333333331111111
1111113333333333111111111133333333111133333333333333331411111111111111111111111111133333333331111111
1111113333333333111111111133333333111133333333333111111111113333333331111111111111111111111111111111
1111113333333333111111111111144444111133333333333111111133333333333333313333311111111111113333333111
1111113333333333311111111111114444111133333333333111111322223333333333333333331111111111113333333111
1111113333333333311111111111111111111133333333333111111322223333333333333333331111111111113333333333
1111113333333333311111111111111111111133333333331111111322223333333333333333331111111111113333333333
1111113333333333311111111111111111111133333333331111111322223333333333333333333111111111113333333333
1111113333333333311111111111111111111133333333331111111322223333333333333333333111111111113333333333
1111113333333333311111111111111111111133333333331111111322222333333333333333333111111111111133333333
3333113333333333311111111113333333114433333333331111111111111333333333333333333111111111111111111113
3333113333333333311111111113333333314443333333311111111111111133333333333333333111111111111111111113
3333113333333333111111111113333333314441112211111111111111111133333333333333333111111111111111111113
3333113333333333111111111113333333314441122211111111111111111111111111333333333111111111111111111333
3333113333333333111111111113333333311111122211111111111111111111111111111111111111111111111111111333
3333133333333333111111111113333333311111122211111111111111111111111111111111111111111111111333333333
3333133333333333111111111113333311333333332211111111111111111111111111111111111111111111111333333333
3333133333333333111113333333111113333333333211111111111111111111111111111111111111111111113333333333
3111133333333333111113333333333113333333333211111111111111111111111111111111111111111111113333333333
3111133333333333111113333333333113333333333111111111111111111111111111111111111111111111113333333333
3111133333333333111113333333333113333333333111111111111111111111111111111111111111111111113333333333
3111133333333333111113333333333113333333333111111111111111111111111111111111111111111111113333333333
3333333333333333111113333333333113333333333111111111111111111111111111111111111111111111113333333333
3333333333333333111113333333333111333333333111111111111111111111111111111111111111111111113333333333
3333333333333331111113333333333333333333333111111111111111111111111111111111111111111111113333333333
3333333333333111111113333333333333333333333111111111111111111111111333333333311111111111113333333333
3333333333333111111113333333333333333332211111111111111111111111113333333333313333311111113333333333
3333333333333111111113333333333333333332111111333333111333333331113333333333313333311111111333333333
3333333333333111111111111111333333333332111111333333111333333331113333333333313333111111111111111333
3333333333333111111111111111333333333331111111113333111333333331113333333333313333111111111111111333
3333333333333111111111111111333333333331111111133333111333333333333333333333313333441111111111111133
3333333333333111111111111111113333333333333333333333331333333333333333333333313444441111333333311113
1333333333333111111111111111113333333333333333333333331333333333333333333333313444441111322222211111
1333333333311111111111114441111111111333333333333333331333333333333333333333313311111111322222111111
1333333333311111111111111141111111111333333333333333331333333333333333333333313111113333322222111111
1333333333311111111111111141111111111333333333333333331111333333333331111111111111113333333222111111
1333333333311111111111111111111111111333333333333333331111333333333331111111111111113333333322111111
1333333333311111111111111111111111111333333333333333331111333333333331114441111111113333333333111111
1113333333311111111111111111111111111333333333333333331111333333333331114441111111113333333333111111
1113333333333333333311111111111111111111113333333333331111333333333311114443333333333333333333111111
1111111111333333333331111111111111111111113333333333331111333333333111111133333333333333333333211111
1111111111333333333331111111111113333333111333333333331111333333333111111133333333333333333333111111
1111111111333333333331111111111113333333331111111111111111333333333111132233333333333333333333111111
1111111111333333333331111111111113333333331111111111111111111111111111133333333333333433333333111111
1111111111333333333331111111111113333333331111111111113333333111111111133333333333333111111111111111
1111111111333333333331111111111113333333331111111111133333333333333331133333333333333111111111111111
1111111111333333333331111111111113333333331111111111133333333333333333333333333333333111111111111111
1113333333333333333331111111111113333333331111111111133333333333333333333333333333333111111111111111
1133333333333333333331111111111113333333331111111111133333333333333333333333333333333111111111111111
1133333333333333333311111111111113333333111111111111133333333333333333333333333333333333111111111111
1333333333331111111111111111111111111111111111111111133333333333333333333333333333333333311111111111
1333333333331111111111111111111111111111111111111111333333333333333333333333333333333333311111111111
1333333333333333311111111111111111111111111111111133333333333333333333333333333333333333311111111111
1333333333333333333333333311113333333311111111111333333333333333333333333311133333333333311111111111
1333333333333333333333333331113333333331111111111333333333333333333333333311113333333333311111111111
3333333333333333333333333333313333333333111111111333333333333333333331111111111333333333311111111111
3333333333333333333333333333333333333333333333333333333333333333333331111111111444333333311111111111
3333333333333333333333333333333333333333333333333333333333333333333331111133311444333333311111111111
3333333333333333333333333333333333333333333333333333333333333333333311111333331444433333311111111111
3333333333333333333333333333333333333333333333333333333333333333333311111333333444411111111111111111
3333333333333333333333333333333333333333333333333333333333333333333311111333333333111111111111111111
3333333333333333333333333333313333333333333333333333333333333333333111111333333333311113333333111111
1114433333333333333333333331111111111111333333333333333333333333333111111333333331111113333333111111
1114433333333333333333333331111111111111333333333333333333333333333111111333333331111113333333111111
1114433333333333333333333331111111111111333333333333333333311111111111111133333331111113333333111111
1111333333331111111111333331111111144441333333333333333111111111111111111111111111111113333333111111
1111333333331111111111111111111111144441133333333111111111111111111111111111111111111113333333111111
1111333333331111111111111111111111144441111111111111111111111111111111111111111111111113333333111111
1111333333331111111111111111111111144441111111111111111111111111111111111111111111112222333333111111
1111333333331111111111111111111111111111111111111111111111111111111133333333311111112222333333111111
1111333333331111111111111111111111111111111111111111111111111111111133333333333311112222222311111111
1111333333331111111111333333333331111111111111111111111111111111111133333333333311112222222311111111
1111333333331111111111333333333331111111111111111111111113333333333333333333333311112222222311111111
1113333333333311111111333333333331111111111111111111111111333333333333333333333311111111113311111111
1333333333333331111111333333333331111111133333333311111111333333333333333333333311111111112311111111
1333333333333331111111333333333331113333333333333331111111333333333333333333333311111111111111111111
1333333333333331111111333333333331133333333333333331111111113333333333333333333311111111111111111111
1333333333333331111111333333333331133333333333333331111111113333333333333333333311111111111111111111
1333333333333333111111333333333331333333333333333331111111113333333333333333333311111111111111111111
3333333333333333111111333333333331333333333333333331111111113333333333333333333311111111111111111111
3333333333333333311111333333333311333333333333333331111111113333333333333333333311111111111111111111
3333333333333333333113333333311111333333333333333331111111113333333333133333333311111111111111111111
3333333333333333333113333333333331333333333333333331333333311111111111111333333311111133333331111113
3333333333333333333113333333333322333333333333333331333333333333331133333333333133333333333333331133
3333333333333333333113333333333322333333333333333333333333333333333333333333333333333333333333331133
3333333333333333333113333333333322333333333333333333333333333333333333333333333333333333333333331133
3333333333333333331113333333333322333333333333333333333333333333333333333333333333333333333333330133
3333333333333333321113333333333322333333333333333333333333333333333333333333333333333333333333330003
3333333333333333322113333333333322333333333333333333333333333333333333033333333333333333333333000003
3333333333333333322113333333333323333333333333333333333333333333333330033333333333333333333333000003

3333333333333333332133333333333333333333333333333333333333333333333333033333333333333333333333300000
0333333333333333332133333333333333333333333333333333333333333333333333303333333333333333333330003300
0033333333333333332133333333333333333333333333333333333333333333333333330333333333333333333333033330
0003333333333333332133333333333333333333333333333333333333333333333333333033333333333333333333333333
3003333333333333332113333333333333333333333333333333333333333333333333333333333333333333333333333333
3333333333333333333111133333333333333333333333333333333333333333333333333333333333333333333333333333
3331333333333333333111133333333333333333333333333333333333333311111111113333333333333333333333333333
1111133333333333333111133333333333333333333333333333333333333311111111111111111111333333333333111111
1111133333333333331111133333333333333333333333333333333333333311111111111111111111333333333333111111
1111133333333333111111111333333333333333333333333333333333333311111111111111111111333333333333111111
1111133333333333311111111333333333333333333333333333333333333111111111111111111111333333333333111111
1111133333333333311111111333333333333333333333333333333311133333333333111111111111333333333333111111
1111133333333333311111111333333333311333333333333333333333333333333333333333331111333333333333333311
1111133333333333331111111333333333311333333333333311113222233333333333333333333111111111133333333311
3111133333333333331111111111144444111333333333333311113222233333333333333333333111111111133333333333
3111133333333333331111111111111111111333333333333311113222233333333333333333333111111111133333333333
3111133333333333331111111111111111111333333333333311113222233333333333333333333311111111133333333333
3111133333333333331111111111111111111333333333333111113222233333333333333333333311111111133333333333
3111133333333333331111111111111111111333333333333111113222233333333333333333333311111111133333333333
3333333333333333331111111133333333314333333333333111113222233333333333333333333311111111133333333333
3333333333333333331111111133333333334333333333333111113211123333333333333333333311111111111333333333
3333333333333333331111111133333333334333333333333111111111113333333333333333333311111111111111111133
3333333333333333331111111133333333334433333333331111111111111333333333333333333311111111111111113333
3333333333333333311111111133333333334441122211111111111111111333333333333333333311111111111111113333
3333333333333333311111111133333333331111222211111111111111111111111113333333333311111111113333333333
3333333333333333311111111133333333333333333211111111111111111111111111111111111111111111113333333333
3333333333333333311133333333333333333333333311111111111111111111111111111111111111111111133333333333
3333333333333333311133333333333333333333333311111111111111111111111111111111111111111111133333333333
3333333333333333311133333333333333333333333311111111111111111111111111111111111111111111133333333333
3311333333333333311133333333333333333333333311111111111111111111111111111111111111111111133333333333
3311333333333333311133333333333333333333333311111111111111111111111111111111111111111111133333333333
3333333333333333311133333333333333333333333311111111111111111111111111111111111111111111133333333333
3333333333333333311133333333333333333333333311111111111111111111111111111111111111111111133333333333
3333333333333333311133333333333333333333333311111111111111111111111111111111111111111111133333333333
3333333333333333311133333333333333333333333311111111111111111111113333333333331111111111133333333333
3333333333333333111133333333333333333333333311111111111111111111133333333333333333331111133333333333
3333333333333311111133333333333333333333333313333333313333333333133333333333333333331111133333333333
3333333333333311111133333333333333333333211113333333313333333333133333333333333333331111133333333333
3333333333333311111133333333333333333333111113333333313333333333133333333333333333331111113333333333
3333333333333311111111111113333333333333111113333333313333333333333333333333333333341111111111113333
3333333333333311111111111113333333333333333333333333333333333333333333333333333333341113333333333333
3333333333333311111111111113333333333333333333333333333333333333333333333333333333341113222222331333
3333333333333311111111111111133333333333333333333333333333333333333333333333334444441113222222311133
3333333333333311111111111111133333333333333333333333333333333333333333333333333331113333332222211111
3333333333331111111111111111111111113333333333333333333333333333333333333333333331133333333322211111
3333333333331111111111111111111111113333333333333333333333333333333333333333333311133333333332211111
3333333333331111111111111111111111113333333333333333333113333333333333111111111111133333333333311111
3333333333331111111111111111111111113333333333333333333113333333333333114441111111133333333333311111
3333333333333333333331111111111111113333333333333333333113333333333333114433333333333333333333311111
1133333333333333333333111111111111113333333333333333333113333333333333114333333333333333333333311111
1133333333333333333333111111111133333333333333333333333113333333333331111333333333333333333333311111
1111111113333333333333111111111133333333333333333333333113333333333311332333333333333333333333311111
1111111113333333333333111111111133333333333333333333333113333333333311333333333333333333333333311111
1111111113333333333333111111111133333333333111111111133333333333333311333333333333333333333333311111
1111111113333333333333111111111133333333333111111111333333333333333333333333333333333333333333311111
1111111113333333333333111111111133333333333111111111333333333333333333333333333333333311111111111111
1133333333333333333333111111111133333333333111111111333333333333333333333333333333333311111111111111
1333333333333333333333111111111133333333333111111111333333333333333333333333333333333311111111111111
1333333333333333333333111111111133333333333111111111333333333333333333333333333333333333311111111111
3333333333333333333333111111111133333333333111111111333333333333333333333333333333333333331111111111
3333333333333333333331111111111133333333311111111113333333333333333333333333333333333333331111111111
3333333333333333331111111111111111111111111111111333333333333333333333333333333333333333331111111111
3333333333333333333333333331133333333331111111113333333333333333333333333333333333333333331111111111
3333333333333333333333333333133333333333111111113333333333333333333333333333333333333333331111111111
3333333333333333333333333333333333333333311111113333333333333333333333333331333333333333331111111113
3333333333333333333333333333333333333333333333333333333333333333333333333331133333333333331111111113
3333333333333333333333333333333333333333333333333333333333333333333333111333333333333333331111111113
3333333333333333333333333333333333333333333333333333333333333333333333113333333443333333331111111113
3333333333333333333333333333333333333333333333333333333333333333333333113333333343333333331111111113
3333333333333333333333333333333333333333333333333333333333333333333331113333333333333333331111111113
3333333333333333333333333333333333333333333333333333333333333333333331113333333333311133333333311113
3333333333333333333333333333333333333333333333333333333333333333333331113333333333311133333333311113
3333333333333333333333333333333333333333333333333333333333333333333311113333333333331133333333311113
1114333333333333333333333333111111111113333333333333333333333333333311113333333333111133333333311111
1113333333333333333333333333111111111113333333333333333333333333333311113333333333111133333333311111
1113333333333333333333333333111111144443333333333333333333331111111111111333333333111133333333311111
1113333333333111111113333333111111144443333333333333333311111111111111111111111111111133333333311111
1113333333333111111111111111111111144441333333333311111111111111111111111111111111112233333333311111
1113333333333111111111111111111111144441111111111111111111111111111333333333331111112223333333311111
1113333333333111111111111111111111111111111111111111111111111111111333333333333331112223333333311111
1113333333333111111113333333333333111111111111111111111111111111111333333333333331122223333333311111
1113333333333111111113333333333333111111111111111111111133333333333333333333333331122222222231111111
1133333333333331111113333333333333111111111111111111111133333333333333333333333331122222222231111111
3333333333333333111113333333333333111111333333333331111133333333333333333333333331111111133331111111
3333333333333333111113333333333333133333333333333333111113333333333333333333333331111111133331111111
3333333333333333111113333333333333333333333333333333111113333333333333333333333331111111113331111111
3333333333333333111113333333333333333333333333333333111113333333333333333333333331111111111111111111
3333333333333333311113333333333333333333333333333333111111133333333333333333333331111111111111111111
3333333333333333311113333333333333333333333333333333111111133333333333333333333331111111111111111113
3333333333333333331113333333333333333333333333333333111111133333333333333333333331111111111111111113
3333333333333333333333333333333333333333333333333333111111133333333333333333333331111111111111111113
3333333333333333333333333333333333333333333333333333333333333333333333333333333331111333333333111133
3333333333333333333333333333333333333333333333333333333333333333333333333333333333333333333333333333
3333333333333333333333333333333333333333333333333333333333333333333333333333333333333333333333333333
3333333333333333333333333333333333333333333333333333333333333333333333333333333333333333333333333333
3333333333333333333333333333333333333333333333333333333333333333333333333333333333333333333333331113
3333333333333333333333333333333333333333333333333333333333333333333333333333333333333333333333331113
3333333333333333333133333333333333333333333333333333333333333333333333333333333333333333333333331113
3333333333333333332133333333333333333333333333333333333333333333333333033333333333333333333333000003
3333333333333333332133333333333333333333333333333333333333333333333330033333333333333333333333000003

3333333333333333333333333333333333333333333333333333333333333333333333033333333333333333333333300000
0333333333333333333333333333333333333333333333333333333333333333333333303333333333333333333330003300
0033333333333333333333333333333333333333333333333333333333333333333333330333333333333333333333033330
0003333333333333333333333333333333333333333333333333333333333333333333333033333333333333333333333333
3003333333333333333333333333333333333333333333333333333333333333333333333333333333333333333333333333
3300333333333333333333333333333333333333333333333333333333333333333333333333333333333333333333333333
3333333333333333333311333333333333333333333333333333333333333333333333333333333333333333333333333333
3333333333333333333311333333333333333333333333333333333333333331111111133333333333333333333333333333
1111333333333333333311333333333333333333333333333333333333333331111111111111111113333333333333311111
1111333333333333333111333333333333333333333333333333333333333331111111111111111113333333333333311111
1111333333333333331111113333333333333333333333333333333333333333333333311111111113333333333333311111
1111333333333333331111113333333333333333333333333333333333333333333333333333333113333333333333333331
1111333333333333333111113333333333333333333333333333333332333333333333333333333313333333333333333331
3311333333333333333111113333333333333333333333333333333332333333333333333333333313333333333333333333
3311333333333333333111113333333333333333333333333331132222333333333333333333333311111111333333333333
3311333333333333333111111111111111113333333333333331132222333333333333333333333331111111333333333333
3311333333333333333111111111111111113333333333333331132222333333333333333333333331111111333333333333
3311333333333333333111111111111111113333333333333331132222333333333333333333333331111111333333333333
3333333333333333333111111333333333333333333333333311132222333333333333333333333331111111333333333333
3333333333333333333111111333333333333333333333333311132222333333333333333333333331111111333333333333
3333333333333333333111111333333333333333333333333311133322333333333333333333333331111111333333333333
3333333333333333333111111333333333333333333333333311133111133333333333333333333331111111113333333333
3333333333333333333111111333333333333333333333333311111111133333333333333333333331111111111111133333
3333333333333333333111111333333333333333333333333111111111113333333333333333333331111111133333333333
3333333333333333331111111333333333333333333321111111111111113333333333333333333331111111133333333333
3333333333333333331333333333333333333333333331111111111111111111111133333333333331111111333333333333
3333333333333333331333333333333333333333333331111111111111111111111111111111111111111111333333333333
3333333333333333331333333333333333333333333331111111111111111111111111111111111111111111333333333333
3333333333333333331333333333333333333333333331111111111111111111111111111111111111111111333333333333
3333333333333333331333333333333333333333333331111111111111111111111111111111111111111111333333333333
3333333333333333331333333333333333333333333331111111111111111111111111111111111111111111333333333333
3333333333333333331333333333333333333333333331111111111111111111111111111111111111111111333333333333
3333333333333333331333333333333333333333333331111111111111111111111111111111111111111111333333333333
3333333333333333331333333333333333333333333331111111111111111111133333333333333111111111333333333333
3333333333333333331333333333333333333333333331111111111111111111333333333333333333333111333333333333
3333333333333333331333333333333333333333333333333333333333333333333333333333333333333111333333333333
3333333333333333311333333333333333333333333333333333333333333333333333333333333333333111333333333333
3333333333333331111333333333333333333333333333333333333333333333333333333333333333333111333333333333
3333333333333331111333333333333333333333321133333333333333333333333333333333333333333111333333333333
3333333333333331111333333333333333333333333333333333333333333333333333333333333333333133333333333333
3333333333333331111111111133333333333333333333333333333333333333333333333333333333331132222223333333
3333333333333331111111111133333333333333333333333333333333333333333333333333333333331132222223333333
3333333333333331111111111133333333333333333333333333333333333333333333333333333333333333333223333333
3333333333333331111111111111333333333333333333333333333333333333333333333333333333333333333332231333
3333333333333331111111111111333333333333333333333333333333333333333333333333333333333333333333221113
3333333333333111111111111111111111133333333333333333333333333333333333333333333333333333333333331113
3333333333333111111111111111111111133333333333333333333333333333333333333333333331333333333333331113
3333333333333333333333111111111111133333333333333333333333333333333333314333333333333333333333331113
3333333333333333333333311111111111133333333333333333333333333333333333313333333333333333333333331113
3333333333333333333333311111111333333333333333333333333333333333333333313333333333333333333333331113
1333333333333333333333311111111333333333333333333333333333333333333333333333333333333333333333331111
1333333333333333333333311111111333333333333333333333333333333333333333333333333333333333333333331111
1111111133333333333333311111111333333333333333333333333333333333333333333333333333333333333333331111
1111111133333333333333311111111333333333333333333333333333333333333333333333333333333333333333331111
1111111133333333333333311111111333333333333311111113333333333333333333333333333333333333333333331111
1333333333333333333333311111111333333333333311111113333333333333333333333333333333333333333333331111
3333333333333333333333311111111333333333333311111113333333333333333333333333333333333331111111111111
3333333333333333333333311111111333333333333311111113333333333333333333333333333333333333331111111111
3333333333333333333333311111111333333333333311111113333333333333333333333333333333333333333111111113
3333333333333333333333311111111333333333333311111133333333333333333333333333333333333333333111111113
3333333333333333333333311111111333333333333311113333333333333333333333333333333333333333333111111113
3333333333333333333333333333333333333333331111133333333333333333333333333333333333333333333111111113
3333333333333333333333333333333333333333311111133333333333333333333333333333333333333333333111111113
3333333333333333333333333333333333333333331111133333333333333333333333333333333333333333333111111133
3333333333333333333333333333333333333333333333333333333333333333333333333333333333333333333111111133
3333333333333333333333333333333333333333333333333333333333333333333333333333333333333333333111111133
3333333333333333333333333333333333333333333333333333333333333333333333333333333333333333333111111133
3333333333333333333333333333333333333333333333333333333333333333333333333333333333333333333111111133
3333333333333333333333333333333333333333333333333333333333333333333333333333333333333333333111111133
3333333333333333333333333333333333333333333333333333333333333333333333333333333333333333333333331133
3333333333333333333333333333333333333333333333333333333333333333333333133333333333333333333333331133
3333333333333333333333333333333333333333333333333333333333333333333333133333333333333333333333331133
3333333333333333333333333333333333333333333333333333333333333333333333133333333333333333333333331133
3333333333333333333333333333333333333333333333333333333333333333333331133333333333333333333333331133
1133333333333333333333333333311111111133333333333333333333333333333331133333333333311333333333331111
1133333333333333333333333333311111144433333333333333333333333333333331133333333333311333333333331111
1133333333333333333333333333311111144433333333333333333333333111111111113333333333312333333333331111
1133333333333311111133333333311111144433333333333333333331111111113333333333333111112333333333331111
1133333333333311111111111111111111144443333333333331111111111111113333333333333333112333333333331111
1133333333333311111133333333333333311111111111111111111111111111113333333333333333122233333333331111
1133333333333311111133333333333333311111111111111111111333333333333333333333333333122233333333331111
1333333333333333111133333333333333311111111111111111111333333333333333333333333333122233333333331111
3333333333333333311133333333333333311113333333333333111333333333333333333333333333122222233333111113
3333333333333333311133333333333333333333333333333333311333333333333333333333333333111112333333111113
3333333333333333311133333333333333333333333333333333311333333333333333333333333333111111333333111113
3333333333333333311133333333333333333333333333333333311133333333333333333333333333111111333333111113
3333333333333333331133333333333333333333333333333333311133333333333333333333333333111111133333111113
3333333333333333331133333333333333333333333333333333311133333333333333333333333333111111111111111133
3333333333333333333133333333333333333333333333333333311111333333333333333333333333111111111111111133
3333333333333333333333333333333333333333333333333333311111333333333333333333333333111111111111111133
3333333333333333333333333333333333333333333333333333333333333333333333333333333333113333333333311333
3333333333333333333333333333333333333333333333333333333333333333333333333333333333333333333333333333
3333333333333333333333333333333333333333333333333333333333333333333333333333333333333333333333333333
3333333333333333333333333333333333333333333333333333333333333333333333333333333333333333333333333333
3333333333333333333333333333333333333333333333333333333333333333333333333333333333333333333333333333
3333333333333333333333333333333333333333333333333333333333333333333333333333333333333333333333333333
3333333333333333333333333333333333333333333333333333333333333333333333333333333333333333333333331113
3333333333333333333333333333333333333333333333333333333333333333333333333333333333333333333333330133
3333333333333333333333333333333333333333333333333333333333333333333333033333333333333333333333030003
3333333333333333333333333333333333333333333333333333333333333333333330033333333333333333333333000003

3333333333333333333333333333333333333333333333333333333333333333333333033333333333333333333333300000
0333333333333333333333333333333333333333333333333333333333333333333333303333333333333333333330003300
0033333333333333333333333333333333333333333333333333333333333333333333330333333333333333333333033330
0003333333333333333333333333333333333333333333333333333333333333333333333033333333333333333333333333
3003333333333333333333333333333333333333333333333333333333333333333333333333333333333333333333333333
3300333333333333333333333333333333333333333333333333333333333333333333333333333333333333333333333333
3333333333333333333333333333333333333333333333333333333333333333333333333333333333333333333333333333
3333333333333333333333333333333333333333333333333333333333333333333333333333333333333333333333333333
3333333333333333333333333333333333333333333333333333333333333333111111333333333333333333333333333333
1113333333333333333333333333333333333333333333333333333333333333333333331111111133333333333333331111
1113333333333333333313333333333333333333333333333333333333333333333333333333333333333333333333333333
1113333333333333333311133333333333333333333333333333333333333333333333333333333333333333333333333333
3333333333333333333311133333333333333333333333333333333333333333333333333333333333333333333333333333
3333333333333333333311133333333333333333333333333333333333333333333333333333333333333333333333333333
3333333333333333333311133333333333333333333333333333333333333333333333333333333333333333333333333333
3333333333333333333311133333333333333333333333333333322223333333333333333333333333111113333333333333
3333333333333333333311111111111111133333333333333333322223333333333333333333333333111113333333333333
3333333333333333333311113333333333333333333333333333322223333333333333333333333333111113333333333333
3333333333333333333311113333333333333333333333333333322223333333333333333333333333111113333333333333
3333333333333333333311113333333333333333333333333331333323333333333333333333333333111113333333333333
3333333333333333333311113333333333333333333333333331333323333333333333333333333333111113333333333333
3333333333333333333311113333333333333333333333333331333333333333333333333333333333111113333333333333
3333333333333333333311113333333333333333333333333331333311333333333333333333333333111111333333333333
3333333333333333333311113333333333333333333333333331111111333333333333333333333333111111333333333333
3333333333333333333333333333333333333333333333333311111111133333333333333333333333111113333333333333
3333333333333333333333333333333333333333333333111111111111133333333333333333333333111113333333333333
3333333333333333333333333333333333333333333333111111111111111111111333333333333333111113333333333333
3333333333333333333333333333333333333333333333111111111111111111111111111111111111111113333333333333
3333333333333333333333333333333333333333333333111111111111111111111111111111111111111113333333333333
3333333333333333333333333333333333333333333333111111111111111111111111111111111111111113333333333333
3333333333333333333333333333333333333333333333111111111111111111111111111111111111111113333333333333
3333333333333333333333333333333333333333333333111111111111111111111111111111111111111113333333333333
3333333333333333333333333333333333333333333333111111111111111111333333333333333311111113333333333333
3333333333333333333333333333333333333333333333111111111111111113333333333333333333333313333333333333
3333333333333333333333333333333333333333333333333333333333333333333333333333333333333313333333333333
3333333333333333333333333333333333333333333333333333333333333333333333333333333333333313333333333333
3333333333333333333333333333333333333333333333333333333333333333333333333333333333333313333333333333
3333333333333333333333333333333333333333333333333333333333333333333333333333333333333313333333333333
3333333333333333113333333333333333333333333333333333333333333333333333333333333333333333333333333333
3333333333333333113333333333333333333333333333333333333333333333333333333333333333333323333333333333
3333333333333333113333333333333333333333333333333333333333333333333333333333333333333332333333333333
3333333333333333111111111333333333333333333333333333333333333333333333333333333333333333333333333333
3333333333333333111111111333333333333333333333333333333333333333333333333333333333333333333333333333
3333333333333333111111111333333333333333333333333333333333333333333333333333333333333333333333333333
3333333333333333111111111113333333333333333333333333333333333333333333333333333333333333333333333333
3333333333333333111111111113333333333333333333333333333333333333333333333333333333333333333333333133
3333333333333333333333311111111111333333333333333333333333333333333333333333333333333333333333333133
3333333333333333333333331111111111333333333333333333333333333333333333333333333333333333333333333133
3333333333333333333333331111113333333333333333333333333333333333333333333333333333333333333333333133
3333333333333333333333331111113333333333333333333333333333333333333333333333333333333333333333333133
3333333333333333333333331111113333333333333333333333333333333333333333333333333333333333333333333133
3333333333333333333333331111113333333333333333333333333333333333333333333333333333333333333333333111
3333333333333333333333331111113333333333333333333333333333333333333333333333333333333333333333333111
1111111333333333333333331111113333333333333333333333333333333333333333333333333333333333333333333111
3333333333333333333333331111113333333333333333333333333333333333333333333333333333333333333333333111
3333333333333333333333331111113333333333333331111133333333333333333333333333333333333333333333333113
3333333333333333333333331111113333333333333331111133333333333333333333333333333333333333333333333113
3333333333333333333333331111113333333333333331111133333333333333333333333333333333333333333311111133
3333333333333333333333331111113333333333333331111333333333333333333333333333333333333333333311111133
3333333333333333333333331111113333333333333331133333333333333333333333333333333333333333333311111133
3333333333333333333333333333333333333333333331333333333333333333333333333333333333333333333311111133
3333333333333333333333333333333333333333333331333333333333333333333333333333333333333333333311111133
3333333333333333333333333333333333333333333111333333333333333333333333333333333333333333333311111333
3333333333333333333333333333333333333333333333333333333333333333333333333333333333333333333311111333
3333333333333333333333333333333333333333333333333333333333333333333333333333333333333333333311111333
3333333333333333333333333333333333333333333333333333333333333333333333333333333333333333333311111333
3333333333333333333333333333333333333333333333333333333333333333333333333333333333333333333311111333
3333333333333333333333333333333333333333333333333333333333333333333333333333333333333333333311111333
3333333333333333333333333333333333333333333333333333333333333333333333333333333333333333333333333333
3333333333333333333333333333333333333333333333333333333333333333333333333333333333333333333333333333
3333333333333333333333333333333333333333333333333333333333333333333333333333333333333333333333333333
3333333333333333333333333333333333333333333333333333333333333333333333333333333333333333333333333333
3333333333333333333333333333333333333333333333333333333333333333333333333333333333333333333333333333
3333333333333333333333333333333333333333333333333333333333333333333333333333333333333333333333333333
3333333333333333333333333333333333333333333333333333333333333333333333333333333333333333333333333333
1333333333333333333333333333331111144333333333333333333333333333333333333333333333333333333333333111
1333333333333333333333333333331111144333333333333333333333333333333333333333333333333333333333333111
1333333333333333333333333333331111144333333333333333333333333311133333333333333333313333333333333111
1333333333333331111333333333333333344333333333333333333333111111133333333333333333313333333333333111
1333333333333331111333333333333333331133333333333333113333333333333333333333333333323333333333333111
3333333333333333311333333333333333331111111111111111113333333333333333333333333333322333333333333111
3333333333333333331333333333333333331133333333333333313333333333333333333333333333322333333333333133
3333333333333333331333333333333333333333333333333333333333333333333333333333333333322333333333333133
3333333333333333331333333333333333333333333333333333333333333333333333333333333333311123333333311133
3333333333333333331333333333333333333333333333333333333333333333333333333333333333311113333333311133
3333333333333333333333333333333333333333333333333333333333333333333333333333333333311113333333311133
3333333333333333333333333333333333333333333333333333331333333333333333333333333333311113333333311333
3333333333333333333333333333333333333333333333333333331333333333333333333333333333311111333333311333
3333333333333333333333333333333333333333333333333333331333333333333333333333333333311111111111111333
3333333333333333333333333333333333333333333333333333333333333333333333333333333333333333333333333333
3333333333333333333333333333333333333333333333333333333333333333333333333333333333333333333333333333
3333333333333333333333333333333333333333333333333333333333333333333333333333333333333333333333333333
3333333333333333333333333333333333333333333333333333333333333333333333333333333333333333333333333333
3333333333333333333333333333333333333333333333333333333333333333333333333333333333333333333333333333
3333333333333333333333333333333333333333333333333333333333333333333333333333333333333333333333333333
3333333333333333333333333333333333333333333333333333333333333333333333333333333333333333333333333333
3333333333333333333333333333333333333333333333333333333333333333333333333333333333333333333333331113
3333333333333333333333333333333333333333333333333333333333333333333333333333333333333333333333331113
3333333333333333333333333333333333333333333333333333333333333333333333033333333333333333333333031113
3333333333333333333333333333333333333333333333333333333333333333333330033333333333333333333333000003

