4402242314042440240142130441433003331120044223443240222334330310310200203234314402420103413312302244
2300324003124041004010403144402104330333343323244114122011423122300133313043321141321041131231421133
2321323430331334014200033140414100243110132341312012301423314321313334240112321100120040000231333031
2043202131333410113424122340230340434303124224041243223121002214302210332244311311423141440230031311
4334300010103103402442200344241232020401004331023021313004123034442441101343222121402134214233231420
0114124101413423322440100311222422124343104333331032044332324122101140430324341213141414142042313300
0114214104014020001334344022111303344322344430222020323013042031320431132231041332043324203332042220
4444230411011132013214031331234132312243422141331323241412444200331432344231204242440044001330400324
3424212310131423421443044100032134344334411231122300040004141213131042244311424311412114300124313033
2342010221031334342302110442332422424024433341331144403414024120214020141234400313143434104332232234
2401343223210420132420410212110443220043302100034213420030030134102344334443320340403112211441042240
3010323310041302131130340412104004013240231134102022122033044241443430130343340104243313210331324123
4324124023443422202423211402344001242133232440442430122012421202201312113022312222041132432302241220
4040233224314113430043210103342212113120404204412344031340014102214311111404400132314144304041143201
0022101431122323241343122014132123022434304404242004210124404440421001213032212443134400111132041123
1024203441430112324404411320301344034432002413220232001031444232314401420113102011003124333432004310
0240210020421001403141421410033031430124312430442334210111432223102120430210333211324011321324320302
4213410120343303143132341114132244441101334043140130014143230340223214433302303123011340112034412242
3233320341120301311123401231212023333123301443002304311142040033413021023123432432341002220113121133
2224001414122424032223203313304333240012141442123444023141413141104220041411234313241243311010020131
2021111404243401123022013304104120110042311401240112344300043111113412443134332440222343224142400323
0211211020031402304012132134434212214401343314000143044303232041121444242122444024440131403320020201
1333331112441222423332231243222020422142040303231011024212124201134430413432200334113220430232013201
4430233220420444201031234122043302404232423104440414214402122223021320203043124440420203433312440130
1201114023223320332343404144430230423014410040421003032244320442340310044004202101033424144042314410
1044312023241222124222220130330124303230124431314013443300202212001332331034243040142213404024213111
0133221104410231142131013201324300040240004221304214002131010210100104034442440303102230214142121114
1440313244003410020443432330244114324231413330132030042121302133033034312342414013340400033242441034
2443324132012024434334331331320232032334231032034220134143103001143144100122201333113210140300130134
2120340104334044040344443003331231011201240323421423234020332121410422234224443332124234302231144330
0412113132142411124332241431320021342001304234422412222233042120322134020400032220112331030141233202
4412011220444000422240324113020011332342401341331224421424234020314411130141143340444204211343332004
4234301221210041134212331231230202203040230230130031210244144342310031410023201023432034101123221101
2232000404100230114042233001230030104423133100030404020003323001021034244323404422211303301340303103
1440340031031334103410134220034013312342410233430344243132112034143400120302410240044241034321422444
1121001003200433114114304433310243314211002310132202141102321400440021232440102232044312011423234410
3120124400322403310432221123341031140234203401320222040314230024433320214111000131324041202424420304
0301211314242203432324442134433240143420214022304013001131004013201442042234411301323033402431421122
1103331104342022024123440142123132202134412200230220230122311013340130313023103143132110434314133120
2302403333211301304333323432232010111104132002124014313344124132040030130423404140023213211310112323
2132214144234144204414201244322011234221003001222300423312103001101341444131114043441440323403012340
3333100204030420243340330143213431400224132443211103304204103311014133101322332413320303423344122123
2240234132232141314220123021041232004130011132040234101312204244112030310420430313310414341300340012
0414311340303333144412420332400120242313433312314012401444314320000231000220313031112011123304224234
1001404044333103132224404343302401300144410232221314042324011042223124321202214214111132121213220011
4032243011313310312411440114342420121334041242310220341304421310442321404122341213323242340023034000
0413013044210144411140442012143020100444413200130134410003123134123234002141221413211102331221411423
1220334340202242424441042311311121420010032213043101314142304124313303210312114300120100344242340340
2302221401413212103300420131242311142422212010224103311434121203211124214334131124342410341411413230
4214110420321141121132413324012214030004043320321012114220140211204311413032101231033443332034300314
3044134123420114143210040301141023320004434221343010404320310431311032201020401411404134021044001211
0021121420014232441324343201200234101312224123014134340031413231314101233012221222244440103112340231
2414231300021110233023321343012012100141234304341344000030001142031043412304000314321112041313032421
4024010024204113343101303040114200214424014021103020243031031122022234302111033334120411132304113234
0344024204324021204324031322424301031430334314212224023232323333041212113411004444443022103201103210
4120111131220130014301111123001042021023143034413214011411201002221330112133402202421442030411321123
3413230211011040132340404400423003303343140311333223113204131131031100132240310412010230230304204002
3402023411220214111300102223041303403332032120023120430344434042402214111021023430144131134123433422
1433030103241303324343442124332332040100432042120100022003110111103410033442403334024022101240143341
1323140203434343334002212043013004412430324202242211241404222141033031102432312241433332414110213141
1231230000104323222101041440003401110233131422441313413323200112133242313404202011214000232221320330
4443442112012014241300410022321402424444142111043221432200120404224042144320021410130132400110321400
2401424303021332324443000333200443101214341413431330014143120441410101033101113444324003342443333341
0321433432004020101012020022440410240434141044232230002021130404142132004030443434441220440040241024
0433434401342403132332341232230301442203411202044313104020110140134011114431441131043413232412322340
2411011112412300013201343434140142214101011324401404311132321143412230412242344211142332123012043114
2144333242001401332120300442301023324000401213432030111302313113244020041041204343303211314040201233
0144311111412414013333320121432244312413132003430022020343424442000132320323402221230023134241220204
0100013300134130031032024031434334443234343111132220320430124243142004421133232440412142300404422100
3242200221301341022241440102404141222014012131004330443310330000341231414104324340101140314104204410
2243031311401130323310201202404031320343113424433313110321120131021434011032231113002033300403023201
0001010010442243200321403411344040344423101123132321313404400010131344323143204410023003232431103211
4121314213410331130204204033304120343121310320342443244210124143330133224330333022043212030142223141
4003443304142320111114040223213342214211022441041332030303112220103121431320231222311141212234023214
0042334013304122223120042141221011022400014404440023001421040143230341112024443233422304442340123433
2002340242202423141303234020430422103002340300111001111004210132123334024442421410223224411021424013
0130110304321343231301443421403303103204113221111023442244242332142424311240314040223033403022324302
3223103013011123033201324241231123231120013044200041221404334331240014344043141441003310441340343032
0324211120223041342224202232040343030302421130414232410131312012144134121041114102444332442302201400
2110230223041401310200144432234030110131133434112214213340411242414320214422423224012030401010141341
2032321134312401423111101421032211142033312220013013130312402122023320343140200141210112413422300424
2232121401404431330032442132213413410223204311340312032431220411001241442414414341410321430032233424
2424101001230330333242022221031034142233343443034220304313313104300011244102344231230421104132112323
4404134334400431342130014303311302140432211324434141444342323232000332303123444140113134320134103443
1133134432304440444101230220140403233444024422410344221111301323040430344230003043042104210434134424
0331321111114442102423432304320334213402212224202021032201224304003034124331100134043041241344123441
0123241123132004231331210204001303432314040421213221131210021021320211432013341423032321342423022402
0034443422104124231031442121433012030124144322414102300003000324001440441213042244041100310321222314
1301004423230440403300242141044334200140222403032201331230301140014242241023224324301300311134041010
2443344011212332414200141101103412001241341021011313120443044134101231001434430314202340242212441022
3434400134403312013132340403322400222411313022430314344323442030030222001324204321210414412032013300
1111313233432301414324343434344043402411340113031043141234113021333200200421312202313412132443223132
3410440222341444231313112004121034322133003041042424011344121142230433312201344130042120110342040444
3101412132344310304341401032414414144404402244310341341404033422031342112144023424043131441400432124
2120010222014423120010422413340324321224314210341101013032112304203010304331443443343011441300132323
0114010430031301033231233003402134414004340431300333044030044001140100040143030321204211024240033310
0044200100441331221320300021341213131302130242310212232434244114202222010111213241404240334433302231
0214313204244114022124302221104024241020200241410144220402022422440220000444440004422220400040202420
2400000424222404002004400200020424040042420224204020222440200204222004004022400200222200222220020022
2202020200220222022022222020002020022200202022000202000002022000002000200022220200022222222222222222

4422222111414411144111442211141144431112224424444111122222222111111222222222112211111111111122222122
4422244111414411144111444411111144431112444414444111122231111111111222111111114411111111111121111114
3222122241113111111111112214111144443331114411111111111111111211111113111111331111111111144120011111
4422122241333111111241112044111114444441144411111144111111111214111111111111331111111111144433323114
4441121111114441111241112011111444444441114433411122141111111111111111111133334111111111144433323114
4411111111114443331141114411111121114441114433311122144431111111111111111111111131111111111333444224
4111111111114443111141114411111221114431114433311122411111441111111111122211111131111111111134444244
4114111111111122111144444411133122244433111412211222411111111111111444122214244433111111211134444244
4444111111111122111121111111133422244422111111111222414111111111344444111114244431111111111144441344
2211111311111222341222111111334444244444331411141114444111111111114444111134244441111111111144111342
2111111111111222111222111111144444111444221141111114444111444111114444111133221114414331111111141112
4111114111111222111222111111144411111444221441114111122111444111114444443222111114424334111331141114
1444114111411111111114111111144411111444444441111444422111111112211311314442111114424114113311111111
1441111124441114411144111111144411111344444444411444111111111114211111114442111112211111123311114111
1141111141111111411144111111331144111444444444412224111114111114214411124441111112211111111111114111
1121111144441111111144111111333311131144444411442244111114444441114411131113111241221111111122444111
1144111114441111131111111111322211131144111111112244111111343441114111141113333311211444111222222111
4444111114443311141114441111122211131144111141114344411111444441111111143313333311211444111111112444
4411111111114441112234441131142224341111111141114344411111111444133111143323333111311444111111112444
2211211144414411112334441131114431111111111111444144444311111114133111144114333444311444111124442332
1211111144414411144411221331114111111111111111444114444311111111144111444114444444411444111424442211
1111111111444411144411111331114111111411144111411111444111222221111111441444444441111211140424441211
1133331111441144444411111114444111441111141114411111111111222221111224441441114441111211140111111211
1111144111441144441133141144444224441111441114411111111444442223444224444441111111111444344411111211
1111144222411444211133221144441144444111111114411111444444422111411122244441111111114441144411111111
1111111222111111111111111144441144444111114444111111444444111111111122244444441111114442144411111111
1113311144111111111111111111131144444411114441144111444111111111111122111144111444114112111114111111
1113331144111114441111111311141144444411141331144111111111111111111114111114111433124111111114111131
1113331144111114444433333333311144422211141331111121111113331111111111111144411433444111114444111131
2111111122111111114433311133211121112211144433211121111113441111111111244444444221111111114221132222
4111111141144111114434311133211111112444411133311111211133441111111112241114444444112211111221132244
1111111111111111114111311113222221322444411131111111111144441444211111111111111144112211111132221111
1111414441111444114111333311122221114444411111314441111144444444111133111111111144112221111132221111
1144444441111444114111144411142221114444111114444441111114244441111141111424111122111311111111141111
1111411141111123344111144411144411114411111114444441111112214441111111144421111422444411111111141111
4111411111111143311111144433344411311411111444442441111112214441114411111111111244444411111111144111
4111111111422223311111311133311141114411111442144411114112344441441211111111111222444414111111144111
1111114111432223322433411133311141114444112222244411444112144411444112111211111111344414442211111144
1111143111422211144433444111122111111141112221144411411111144411444112214441111111333114442111111222
1112111144411111144432411111122111111111122211144111423111111111444111114441111114441111443111111222
3322111144431111144444211114111114441141112211111111444111111111444141111142141114441111443444411112
2331111144421114444441111111111114444441113311111111111111113111111141111142443444444444443444411111
4111111144433111444111111114441114444441114444111111111111111111111211111222443443114444443444444411
1111141112223311111111144414441111444414111322111111111111111441111111111122243331114441111144444411
1111444111333111322111144414441111444144111444111111441144411444222114411122211111311111111144444411
1111444111111111411111144413444411111144441444111111411144411444222214411122211111111112211111114111
1111444111111111411111144111444441111111441111441114411114411111112214111111111111111112211111114221
1111311411111111111411144211111221114441111111221114411111111111112244111333111144441111211111111221
1111311411141111111411111331111111424441411111211111111111111111411111111331111144441111311111111441
4111111111141111111124111311111111424444411111111111144421111141111111111121111144444111311111111124
4111111114111111111224111311111111111144441111111111444411141441111111111111111111131141111143411114
4441111114111111111244411411111111111111141111111111444011141442111111111111411111111141111143411141
4441111244411113441114411411111111111111111111111442444011141222211111111111111111111111112113444444
4441111244444411441111111444111111111111144111111444444001122322244141111211144441111111113324414444
4441111144441111111111111444111111111144433111111144444011122322244111111111144441111141114441111114
4111111111111111111411111124441111133322433111133144411111111111144111111444111111111144334441111114
4111222111111111111411111114441144443322231111121111443444111111141111111411111111111114334441411114
2111221111111111113441111114443334444324441441111114443444111111113111111411111111111111111111114442
1322442224411111333441111114411344111444441441111111144444111111113111114411111231111113441111114442
1133442221114433331411111114414411111444441441111111114444111111113311114444411111143333441111113331
1143442221111433331111111144211111111443331111111111114444411111133341114444411111141112241111334441
1441121111111133211111111144211111111111111111111111111114114441111111111111111111141112444114334411
1441131111111122111144111322411141111111111144443311111114114441111111111111111111111112444114334411
1441134422211142111144211133444411111111111144444111111114224441111111111111111144411122444111331411
4441134422114442111111211121444111111111111444411111114412211114111111111441111141411122422111444444
1111111111114411113111111141411111111111111111411111114412231114444411111141144411444311222111211144
4114431111111111111333221111411114111111111111411222211444231132441112211114444411444311344111111144
4114411111141111111333221111111144114111111111422222222441144441111112211134444411111111344411111144
4114421111141111111414441111144414224111111111322222222441144441111111111134442411111113111111121144
1112211114411111122314411111144411222111111114322222222411221111111111111134311111111113111114421111
1411111114411111122311111111444444422111111114333333444441221111111111111442221111112133111114412111
1111111111111133222311144411444444441111111114333333444111221111133344411443331111222133334441112311
1111111111111333100144444411444444111111111411111122244111111114001114411222333111222111111441112311
1114144111111413111144444411111111114411111411111122214111111114001111111222333222241111111111113314
2444244111244411111144441111114411114411111411111111114411111111131111111222411111222211111111113112
1444144111444411113311441111144411114444111444411111114411111111114441111144411111222224111111114412
2111111111421131332211144411144441111144412211111144111444111111114441111144411111122224411444144422
2111111111221111442221144411144444111144412211111144111444443111111111111144111411124334441444211122
1111111111214441112221114411144444111112241441111444111111111111111111111144111411111334441111111111
1111111112111441111111111111144444111112242241111411111111111111111111111114141111111114441111111111
1111111111111441111111111111144411111113322111114111122234411111111122141111111111111114111111111111
4441111111111443331111111111111111112233332111144111322234441111111122441111111111111111144412114442
4441111111144441333444111411111133112233311111141111142233221111111133441114111111111111244411114442
4441111111144441333411111222114443324444411144111111144411111122444443441134441111111111111411114431
1113344434444441111111111244424444434444111244111111141111111122444441111131111144444111111111114411
1113331113144441111111111244414444434444111411111211111111211111444441114431111144444111111141114411
1114444121141111111111111111111144431111111411111111111111211111111111111111111144444111111111114111
1111144441141114441111111111111112221111114411111111111111211111111111211111411144444111114411111111
1111444411111114111211111111144112211111111111111111311123311141111111111114444444444444011111111111
1111444411111334111111111111144112211111111111111111311123311141111111111134444411111444111111111111
1143444411111311111111114441124444211111411111111141114433344241111111111144111411111444114444222222
1111111113333311111112224444411444221113441111411141114441111111133222211141111111111111114444444111
1111111113331111144411111144411444441144441111411111114441111111133222221111111144411111114444441111
1111111112211111144411411111411111111144111111441111111321111144411111111111444144444311114441111114
1111111442211111144411111111444111111144111441111111111321111311111111444111444444444411114441111114
1114111114441211112111133111411111111141111441111111114444411111111122111111444221144444344441113311
1111111114441111121111122221111111111121112211111112444444421111111122111111111221144424444444222211
1111111114444444421114422221111144411444442221141112224444421144422244111411112221144424444442222211
4111111444422244422114422221114444411444442221141112224444222244422244444422442224422224442442222242
4422224441444444444111112211144444444444442224444422224444222111111244444422442222221112222222222222

4422221111111111111111111111111114443111444111441111114444222111111444444442111221111111111111111112
4221111111111111111111111111111114443111111111441111112221112111111222111111111111111111111111111111
4221111111111111111111111111111111444441111111111111111111111111111221111113333111111111141311111111
4221111111333111111111111111111111444441111333311111111111111111111111111333333111111111141333332111
4441111111334443331111122111111111111441114333331221111111111111111111111133333113111111143333334111
4111111111114444331111111111111111111443114333331121111111111111111111111113333333111111113333334444
1111111111111114331111111111331111111443314333331221111111111111111111111111111333311111113333344444
1111111111111114311111111111331112111443211333331222111111111111111141112111444443311111111333444444
1111111111111112111111111113331114444444431111111111111111111111111141111144444443111111111341111444
4111111111111222111211111113333341411144421111111111111111111111111441111344444441111333111141111144
1111111111111222111222111111333111111144411111111111112111111111111441112344444111111333113331111111
1111111111111222111111111111144111111144411111111111112111111111114441114444311114111333133331111111
1111111111111111111111111111144111111444411111111411112111111144111111111444111114111333133331111111
1111111111111111111111111113333111113444444411111441111111111111111111111444111114111111133331111111
1111111111111111111111111113333311111114444111111444111111111111111111111141111111111111131111111111
1111111111111111111111111113333311131111114111111444111111444111111111111133333311111111111111111111
1111111111441131111111111113333111131111111111112444111111444411111111133333333311111444111111111111
1111111111111141111311111131222111131111111111111334111111444111131111133333333311111444111111111114
4111111111111111113333441131111111133111111111111114111131111111133311133333333331111444111111114444
4111111111111111143333443333111112111111111111111114111431111111333311133113333344111444111144114444
1111111111111111113333113333111111111111111111111114444431222111333311111113333311111111411144411133
1133331111111111114411113333111111111111111111111114444411122221111111111111144411111111441114411111
1133331111111141111133313334111111111111111111111111111111444221111144411111111411111111441111111111
1333331111111144411133311144411111111111111111111111111111444221111114411111111111111111141111111111
1111111111111144411133311144411114411111111111111111411141444211111114444411111111111111114411111111
1133311111111111111333311141111114441111114111111111441111111111111112214111111111111111114411111111
1133331111111111111111113311111144444411113331111111441111111111111121111111111333311111111111111333
1133331114111111111133333333311144444411111333111111111113333111111111111111111333311111111111111111
2133333111111111111333333333321111111111111333311111111133341111111111111111111333311111111111111122
2133331111111111111333333333311111111111111333311111111333341111111111111111111333111111111211133222
2111111111111111111333331333311111111111111333331111111333311111111111111111441111111111111211111111
1111111111111111111113333333312221111444111333311111111333311141111111111111111111111111111211111111
1111111111111444111113344431122222114444411114111441111144411111111311111111111111111111111321111111
1111111111111133311111344411122221114111411111444441111114111411111111111111111121111111111321111111
1111111111111133331111144433344411111111111111444441111111111411111111111111111444111111111111111111
1111111111111133331111144333334411111111111111114441111111111411111111111111111444444111111111111111
1111111111321133331333311333331111111111111441114411111111111111111111111111111444444111111111111111
1111111111122233334333311333331111111111111441114411111111114111111111111111111113333111114111111111
1111111111111233344333311333331111111111111111114411111111114111141111111111111113333111444311111112
3331111111111111114333311111111111111111111111114411111111111111441111111111111111311111133311111111
3331111144111111114333111111111114411111122111111111111111111111441111111111113111411111133344111111
3333111144333311114441111111111114411111123111111111111111111111111111111111133311111111133344111111
3333111144222311111111111111111111144111133111111111111111111111111111111122233344111411433344111411
1111111144222311111111144111411111141111111444111111111111111411111111111122233344111411111114444411
1111444112222331111111144111411111141111111444111111111144411411121111111122211333111111111114111111
1111444113333311111111141111411141111111111411111111111144411444111111111122211111111111111111111111
1111411111111111111111141114411141111111111111111111111144411111111111113333111111111111111111111111
1111111111111111111111141113111141111111111111111111111111111111111111113333111144411111111111111111
1113111111111111111111113333111111114411111111111111111111111111111111113333311144411111111111111111
1111111111111111111111113333111111141111111111111111444411111111111111113333111144411111131133311111
1111111111111111111111113331111111111111111111111111144411111111111111111111111111111111111133111111
1111111111111111111111111111111111111111111111111111144411111111111111111111111111111111111133111111
1441111111111111111111411111111111111111111111111411144411111132221111111111111111111111133133111111
4441111444111111111111111111111111111111333311111144444411111132221111111111111111111111144411111111
1111111444411111111111111441111111133334333311311144144411123331111111111111111111111113333411111111
1111111111111111111111111111111111433332333311331111111111123331111111111111111111111113333411111111
1111111111111111133111111111443333433332333111131111111111111111111111111111111111111113333411111111
1111111111111113333311111111111333133332411111111111133344111111111111111111111111111113333111114111
1311122211111333333311111111111333113444411111111111133341111111133331111111111111113334441111133334
1333322211111333333311111144111331111444411111111111114441111111333331114111111111111334441113333334
1333322211111333333111111144411111111444441111111111111111111111133331114441111111111334441113333331
1111111111111333333111111122111111111133331111113331111111111441133331111111111111111114441113333411
1111111111111133311141111322111111111111111114444331111111111441111111111111111111111114444113333111
1111111111111112211111111311111111111111111114111331111111111111111111111111111111111114442113311111
1111131111111111111111111311111111111111111111111111111111111111111111111111111111111124222113311111
1111111111111111113333311111111111111111111111111111111111111111111111111111111111111124444111111111
1114111111111111113333321111111111111111111111111222211111111111111111111111444411111311444111111111
4114111111111111113333321111111111111111111113112222211111111111111111111344444411111133444111111144
4114111111111111123333321111114111112111111113222222222111111111111111111344111111111133311111111144
1111111111111111122231441111114111122111111113333333322111111111111111111344111111111333311111111111
1111111111111333222231111111114111122111111113333333341111111111113311111443331111111333331111111111
1111111111113333222211114411444444442111111113333333341111111141111111111443333311111333311111111331
1111111111111333222211114411111111111111111113333333111111111141111111111443333311111133311111111331
1111111111111333111114411111111111111111111111111222111111111141111111111223333311111111111111133331
1111111111411111111111111111111111111111111111111111111111111141111111111143333111411111111111133111
1111111111411111322211111111144111111111111111111111111111111111111111111144411111122222411111111111
1111111111411111322221111111144111111114111111111111111111111111111111111144411111123333411111111111
1111111111111111122221114411144444111111111111111111111111111111111111111141111111123333411111111112
1111111111111111122221144411144444111112111111111111111111111111111111111111111111143333411111111111
1111111111111111111111111111144111111133311111111111111111111111111111111111111111113331111111111111
1111111111111133333111111111144111111333334111111111222333441111111221111111111111111111111111111111
4441111111111113333311111111111111112333332111111111122333441111111331111111111111111111111111114444
4441111111111143333311111111111433334333333111111111122333441111111333341111111111111111111111114441
4443331111114443333311111444111433333333331111111111111333311114444333341131111111111111111111114441
1133331111114441333111111444111433333444111111111111111111111111144411111131111144444111111111114411
1133331111111141111111111444111444333441111111111111111111111111144411111131111144444111111111111111
1131111111111111111111111111111114443111111111111111111111111111111111111111111114441111111111111111
1111111111111111111111111111111114441111111111111111331133311111111111111111111114441111111111111111
1111114111111111111111111111111111221111111111111111111133331111111111111111111111411111111111111111
1111144111113331111111111111111111411111111111111111111133331111111111111141111111111141111111111111
1111144413333333111111111111111111411134111111111111111133331111133322211111111111111141114444444111
1111111133333331111111111111111144411144111111111111114433331111333322211111111111111111114444444111
1111111133333331144411111111111144441111111111111111114441111111333311111111111114111111114411144111
1111111133333111144411111111111111141111111111111111113311111111333311111111441114111111111411111111
1111111111111111144411331111111111111111111111111111111311111111111111111111441111114111111411111331
1111111111111111111111122221111111111111111111111114111411141111111111111111411111114444411411122221
1111111111411111111111122221111111111111111111111112244444411111111111111111111111114444444411122111
1111111111411144441111122221111114111111142211111111244444411111121111111111111121114444444442222111
1111111111144444441111111221111114111144444211111111244444222111111441114442222221114444444442222111
4442221111111111112111111211111114111111444211111111114444222111111444444442111222411144444442221114

4411111111111111111111111111111111114311144111111111111444422111111441114441111111111111111111111111
2211111111111111111111111111111111444311111111111111114441111111111441111133333311111111111111111111
2211111113333111111111111111111111444311113333331111111111111111111221111333333311111111113333333111
1221111113333133333111111111111111111141113333333111111111111111111111113333333333311111133333333111
1111111113333143333111111111111111111133313333333111111111111111111111113333333333311111133333333111
1111111113333113333111111113333111111133333333333111111111111111111111111333333333331111133333333111
1111111111111113333111111113333111111133313333333111111111111111111111111113333333331111133333333441
1111111111111113333111111133333111111133343333333211111111111111111111111111143333331111133333334441
1111111111111111111111111133333311111133341333333111111111111111111111111411144433333333313333311141
1111111111111222111111111133333311111114411111111111111111111111111111113444441114313333333333111141
1111111111111222111111111133333311111114111111111111111111111111111111114444441111113333333333111111
1111111111111222111111111113333311111114111111111111111111111111111111111444441111113333333333111111
1111111111111111111111111133333311111114111111111111111111111111111111111444411111113333333333111111
1111111111111111111111111133333331111111111111111444111111111111111111111144111111113333333333111111
1111111111111111111111111133333331311111111111111444111111111111111111111333333331111111333333111111
1111111111111111111111111133333331331111111111111444111111444111111111333333333331111111113111111111
1111111111111111113331111333333331333111111111111444111111444111333111333333333331111444111111111111
1111111111111111133333311333333311333311111111114444111311444111333331333333333333111444111111111111
4111111111111111133333333333311111333311111111113331111133111113333331333333333333111444111111111111
4111111111111111133333333333311111333311111111111111111133111113333331333333333333111411111141111444
4333333111111111133333333333311111111111111111111111111131112213333331133333333331111111111111111444
3333333111111111133333333333311111111111111111111111111141144421333311111133333331111111111111111113
3333333111111111111333333333311111111111111111111111111111144421111111111111111111111111111111111111
3333333111111111111333333333411111111111111111111111111111144421111111111111111111111111111111111111
3333333111111111111333331111111111411111111111111111111111144421111111111111111111111111111111111111
3333333111111111111333333331111111411111133333111111111111111111111111111111113333331111111111113333
1333333111111111113333333333331111411111133333311111111133333111111111111111113333331111111111111111
1333333311111111113333333333331144444111133333331111111333333111111111111111113333331111111111111111
2333333311111111113333333333331111111111113333331111113333333111111111111111113333331111111111311122
2333333311111111113333333333331111111111113333333111113333334111111111111111113333331111111111311122
2133333111111111113333333333331111111111113333333111113333331111111111111111113333311111111111131122
1111111111111111113333333333332222111111113333331111113333331111111111111111111111111111111111111111
1111111111111333331133333333322222111111113333331141113333331111111111111111111111111111113111111111
1111111111111333333133334333332221111111111111111141111111111111111111111111111111111111113332111111
1111111111111333333113343333333411111111111111111441111111111111111111111111111441111111113331111111
1111111111111333333333343333333411111111111111111111111111111111111111111111111444444111111111111111
1111111111111333333333333333333411111111111111111111111111111111111111111111111433333311111111111111
1111111111111333333333333333333111111111111111111111111111111111111111111111111133333311111331111111
3333111111111333333333333333333111111111111111111111111111111111111111111111111133333311333331111113
3333111111111333333333333333333111111111111111111111111111111111111111111111133333333311333334111113
3333311143333331113333331111111111111111233311111111111111111111111111111111333333331111333334111113
3333311142222231113333311111111111111111233311111111111111111111111111111111333331111111333331111113
3333311142222231111111111111111111111111233311111111111111111111111111111222333334111111333331111113
3333111142222233111111111111111111111111333311111111111111111111111111111222333334111111333311111113
1111111142222233111111111111111111111111111111111111111144411111111111111222233334111111111111111111
1111111112222233111111111111111111111111111111111111111144411111111111133333223333111111111111111111
1111111133333331111111111111111111111111111111111111111144411111111111133333311111111111111111111111
1111111111111111111111133333311111111111111111111111111111111111111111133333331144411111111111111111
1111111111111111111111133333311111111111111111111111111111111111111111133333331144411111111333331111
1111111111111111111111133333311111111111111111111111114411111111111111133333331144411111111333331111
1111111111111111111111133333311111111111111111111111114411111111111111133333311111111111111333331111
1111111111111111111111133333111111111111111111111111114411111321111111111111111111111111333333311111
1111111111111111111111111111111111111113333331111111114411111333111111111111111111111111444333311111
1111111111111111111111111111111111333333333333331111114411133333211111111111111111111133333333311111
1111111111111111111111111111111111333333333333331111114411133333211111111111111111111133333311111111
1111111111111111333311111111133333333333333333333111111111133333111111111111111111111133333311111111
1111111111111133333331111111133333333333333333333111333331133333111111111111111111111133333311111111
1131111111113333333331111111133333333333333311333111333331111111333333111111111111133333333311333333
3333332211113333333331111111113333333333411111111111333331111113333333111111111111133333333333333333
3333332211113333333331111144413333333444411111111111333331111113333333111111111111133333441133333333
3333332211113333333331111241113333111444411111113333111111111113333333111111111111113333411133333333
3333331111113333333311111241111111111444443111113333111111111111333333111111111111113333411133333333
1111111111113333333311111221111111111333333111113333111111111111333333111111111111111111444133333341
1111111111111333331111113222111111111111111111113333111111111111111111111111111111111111444133333311
1111111111111111133333333331111111111111111111113331111111111111111111111111111111111111444133331111
1111111111111111133333331131111111111111111111111111111111111111111111111111111111111111124113331111
1111111111111111133333331111111111111111111131111222211111111111111111113111111111111311144111111111
1111111111111111133333331111111111111111111132112222211111111111111111113441111111113333334111111111
1111111111111111133333331111111111111111111133333333331111111111111111113441111111113333331111111111
1111111111113333333333331111111111111111111133333333331111111111133331113433333111113333331111111111
1111111111133333322223111111111111111111111133333333331111111111133331111433333331113333333111113311
1111111111133333322221111111111111111111111133333333331111111111133331111433333331113333333111113333
1111111111133333322221111111111111111111111133333333331111111111111111111433333331113333331111333333
1111111111113333321111111111111111111111111133333333311111111111111111111433333331111333331111333333
1111111111111333311111111111111111111111111111112111111111111111111111111133333331111111111111333333
1111111111111113222221111111111111111111111111111111111111111111111111111133333311133333311111333311
1111111111111111122221111111141111111111111111111111111111111111111111111144441111133333311111111111
1111111111111111122221111111141111111111111111111111111111111111111111111111111111133333311111111111
1111111111111111122221111111141111111333331111111111111111111111111111111111111111133333311111111111
1111111111111333333311111111141111113333333111111111113333311111111111111111111111133333311111111111
1111111111111333333331111111111111123333333211111111123333341111113333111111111111133333111111111111
1441111111111133333331111111111333333333333311111111123333341111113333331111111111111111111111114411
1433333111111133333331111111111333333333333311111111123333341111113333331133111111111111111111114411
1333333111111133333331111444111333333333333311111111123333341111113333331133111111111111111111114411
1333333111111133333331111444111333333333333111111111113333331111113333331133111144444111111111114411
1333333111111113333311111444111333333344111111111111111111111111114441111333111111411111111111111111
1333333111111111111111111111111113333311111111111113333333331111111111111333111111411111111111111111
1333111111111111111111111111111111444311111111111113333333333111111111111111111111411111111111111111
1111111111133333111111111111111114441111111111111113333333333111111111111111111111111111111111111111
1111111113333333311111111111111111111131111111111111111333333111333331111111111111111111111111111111
1111111333333333311111111111111111111331111111111111114333333113333332111111111111111111114441444111
1111111333333333311111111111111111111111111111111111114333333113333332111111111111111111114111114111
1111111333333333144411111111111111111111111111111111134333333113333332111111111111111111111111114111
1111111333333331144411311111111111111111111111111111134441111113333331111111111111111111111111113333
1111111333333311144411122211111111111111111111111111111111111113333331111111111111111111111111113333
1111111111111111111111222221111111111111111111111111111111111111111111111111111111111114111111111113
1111111111111111111111222221111111111111111111111111444144111111111111111111111111114444111111111111
1111111111111111111111211121111111111111144411111111444444111111111111111111111111114444444444111111
1111121111111111111111111121111111111111144411111111444444111111111411111441111111111114444444222111
4442221111111111111111111111111111111111144411111111111444422111111444111441111111111114444444222114

1111111111111111111111111111111111111431144411111111111111111111111111111333333331111111111111111111
1111111133333311111111111111111111111431133333333111111111111111111111113333333331111111133333333311
1111111133333333333311111111111111144431133333333311111111111111111111133333333333331111333333333311
1111111133333333333311111111111111111333333333333311111111111111111111133333333333331111333333333311
1111111133333333333311111133333311111333333333333311111111111111111111133333333333333111333333333311
1111111133333333333311111133333311111333333333333311111111111111111111133333333333333111333333333341
1111111133333333333311111333333311111333333333333311111111111111111111113333333333333111333333333311
1111111111111133333311111333333331111333333333333311111111111111111111111113333333333333333333333311
1111111111111113333311111333333331111333333333333311111111111111111111114111133333333333333333333111
1111111111111222211111111333333331111333333333333311111111111111111111114111111133333333333333331111
1111111111111222211111111333333331111111111111111111111111111111111111111144411113333333333333311111
1111111111111222211111111333333331111111111111111111111111111111111111111144441111133333333333311111
1111111111111111111111111333333333111111111111111111111111111111111111111144411111133333333333311111
1111111111111111111111111333333333331111111111111444111111111111111111113333333333133333333333311111
1111111111111111111111111333333333333111111111111444111111111111111113333333333333133333333333311111
1111111111111111133333113333333333333311111111111144111111444113333313333333333333111113333333311111
1111111111111111333333333333333333333331111111111144113311444113333333333333333333311444113311111111
1111111111111111333333333333333333333331111111111144113333444133333333333333333333311444111111111111
1111111111111111333333333333333333333331111111134444113333311133333333333333333333311111111111111111
3333333311111111333333333333331113333331111111133333111333311133333333333333333333311111111111111111
3333333311111111333333333333331113333331111111111111111333344433333333333333333333311111111111111133
3333333311111111333333333333331111111111111111111111111331144433333333333333333333111111111111111133
3333333311111111333333333333331111111111111111111111111111144443333331111333333333111111111111111133
3333333311111111113333333333331111111111111111111111111111144441111111111111111111111111111111111113
3333333311111111113333333333311111111111333333311111111111144441111111111111133333333111111111133333
3333333311111111133333333333333111111111333333331111111333333111111111111111133333333111111111133333
3333333331111111133333333333333111111111333333333111113333333311111111111111133333333111111111133133
3333333331111111133333333333333111111111333333333111133333333311111111111111133333333111111113331112
3333333331111111133333333333333111111111333333333311133333333311111111111111133333333111111113331122
3333333331111111133333333333333111111111133333333311133333333311111111111111133333333111111113331122
3333333331111111133333333333333211111111133333333311133333333111111111111111133333333111111113331122
1333333311113333333333333333333222111111133333333311133333333111111111111111133333331111133311111111
1111111111113333333333333333333222111111133333333111133333333111111111111111111111111111133333111111
1111111111113333333333333333333322111111133333331111133333333111111111111111111111111111133333111111
1111111111113333333333333333333321111111111111111111111111111111111111111111111411111111133333111111
1111111111113333333333333333333311111111111111111111111111111111111111111111111333333331133333111111
1111111111113333333333333333333311111111111111111111111111111111111111111111111333333331113333111111
3333311111113333333333333333333311111111111111111111111111111111111111111111111333333333333333111133
3333311111113333333333333333333311111111111111111111111111111111111111111111333333333333333333111133
3333331133333333333333333333333311111111333331111111111111111111111111111113333333333333333333111133
3333331122223333333333333333333311111111333331111111111111111111111111111113333333333333333333111133
3333331122223233133333333111111111111111333331111111111111111111111111111223333333333113333333111133
3333331122222223333333331111111111111111333331111111111111111111111111111223333333111113333333111133
3333331122222333311111111111111111111112333331111111111111111111111111112223333333111113333333111133
3333311122222333311111111111111111111113333331111111111144411111111111333333333333111113333331111133
1111111122222333311111111111111111111111111111111111111144411111111111333333333333111111111111111111
1111111112222333311111333333331111111111111111111111111144411111111111333333333333111111111111111111
1111111333333333111111333333331111111111111111111111111111111111111111333333333144411111113333333111
1111111111111111111111333333331111111111111111111111111111111111111111333333333144411111113333333111
1111111111111111111111333333331111111111111111111111111111111111111111333333333144411111113333333111
1111111111111111111111333333331111111111111111111111111111113332111111333333333111111113333333333111
1111111111111111111111333333331111111133333333111111111111113333311111333333331111111114433333333111
1111111111111111111111333333311113333333333333333111111111333333311111111111111111111333333333331111
1111111111111111111111111111111113333333333333333111111111333333311111111111111111111333333333331111
1111111111111113333331111111333333333333333333333311111111333333311111111111111111111333333333331111
1111111111111333333333111111333333333333333333333313333333333333311111111111111111111333333331111111
3333111111133333333333111111333333333333333333333313333333333333333333311111111111333333333333333333
3333333211133333333333111111333333333333333333333313333333333333333333311111111111333333333333333333
3333333211133333333333111111333333333333333333333313333333111133333333311111111111333333333333333333
3333333211133333333333111111133333333333311111133333333333111133333333311111111111333333333333333333
3333333211133333333333111111133333333344411311133333333333111133333333311111111111333333311333333333
3333333211133333333333112211133333311444411311133333311111111133333333311111111111133333311333333333
3333333111133333333331132222111111111444433311133333311111111113333333311111111111133333111333333333
1111111111133333333333333332111111113333333311133333311111111113333333311111111111111111444333333334
1111111111113333333333333333111111111111111111133333311111111111111111111111111111111111114333333331
1111111111111111333333333333111111111111111333113333211111111111111111131111111111113331114333333111
1111111111111111333333333333111111111111111333212222221111111111111111133341111111133333333133333111
1111111111111111333333333111111111111111111333333333333111111111111111134444111111133333333111111111
1111111111133333333333333111111111111111111333333333333111111111333333134333333311133333333111111111
1111111111333333333333333111111111111111111333333333333111111111333333134333333333133333333311133331
3111111111333333333333333111111111111111111333333333333111111111333333114333333333133333333311133333
3111111111333333332222311111111111111111111333333333333111111111333333111333333333133333333313333333
3111111111333333332221111111111111111111111333333333333111111111333333111333333333133333333313333333
3111111111333333331111111111111111111111111333333333333111111111111111111333333333133333333113333333
3111111111133333331121111111111111111111111333333333331111111111111111111333333333333333333113333333
3111111111113333332221111111111111111111111111111111111111111111111111111333333333333333331113333333
1111111111111133322221111111111111111111111111111111111111111111111111111333333331333333331113333331
1111111111111111122221111111111111113333333111111111111111111111111111111111111111333333331111111111
1111111111113333333331111111111111133333333311111111133333331111111111111111111111333333331111111111
1111111111113333333333111111111111233333333321111111233333331111133333311111111111333333331111111111
1111111111113333333333111111113333333333333331111111233333331111133333333111111111333333331111111111
1333333311113333333333111111113333333333333331111111233333331111133333333333311111333333311111111111
3333333311111333333333111111113333333333333331111111233333331111133333333333311111111111111111111111
3333333311111333333333111444113333333333333331111111233333331111133333333333311111111111111111111111
3333333311111333333333111444113333333333333331111111133333333111133333333333311111111111111111111111
3333333311111333333333111444113333333333333311111133333333333111133333333333311111111111111111111111
3333333311111133333331111111113333333334111111111133333333333311111111113333311111111111111111111111
3333333311333333311111111111111133333331111111111133333333333311111111113333311111111111111111111111
3333311133333333331111111111111114444133111111111133333333333313333333111111111111111111111111111111
1111113333333333331111111111111111111133111111111133333333333333333333111111111111111111111111111111
1111113333333333331111111111111111111333111111111111113333333333333333211111111111111111111111111111
1111113333333333331111111111111111113333111111111111143333333333333333211111111111111111111111111111
3111113333333333334411111111111111111111111111111111143333333333333333211111111111111111111111113333
3111113333333333344411111111111111111111111111111111343333333333333333111111111111111111111111133333
3111113333333333144411222221111111111111111111111111111111111133333333111111111111111111111111133333
3111113333333331111111222221111111111111111111111111111111111133333333111111111111111111111111133333
3111111111111111111111221111111111111111111111111111441114111111111111111111111111111111111111111133
1111111111111111111111111111111111111111144411111111441111111111111111111111111111111111114441111111
1111111111111111111111111111111111111111144411111111411141111111111111111111111111111111444441111111
1111111111111111111111111111111111111331144411111111111141111111111111111111111111111111444444411111

1111111333333331111111111111111111111133333333333311111111111111111111133333333333111111333333333331
1111111333333333333331111111111111111133333333333331111111111111111111333333333333333113333333333331
1111111333333333333331111111111111111333333333333331111111111111111111333333333333333113333333333331
1111111333333333333331111333333331113333333333333331111111111111111111333333333333333313333333333331
1111111333333333333331111333333331113333333333333331111111111111111111333333333333333313333333333331
1111111333333333333331113333333331113333333333333331111111111111111111333333333333333313333333333331
1111111333333333333331113333333333113333333333333331111111111111111111333333333333333333333333333331
1111111333333333333331113333333333113333333333333331111111111111111111133333333333333333333333333331
1111111111111333333331113333333333113333333333333331111111111111111111111133333333333333333333333331
1111111111111223333331113333333333113333333333333331111111111111111111111111333333333333333333333311
1111111111111222221111113333333333113333333333333331111111111111111111111144411333333333333333333111
1111111111111222221111113333333333311111111111111111111111111111111111111144441133333333333333331111
1111111111111111111111113333333333333111111111111111111111111111111111133333333333333333333333331111
1111111111111111111111113333333333333311111111111444111111111111111133333333333333333333333333331111
1111111111111111333333333333333333333331111111111114111111111133333333333333333333333333333333331111
1111111111111113333333333333333333333333111111111114113331444133333333333333333333333333333333331111
1111111111111113333333333333333333333333111111111111133333344333333333333333333333331133333333331111
1111111111111113333333333333333333333333111111331114133333334333333333333333333333331111133331111111
3333333331111113333333333333333333333333111111331114133333331333333333333333333333331111111111111113
3333333331111113333333333333333333333333111111333344133333331333333333333333333333331111111111111333
3333333331111113333333333333333133333333111111333333313333334333333333333333333333331111111111111333
3333333331111113333333333333333133333333111111111111113333344333333333333333333333331111111111111333
3333333331111113333333333333333111111111111111111111113333144333333333333333333333311111111111111333
3333333331111113333333333333333111111113333333331111111111144433333333113333333333333311111111333333
3333333331111111333333333333333311111113333333333111113333333341111111111111333333333311111111333333
3333333333111111333333333333333311111113333333333311133333333331111111111111333333333311111111333333
3333333333111111333333333333333311111113333333333311333333333331111111111111333333333311111133333333
3333333333111111333333333333333311111113333333333331333333333331111111111111333333333311111133333333
3333333333111111333333333333333311111113333333333331333333333331111111111111333333333311111133333123
3333333333111111333333333333333311111113333333333331333333333331111111111111333333333311111133333123
3333333333133333333333333333333321111111333333333331333333333331111111111111333333333311333333333123
3333333333133333333333333333333322111111333333333331333333333311111111111111333333333311333333333123
3333333331133333333333333333333332111111333333333331333333333311111111111111333333333111333333311111
1111111111133333333333333333333332111111333333333311333333333311111111111111111111111111333333311111
1111111111133333333333333333333332111111333333333111333333333311111111111111113333333333333333311111
1111111111133333333333333333333331111111111111111111111111111111111111111111113333333333333333311111
3333331111133333333333333333333331111111111111111111111111111111111111111111113333333333333333311333
3333331111133333333333333333333331111111111111111111111111111111111111111113333333333333333333311333
3333333333333333333333333333333331111113333333111111111111111111111111111133333333333333333333311333
3333333222233333333333333333333331111113333333111111111111111111111111111133333333333333333333311333
3333333122233333333333333333333331111113333333111111111111111111111111111233333333333333333333311333
3333333122233333333333333333333331111113333333111111111111111111111111111233333333333333333333311333
3333333122223333333333333311111111111123333333111111111111111111111111111233333333333333333333311333
3333333122223333333333333111111111111133333333111111111111111111111113333333333333311133333333311333
3333333122223333331111111111111111111133333333111111111144411111111113333333333333311133333333311333
3333331122223333331113333333333111111133333333111111111144411111111113333333333333311133333333111333
1111111122223333331113333333333111111111111111111111111144411111111113333333333333311111133333333311
1111111122223333331113333333333111111111111111111111111111111111111113333333333333311111133333333311
1111113333333333311113333333333111111111111111111111111111111111111113333333333344411111133333333311
1111111111111111111113333333333111111111111111111111111111133333211113333333333344411133333333333311
1111111111111111111113333333333111111333333333311111111111133333331113333333333311111144333333333311
1111111111111111111113333333333133333333333333333311111113333333331113333333333311113333333333333311
1111111111111111111113333333333133333333333333333311111113333333331113333333333111113333333333333311
1111111111111133333333333333333333333333333333333331111113333333331111111111111111113333333333333111
1111111111113333333333311113333333333333333333333333333333333333331111111111111111113333333333333111
3333311111333333333333311113333333333333333333333333333333333333333333331111111113333333333333333333
3333333311333333333333311113333333333333333333333333333333333333333333331111111113333333333333333333
3333333311333333333333311113333333333333333333333333333333333333333333331111111113333333333333333333
3333333311333333333333311113333333333333333333333333333333333333333333331111111113333333333333333333
3333333311333333333333311113333333333333333333333333333333311333333333331111111113333333333333333333
3333333311333333333333311111333333333333331331333333333333311333333333331111111113333333333333333333
3333333311333333333333332221333333333334333331333333333333311333333333331111111113333333333333333333
3333333311333333333333333333333333333444333331333333331111111333333333331111111111333333333333333333
3333333311333333333333333333311111113444333331333333331111111133333333331111111111333333113333333333
4111111111333333333333333333311111133333333333333333331111111133333333333111111111133333113333333333
1111111111133333333333333333311111111111113333333333331111111111111111333311111111333333333333333333
1111111111111113333333333333311111111111113333333333333311111111111111333344111111333333333333333311
1111111111333333333333333333311111111111113333333333333311111113333333333333333331333333333333333311
1111111113333333333333333311111111111111113333333333333311111113333333343333333333333333333331333333
3311111113333333333333333311111111111111113333333333333311111113333333343333333333333333333331333333
3311111113333333333333333311111111111111113333333333333311111113333333343333333333333333333333333333
3311111113333333333333333311111111111111113333333333333311111113333333313333333333333333333333333333
3311111113333333333222331111111111111111113333333333333311111113333333313333333333333333333333333333
3311111113333333333111111111111111111111113333333333333311111113333333313333333333333333333333333333
3311111113333333333111111111111111111111113333333333333311111111111111113333333333333333333333333333
3311111111333333332221111111111111111111113333333333333111111111111111113333333333333333333333333333
3311111111133333332221111111111111133333333311111111111111111111111111113333333333333333333133333333
1111111111133333322233111111111111333333333331111111333333333111111111113333333333333333333133333333
1111111111133333333333311111111112333333333331111111333333333111333333331111111113333333333111111111
1111111111133333333333311111133333333333333333111111333333333111333333333311111113333333333111111111
3333333331133333333333311111133333333333333333111111333333333111333333333333331113333333333111111111
3333333331133333333333311111133333333333333333111111333333333111333333333333331113333333333111111113
3333333331133333333333311111133333333333333333111111333333333111333333333333331113333333331111111113
3333333331113333333333311444133333333333333333111111333333333311333333333333331111111111111111111113
3333333331113333333333311444133333333333333333111333333333333311333333333333331111111111111111111113
3333333331113333333333311444133333333333333333111333333333333331333333333333331111111111111111111113
3333333333333333333333311111133333333333333331111333333333333331333333333333331111111111111111111113
3333333333333333333333111111133333333333311111111333333333333333333333333333331111111111111111111113
3333333333333333333111111111111333333333311111111333333333333333333333333333331111111111111111111113
3333333333333333333111111111111111113333311111111333333333333333333333311111111111111111111111111113
1111133333333333333111111111111111113333311111111333333333333333333333311111111111111111111111111111
3311133333333333333411111111111111133333311111111111133333333333333333311111111111111111111111133333
3311133333333333333411111111111111133333311111111111133333333333333333311111111111111111111111333333
3311133333333333333411111111111111111111111111111111133333333333333333311111111111111111111111333333
3311133333333333334411222211111111111111111111111111133333333333333333311111111111111111111111333333
3311133333333333311111222211111111111111111111111111111111111333333333311111111111111111111111333333
3311133333333333111111222211111111111111111111111111111111111333333333311111111111111111111111333333
3311111111111111111111111111111111111111144411111111111111111111111111111111111111111111111411111333
1111111111111111111111111111111111113331144411111111111111111111111111111111111111111111111411111111
1111111111111111111111111111111111113333144411111111111111111111111111113333333333111111114411111111

1111113333333333333333111111111111133333333333333333111111111111111113333333333333333333333333333333
1111113333333333333333111111111111113333333333333333111111111111111113333333333333333333333333333333
1111113333333333333333113333333333133333333333333333111111111111111113333333333333333333333333333333
1111113333333333333333113333333333133333333333333333111111111111111113333333333333333333333333333333
1111113333333333333333133333333333133333333333333333111111111111111113333333333333333333333333333333
1111113333333333333333133333333333333333333333333333111111111111111113333333333333333333333333333333
1111113333333333333333133333333333333333333333333333111111111111111113333333333333333333333333333333
1111113333333333333333133333333333333333333333333333111111111111111113333333333333333333333333333333
1111113333333333333333133333333333333333333333333333111111111111111111333333333333333333333333333333
1111111111113333333333133333333333333333333333333333111111111111111111111333333333333333333333333333
1111111111111233333333133333333333333333333333333333111111111111111111111443333333333333333333333331
1111111111111222222111133333333333333333333333333331111111111111111111333333333333333333333333333311
1111111111111111121111133333333333333331111111111111111111111111111333333333333333333333333333333111
1111111111111113333333333333333333333333111111111111111111111333333333333333333333333333333333333111
1111111111111133333333333333333333333333311111111111133333111333333333333333333333333333333333333111
1111111111111133333333333333333333333333311111111111333333333333333333333333333333333333333333333111
1111111111111133333333333333333333333333311113333111333333333333333333333333333333333333333333333111
3333333333111133333333333333333333333333311113333111333333333333333333333333333333333333333333333133
3333333333111133333333333333333333333333311113333331333333333333333333333333333333333111333333113333
3333333333111133333333333333333333333333311113333331333333333333333333333333333333333111111111113333
3333333333111133333333333333333333333333311113333333333333333333333333333333333333333111111111113333
3333333333111133333333333333333333333333311113333333333333333333333333333333333333333111111111113333
3333333333111133333333333333333333333333333333333111133333333333333333333333333333333331111113333333
3333333333111133333333333333333331111133333333333311133333333333333333333333333333333331111113333333
3333333333311133333333333333333331111133333333333331333333333333333333333333333333333331111113333333
3333333333311113333333333333333331111133333333333333333333333333111111111113333333333331111333333333
3333333333311113333333333333333331111133333333333333333333333333111111111113333333333331111333333333
3333333333311113333333333333333331111133333333333333333333333333111111111113333333333331111333333333
3333333333311113333333333333333331111133333333333333333333333333111111111113333333333331111333333333
3333333333333333333333333333333331111133333333333333333333333333111111111113333333333333333333333333
3333333333333333333333333333333332111133333333333333333333333333111111111113333333333333333333333333
3333333333333333333333333333333333111113333333333333333333333333111111111113333333333333333333333333
3333333333333333333333333333333333211113333333333333333333333331111111111113333333333333333333333333
3333333333333333333333333333333333211113333333333333333333333331111111111113333333333333333333331113
1111111111333333333333333333333333211113333333333333333333333331111111111111133333333333333333331111
3333333111333333333333333333333333211113333333333313333333333331111111111111133333333333333333333333
3333333111333333333333333333333333111111111111111111111111111111111111111133333333333333333333333333
3333333333333333333333333333333333111133333333311111111111111111111111111333333333333333333333333333
3333333322333333333333333333333333111133333333311111111111111111111111111333333333333333333333333333
3333333322333333333333333333333333111133333333311111111111111111111111112333333333333333333333333333
3333333322333333333333333333333333111133333333311111111111111111111111112333333333333333333333333333
3333333322333333333333333333333333111233333333311111111111111111111111112333333333333333333333333333
3333333322333333333333333333333333111333333333311111111111111111111133333333333333333333333333333333
3333333322233333333333333331111111111333333333311111111111111111111133333333333333333333333333333333
3333333322233333333333333333333311111333333333311111111144411111111133333333333333331333333333333333
3333333322233333333133333333333311111333333333311111111144411111111133333333333333331333333333333333
3333333222233333333133333333333311111333333333311111111144411111111133333333333333331333333333333333
1111131222233333333133333333333311111111111111111111111111111111111133333333333333331111333333333331
1111133222233333333133333333333311111111111111111111111111133333321133333333333333331333333333333331
1111133333333333331133333333333311113333333333331111111111333333333133333333333334411443333333333331
1111111111111111111133333333333333333333333333333331111133333333333133333333333331133333333333333331
1111111111111111111133333333333333333333333333333331111133333333333133333333333331133333333333333331
1111111111111333333333333333333333333333333333333333111133333333333133333333333331133333333333333331
1111111111133333333333333333333333333333333333333333333333333333333133333333333311133333333333333331
3333331113333333333333333333333333333333333333333333333333333333333333333111111133333333333333333333
3333333333333333333333331133333333333333333333333333333333333333333333333111111133333333333333333333
3333333333333333333333331133333333333333333333333333333333333333333333333111111133333333333333333333
3333333333333333333333331133333333333333333333333333333333333333333333333111111133333333333333333333
3333333333333333333333331133333333333333333333333333333333333333333333333111111133333333333333333333
3333333333333333333333331133333333333333333333333333333333333333333333333111111133333333333333333333
3333333333333333333333333133333333333333333333333333333333333333333333333111111133333333333333333333
3333333333333333333333333333333333333333333333333333333333333333333333333111111133333333333333333333
3333333333333333333333333333333333333333333333333333333333333333333333333111111133333333333333333333
3333333333333333333333333333333333333343333333333333333111113333333333333311111113333333333333333333
3333333333333333333333333333331111333343333333333333333111111333333333333331111113333333333333333333
3411111113333333333333333333331111333333333333333333333331111333333333333334111113333333333333333333
3111111113333333333333333333331111111111133333333333333331111133333333333333333333333333333333333333
3111111133333333333333333333331111111111133333333333333331111133333333333333333333333333333333333333
3331111133333333333333333333331111111111133333333333333331111133333333333333333333333333333333333333
3331111133333333333333333331111111111111133333333333333331111133333333333333333333333333333333333333
3331111133333333333333333331111111111111133333333333333331111133333333333333333333333333333333333333
3331111133333333333333333331111111111111133333333333333331111133333333333333333333333333333333333333
3331111133333333333333333331111111111111133333333333333331111133333333333333333333333333333333333333
3331111133333333333323333111111111111111133333333333333331111133333333333333333333333333333333333333
3331111133333333333321111111111111111111133333333333333331111133333333333333333333333333333333333333
3331111133333333333222111111111111333333333333333333333331111111111111133333333333333333333333333333
3331111113333333333333311111111113333333333333333333333333333311111111133333333333333333333333333333
3331111111333333333333331111111123333333333333111113333333333313333333333333333333333333333333333333
3111111111333333333333331111333333333333333333311113333333333313333333333333333333333333333333333333
3333333333333333333333331111333333333333333333311113333333333313333333333333333133333333333311111113
3333333333333333333333331111333333333333333333311113333333333313333333333333333133333333333311111133
3333333333333333333333331111333333333333333333311113333333333313333333333333333133333333333311111133
3333333333333333333333331111333333333333333333311113333333333333333333333333333133333333333311111133
3333333333333333333333331444333333333333333333313333333333333333333333333333333133333333333111111133
3333333333133333333333331444333333333333333333313333333333333333333333333333333111111111111111111133
3333333333333333333333331444333333333333333333313333333333333333333333333333333111111111111111111133
3333333333333333333333331111333333333333333333313333333333333333333333333333333111111111111111111133
3333333333333333333333331111333333333333333333113333333333333333333333333333333111111111111111111133
3333333333333333333333311111333333333333331111113333333333333333333333333333333111111111111111111133
3333333333333333333311111111113333333333331111113333333333333333333333333333333111111111111111111133
3333333333333333333311111111111111333333331111113333333333333333333333331111111111111111111111333333
3331333333333333333311111111111111333333331111113333333333333333333333331111111111111111111113333333
3331333333333333333311111111111111333333331111111111333333333333333333331111111111111111111113333333
3331333333333333333311111111111111333333331111111111333333333333333333331111111111111111111113333333
3331333333333333333311222211111111111111111111111111333333333333333333331111111111111111111113333333
3331333333333333333111222211111111111111111111111111333333333333333333331111111111111111111113333333
3331333333333333331111222211111111111111111111111111111111113333333333331111111111111111111113333333
3331333333333333311111111111111111133333144411111111111111113333333333331111111111111111111111333333
3331111111111111111111111111111111133333344411111111111111111111111111133333333333311111111111113333
1111113333333333111111111111111111133333333333333331111111111111111111333333333333311113333333333333

3111133333333333333333311111111111333333333333333333311111111111111133333333333333333333333333333333
3111133333333333333333333333333333333333333333333333311111111111111133333333333333333333333333333333
3111133333333333333333333333333333333333333333333333311111111111111133333333333333333333333333333333
3111133333333333333333333333333333333333333333333333311111111111111133333333333333333333333333333333
3111133333333333333333333333333333333333333333333333311111111111111133333333333333333333333333333333
3111133333333333333333333333333333333333333333333333311111111111111133333333333333333333333333333333
3111133333333333333333333333333333333333333333333333311111111111111133333333333333333333333333333333
3111133333333333333333333333333333333333333333333333311111111111111133333333333333333333333333333333
3111133333333333333333333333333333333333333333333333311111111111111133333333333333333333333333333333
3111133333333333333333333333333333333333333333333333311111111111111113333333333333333333333333333333
3111111111133333333333333333333333333333333333333333311111111111111113333333333333333333333333333333
1111111111112333333333333333333333333333333333333333311111111111113333333333333333333333333333333333
1111111111111133333333333333333333333333333333333333111111113333333333333333333333333333333333333331
1111111111111333333333333333333333333333331111111111333333313333333333333333333333333333333333333311
1111111111111333333333333333333333333333331111111113333333333333333333333333333333333333333333333311
1111111111111333333333333333333333333333331133333313333333333333333333333333333333333333333333333311
3333333333311333333333333333333333333333331133333313333333333333333333333333333333333333333333333333
3333333333311333333333333333333333333333331133333333333333333333333333333333333333333333333333333333
3333333333311333333333333333333333333333331133333333333333333333333333333333333333333333333333333333
3333333333311333333333333333333333333333331133333333333333333333333333333333333333333313333333333333
3333333333311333333333333333333333333333331133333333333333333333333333333333333333333311111111133333
3333333333311333333333333333333333333333333333333333333333333333333333333333333333333333111133333333
3333333333311333333333333333333333333333333333333333333333333333333333333333333333333333111133333333
3333333333331333333333333333333333333333333333333333333333333333333333333333333333333333111133333333
3333333333331333333333333333333333111333333333333333333333333333333333333333333333333333113333333333
3333333333331333333333333333333333111333333333333333333333333333333333333333333333333333113333333333
3333333333331133333333333333333333111333333333333333333333333333311111111133333333333333113333333333
3333333333331133333333333333333333111333333333333333333333333333311111111133333333333333113333333333
3333333333333333333333333333333333111333333333333333333333333333311111111133333333333333333333333333
3333333333333333333333333333333333211333333333333333333333333333311111111133333333333333333333333333
3333333333333333333333333333333333311333333333333333333333333333311111111133333333333333333333333333
3333333333333333333333333333333333311333333333333333333333333333311111111133333333333333333333333333
3333333333333333333333333333333333321133333333333333333333333333311111111133333333333333333333333333
3333333333333333333333333333333333321133333333333333333333333333111111111133333333333333333333333333
3333333333333333333333333333333333321133333333333333333333333333111111111133333333333333333333333333
3333333313333333333333333333333333311133333333333333333333333333111111111333333333333333333333333333
3333333333333333333333333333333333311333333333333333333333333333111111113333333333333333333333333333
3333333333333333333333333333333333311333333333331111111111111111111111113333333333333333333333333333
3333333333333333333333333333333333311333333333331111111111111111111111113333333333333333333333333333
3333333333333333333333333333333333311333333333331111111111111111111111113333333333333333333333333333
3333333333333333333333333333333333312333333333331111111111111111111111123333333333333333333333333333
3333333333333333333333333333333333313333333333331111111111111111111333333333333333333333333333333333
3333333333333333333333333333333333313333333333331111111111111111111333333333333333333333333333333333
3333333332333333333333333333333333313333333333331111111111111111111333333333333333333333333333333333
3333333332333333333333333333333331113333333333331111111144411111111333333333333333333333333333333333
3333333332333333333333333333333331113333333333331111111144411111111333333333333333333333333333333333
3333333332333333333333333333333331113333333333331111111144411111111333333333333333333333333333333333
3333333322333333333333333333333331113333333333331111111111333333332333333333333333333333333333333333
1111333322333333333333333333333331133333333333333111111113333333333333333333333333333433333333333333
1111333322333333333333333333333333333333333333333333111333333333333333333333333333333333333333333333
1111333333333333333333333333333333333333333333333333111333333333333333333333333333333333333333333333
1111111111113333333333333333333333333333333333333333311333333333333333333333333333333333333333333333
1111111111333333333333333333333333333333333333333333333333333333333333333333333333333333333333333333
3333333133333333333333333333333333333333333333333333333333333333333333333333333333333333333333333333
3333333333333333333333333333333333333333333333333333333333333333333333333333333333333333333333333333
3333333333333333333333333333333333333333333333333333333333333333333333333311111333333333333333333333
3333333333333333333333333333333333333333333333333333333333333333333333333311111333333333333333333333
3333333333333333333333333333333333333333333333333333333333333333333333333311111333333333333333333333
3333333333333333333333333333333333333333333333333333333333333333333333333311111333333333333333333333
3333333333333333333333333333333333333333333333333333333333333333333333333311111333333333333333333333
3333333333333333333333333333333333333333333333333333333333333333333333333311111333333333333333333333
3333333333333333333333333333333333333333333333333333333333333333333333333311111333333333333333333333
3333333333333333333333333333333333333333333333333333333333333333333333333331111333333333333333333333
3333333333333333333333333333333333333333333333333333333333333333333333333333111333333333333333333333
3333333333333333333333333333333333333333333333333333333333133333333333333333411133333333333333333333
3333333333333333333333333333333113333333333333333333333333113333333333333333333333333333333333333333
3341111333333333333333333333333113333333333333333333333333113333333333333333333333333333333333333333
3333111333333333333333333333333111111111333333333333333333111333333333333333333333333333333333333333
3333111333333333333333333333333111111111333333333333333333111333333333333333333333333333333333333333
3333111333333333333333333333333111111111333333333333333333111333333333333333333333333333333333333333
3333111333333333333333333333111111111111333333333333333333111333333333333333333333333333333333333333
3333111333333333333333333333111111111111333333333333333333111333333333333333333333333333333333333333
3333111333333333333333333333111111111111333333333333333333111333333333333333333333333333333333333333
3333111333333333333333333333111111111111333333333333333333111333333333333333333333333333333333333333
3333111333333333333333333311111113333333333333333333333333111333333333333333333333333333333333333333
3333111333333333333333331111111133333333333333333333333333333333333333333333333333333333333333333333
3333111333333333333333333111111233333333333333333333333333333333333333333333333333333333333333333333
3333111133333333333333333113333333333333333333333333333333333333333333333333333333333333333333333333
3333333333333333333333333113333333333333333333331133333333333333333333333333333333333333333333333333
3333333333333333333333333113333333333333333333331133333333333333333333333333333333333333333333333333
3333333333333333333333333113333333333333333333331133333333333333333333333333333333333333333331111333
3333333333333333333333333113333333333333333333331133333333333333333333333333333333333333333331111333
3333333333333333333333333113333333333333333333333333333333333333333333333333333333333333333331111333
3333333333333333333333333443333333333333333333333333333333333333333333333333333333333333333331111333
3333333333333333333333333443333333333333333333333333333333333333333333333333333333333333333311111333
3333333333333333333333333443333333333333333333333333333333333333333333333333333311111111111111111333
3333333333333333333333333113333333333333333333333333333333333333333333333333333311111111111111111333
3333333333333333333333333113333333333333333333333333333333333333333333333333333311111111111111111333
3333333333333333333333333113333333333333333333333333333333333333333333333333333311111111111111111333
3333333333333333333333331113333333333333333111133333333333333333333333333333333311111111111113333333
3333333333333333333331111111133333333333333111133333333333333333333333333333333311111111111133333333
3333333333333333333331111111111113333333333111133333333333333333333333333111111111111111111133333333
3333333333333333333331111111111113333333333111133333333333333333333333333111111111111111111133333333
3333333333333333333331111111111113333333333111111113333333333333333333333111111111111111111133333333
3333333333333333333331222211111113333333333111111113333333333333333333333111111111111111111133333333
3333333333333333333331222211111111111111111111111113333333333333333333333111111111111111111133333333
3333333333333333333311222211111111333333311111111113333333333333333333333111111111111111111133333333
3333333333333333333111111111111111333333334441111111111111133333333333333333333333331111111133333333
3333333333333333331111111111111111333333333333333333111111133333333333333333333333331133333333333333
3333133333333333333333311111111111333333333333333333311111111111111133333333333333333333333333333333

3333333333333333333333333333333333333333333333333333331111111111111333333333333333333333333333333333
3311333333333333333333333333333333333333333333333333331111111111111333333333333333333333333333333333
3311333333333333333333333333333333333333333333333333331111111111111333333333333333333333333333333333
3311333333333333333333333333333333333333333333333333331111111111111333333333333333333333333333333333
3311333333333333333333333333333333333333333333333333331111111111111333333333333333333333333333333333
3311333333333333333333333333333333333333333333333333331111111111111333333333333333333333333333333333
3311333333333333333333333333333333333333333333333333331111111111111333333333333333333333333333333333
3311333333333333333333333333333333333333333333333333331111111111111333333333333333333333333333333333
3311333333333333333333333333333333333333333333333333331111111111111333333333333333333333333333333333
3311333333333333333333333333333333333333333333333333331111111111111333333333333333333333333333333333
3311333333333333333333333333333333333333333333333333331111111111133333333333333333333333333333333333
3311111111333333333333333333333333333333333333333333331111133333333333333333333333333333333333333333
3111111111123333333333333333333333333333333333333333333333333333333333333333333333333333333333333333
1111111111113333333333333333333333333333333333333333333333333333333333333333333333333333333333333333
1111111111113333333333333333333333333333333333333333333333333333333333333333333333333333333333333331
3333333333333333333333333333333333333333333333333333333333333333333333333333333333333333333333333333
3333333333333333333333333333333333333333333333333333333333333333333333333333333333333333333333333333
3333333333333333333333333333333333333333333333333333333333333333333333333333333333333333333333333333
3333333333333333333333333333333333333333333333333333333333333333333333333333333333333333333333333333
3333333333333333333333333333333333333333333333333333333333333333333333333333333333333333333333333333
3333333333333333333333333333333333333333333333333333333333333333333333333333333333333333333333333333
3333333333333333333333333333333333333333333333333333333333333333333333333333333333333333311333333333
3333333333333333333333333333333333333333333333333333333333333333333333333333333333333333311333333333
3333333333333333333333333333333333333333333333333333333333333333333333333333333333333333333333333333
3333333333333333333333333333333333333333333333333333333333333333333333333333333333333333333333333333
3333333333333333333333333333333333313333333333333333333333333333333333333333333333333333333333333333
3333333333333333333333333333333333313333333333333333333333333333333333333333333333333333333333333333
3333333333333333333333333333333333313333333333333333333333333333331111111333333333333333333333333333
3333333333333333333333333333333333323333333333333333333333333333331111111333333333333333333333333333
3333333333333333333333333333333333333333333333333333333333333333331111111333333333333333333333333333
3333333333333333333333333333333333333333333333333333333333333333331111111333333333333333333333333333
3333333333333333333333333333333333333333333333333333333333333333331111111333333333333333333333333333
3333333333333333333333333333333333333333333333333333333333333333331111111333333333333333333333333333
3333333333333333333333333333333333331333333333333333333333333333331111111333333333333333333333333333
3333333333333333333333333333333333331333333333333333333333333333311111113333333333333333333333333333
3333333333333333333333333333333333333333333333333333333333333333311111133333333333333333333333333333
3333333333333333333333333333333333333333333333333333333333333333311111133333333333333333333333333333
3333333333333333333333333333333333333333333333333333333333333333311111133333333333333333333333333333
3333333333333333333333333333333333333333333333333111111111111111111111133333333333333333333333333333
3333333333333333333333333333333333333333333333333111111111111111111111233333333333333333333333333333
3333333333333333333333333333333333333333333333333111111111111111113333333333333333333333333333333333
3333333333333333333333333333333333333333333333333111111111111111113333333333333333333333333333333333
3333333333333333333333333333333333333333333333333111111111111111113333333333333333333333333333333333
3333333333333333333333333333333333333333333333333111111111111111113333333333333333333333333333333333
3333333333333333333333333333333333333333333333333111111144411111113333333333333333333333333333333333
3333333333333333333333333333333333133333333333333111111144411111113333333333333333333333333333333333
3333333333333333333333333333333333133333333333333111111143333333333333333333333333333333333333333333
3333333333333333333333333333333333333333333333333311111133333333333333333333333333333333333333333333
3333333333333333333333333333333333333333333333333333313333333333333333333333333333333333333333333333
3113333333333333333333333333333333333333333333333333313333333333333333333333333333333333333333333333
3113333333333333333333333333333333333333333333333333333333333333333333333333333333333333333333333333
3113333333333333333333333333333333333333333333333333333333333333333333333333333333333333333333333333
3333333333333333333333333333333333333333333333333333333333333333333333333333333333333333333333333333
3333333333333333333333333333333333333333333333333333333333333333333333333333333333333333333333333333
3333333333333333333333333333333333333333333333333333333333333333333333333333333333333333333333333333
3333333333333333333333333333333333333333333333333333333333333333333333333333333333333333333333333333
3333333333333333333333333333333333333333333333333333333333333333333333333331113333333333333333333333
3333333333333333333333333333333333333333333333333333333333333333333333333331113333333333333333333333
3333333333333333333333333333333333333333333333333333333333333333333333333331113333333333333333333333
3333333333333333333333333333333333333333333333333333333333333333333333333331113333333333333333333333
3333333333333333333333333333333333333333333333333333333333333333333333333331113333333333333333333333
3333333333333333333333333333333333333333333333333333333333333333333333333333113333333333333333333333
3333333333333333333333333333333333333333333333333333333333333333333333333333313333333333333333333333
3333333333333333333333333333333333333333333333333333333333333333333333333333343333333333333333333333
3333333333333333333333333333333333333333333333333333333333333333333333333333333333333333333333333333
3333333333333333333333333333333333333333333333333333333333333333333333333333333333333333333333333333
3333333333333333333333333333333333333333333333333333333333333333333333333333333333333333333333333333
3333313333333333333333333333333333333333333333333333333333333333333333333333333333333333333333333333
3333313333333333333333333333333311111113333333333333333333313333333333333333333333333333333333333333
3333313333333333333333333333333311111113333333333333333333313333333333333333333333333333333333333333
3333313333333333333333333333333311111113333333333333333333313333333333333333333333333333333333333333
3333313333333333333333333333311111111113333333333333333333313333333333333333333333333333333333333333
3333313333333333333333333333311111111113333333333333333333313333333333333333333333333333333333333333
3333313333333333333333333333311133333333333333333333333333313333333333333333333333333333333333333333
3333313333333333333333333333311333333333333333333333333333333333333333333333333333333333333333333333
3333313333333333333333333331112333333333333333333333333333333333333333333333333333333333333333333333
3333313333333333333333333333333333333333333333333333333333333333333333333333333333333333333333333333
3333333333333333333333333333333333333333333333333333333333333333333333333333333333333333333333333333
3333333333333333333333333333333333333333333333333333333333333333333333333333333333333333333333333333
3333333333333333333333333333333333333333333333333333333333333333333333333333333333333333333333333333
3333333333333333333333333333333333333333333333333333333333333333333333333333333333333333333333333333
3333333333333333333333333333333333333333333333333333333333333333333333333333333333333333333333113333
3333333333333333333333333333333333333333333333333333333333333333333333333333333333333333333333113333
3333333333333333333333333333333333333333333333333333333333333333333333333333333333333333333333113333
3333333333333333333333333333333333333333333333333333333333333333333333333333333333333333333333113333
3333333333333333333333333333333333333333333333333333333333333333333333333333333333333333333331113333
3333333333333333333333333333333333333333333333333333333333333333333333333333333331111111111111113333
3333333333333333333333333333333333333333333333333333333333333333333333333333333331111111111111113333
3333333333333333333333333333333333333333333333333333333333333333333333333333333331111111111133333333
3333333333333333333333333333333333333333333333333333333333333333333333333333333331111111111333333333
3333333333333333333333333133333333333333333311333333333333333333333333333333333331111111111333333333
3333333333333333333333111111333333333333333311333333333333333333333333333333333331111111111333333333
3333333333333333333333111111111133333333333311333333333333333333333333333311111111111111111333333333
3333333333333333333333222111111133333333333311333333333333333333333333333311111111111111111333333333
3333333333333333333333222211111133333333333311111133333333333333333333333311111111111111111333333333
3333333333333333333333222211111133333333333111111133333333333333333333333311111111111111111333333333
3333333333333333333333222211111113333333333111111133333333333333333333333333333333333111111333333333
3333333333333333333331111111111113333333333333333333333333333333333333333333333333333333333333333333
3333333333333333333333311111111113333333333333333333331111333333333333333333333333333333333333333333
3333333333333333333333331111111113333333333333333333331111333333333333333333333333333333333333333333

